[ 2015-08-17T12:30:04+08:00 ] 127.0.0.1 /index.php/uinfo/GetQuery
INFO: [ app_init ] --START--
INFO: Run Behavior\BuildLiteBehavior [ RunTime:0.000037s ]
INFO: [ app_init ] --END-- [ RunTime:0.001012s ]
INFO: [ app_begin ] --START--
INFO: Run Behavior\ReadHtmlCacheBehavior [ RunTime:0.001273s ]
INFO: [ app_begin ] --END-- [ RunTime:0.001432s ]

[ 2015-08-17T12:30:04+08:00 ] 127.0.0.1 /favicon.ico
INFO: [ app_init ] --START--
INFO: Run Behavior\BuildLiteBehavior [ RunTime:0.000017s ]
INFO: [ app_init ] --END-- [ RunTime:0.000299s ]

[ 2015-08-17T12:30:04+08:00 ] 127.0.0.1 /favicon.ico
INFO: [ app_init ] --START--
INFO: Run Behavior\BuildLiteBehavior [ RunTime:0.000016s ]
INFO: [ app_init ] --END-- [ RunTime:0.000282s ]

[ 2015-08-17T12:30:08+08:00 ] 127.0.0.1 /index.php/uinfo/GetQuery?uid=2
INFO: [ app_init ] --START--
INFO: Run Behavior\BuildLiteBehavior [ RunTime:0.000016s ]
INFO: [ app_init ] --END-- [ RunTime:0.000290s ]
INFO: [ app_begin ] --START--
INFO: Run Behavior\ReadHtmlCacheBehavior [ RunTime:0.000397s ]
INFO: [ app_begin ] --END-- [ RunTime:0.000469s ]
NOTIC: [2048] Non-static method Home\models\Muser::GetQuery() should not be called statically, assuming $this from incompatible context D:\wamp1\www\tp\Application\Home\Controller\UinfoController.class.php 第 301 行.
SQL: SHOW COLUMNS FROM `query` [ RunTime:0.0027s ]
SQL: SELECT query.query,answer.answer FROM `query` right JOIN answer on query.id=answer.qid  WHERE ( query.uid=0 ) ORDER BY rand() LIMIT 1   [ RunTime:0.0571s ]

[ 2015-08-17T12:31:12+08:00 ] 127.0.0.1 /index.php/uinfo/GetQuery?uid=2
INFO: [ app_init ] --START--
INFO: Run Behavior\BuildLiteBehavior [ RunTime:0.000030s ]
INFO: [ app_init ] --END-- [ RunTime:0.000552s ]
INFO: [ app_begin ] --START--
INFO: Run Behavior\ReadHtmlCacheBehavior [ RunTime:0.000950s ]
INFO: [ app_begin ] --END-- [ RunTime:0.001077s ]
NOTIC: [2048] Non-static method Home\models\Muser::GetQuery() should not be called statically, assuming $this from incompatible context D:\wamp1\www\tp\Application\Home\Controller\UinfoController.class.php 第 301 行.
SQL: SHOW COLUMNS FROM `query` [ RunTime:0.0047s ]
SQL: SELECT query.query,answer.answer FROM `query` right JOIN answer on query.id=answer.qid  WHERE ( query.uid=0 ) ORDER BY rand() LIMIT 1   [ RunTime:0.0006s ]

[ 2015-08-17T12:32:10+08:00 ] 127.0.0.1 /index.php/uinfo/GetQuery?uid=2
INFO: [ app_init ] --START--
INFO: Run Behavior\BuildLiteBehavior [ RunTime:0.000041s ]
INFO: [ app_init ] --END-- [ RunTime:0.000873s ]
INFO: [ app_begin ] --START--
INFO: Run Behavior\ReadHtmlCacheBehavior [ RunTime:0.001208s ]
INFO: [ app_begin ] --END-- [ RunTime:0.001413s ]
NOTIC: [2048] Non-static method Home\models\Muser::GetQuery() should not be called statically, assuming $this from incompatible context D:\wamp1\www\tp\Application\Home\Controller\UinfoController.class.php 第 301 行.
SQL: SHOW COLUMNS FROM `query` [ RunTime:0.0039s ]
SQL: SELECT query.query,answer.answer FROM `query` right JOIN answer on query.id=answer.qid  WHERE ( query.uid=0 ) ORDER BY rand() LIMIT 1   [ RunTime:0.0005s ]

[ 2015-08-17T12:32:11+08:00 ] 127.0.0.1 /index.php/uinfo/GetQuery?uid=2
INFO: [ app_init ] --START--
INFO: Run Behavior\BuildLiteBehavior [ RunTime:0.000063s ]
INFO: [ app_init ] --END-- [ RunTime:0.001172s ]
INFO: [ app_begin ] --START--
INFO: Run Behavior\ReadHtmlCacheBehavior [ RunTime:0.001705s ]
INFO: [ app_begin ] --END-- [ RunTime:0.001981s ]
NOTIC: [2048] Non-static method Home\models\Muser::GetQuery() should not be called statically, assuming $this from incompatible context D:\wamp1\www\tp\Application\Home\Controller\UinfoController.class.php 第 301 行.
SQL: SHOW COLUMNS FROM `query` [ RunTime:0.0057s ]
SQL: SELECT query.query,answer.answer FROM `query` right JOIN answer on query.id=answer.qid  WHERE ( query.uid=0 ) ORDER BY rand() LIMIT 1   [ RunTime:0.0007s ]

[ 2015-08-17T12:32:11+08:00 ] 127.0.0.1 /index.php/uinfo/GetQuery?uid=2
INFO: [ app_init ] --START--
INFO: Run Behavior\BuildLiteBehavior [ RunTime:0.000044s ]
INFO: [ app_init ] --END-- [ RunTime:0.000638s ]
INFO: [ app_begin ] --START--
INFO: Run Behavior\ReadHtmlCacheBehavior [ RunTime:0.000840s ]
INFO: [ app_begin ] --END-- [ RunTime:0.000978s ]
NOTIC: [2048] Non-static method Home\models\Muser::GetQuery() should not be called statically, assuming $this from incompatible context D:\wamp1\www\tp\Application\Home\Controller\UinfoController.class.php 第 301 行.
SQL: SHOW COLUMNS FROM `query` [ RunTime:0.0028s ]
SQL: SELECT query.query,answer.answer FROM `query` right JOIN answer on query.id=answer.qid  WHERE ( query.uid=0 ) ORDER BY rand() LIMIT 1   [ RunTime:0.0003s ]

[ 2015-08-17T12:32:12+08:00 ] 127.0.0.1 /index.php/uinfo/GetQuery?uid=2
INFO: [ app_init ] --START--
INFO: Run Behavior\BuildLiteBehavior [ RunTime:0.000061s ]
INFO: [ app_init ] --END-- [ RunTime:0.001206s ]
INFO: [ app_begin ] --START--
INFO: Run Behavior\ReadHtmlCacheBehavior [ RunTime:0.001565s ]
INFO: [ app_begin ] --END-- [ RunTime:0.001748s ]
NOTIC: [2048] Non-static method Home\models\Muser::GetQuery() should not be called statically, assuming $this from incompatible context D:\wamp1\www\tp\Application\Home\Controller\UinfoController.class.php 第 301 行.
SQL: SHOW COLUMNS FROM `query` [ RunTime:0.0054s ]
SQL: SELECT query.query,answer.answer FROM `query` right JOIN answer on query.id=answer.qid  WHERE ( query.uid=0 ) ORDER BY rand() LIMIT 1   [ RunTime:0.0005s ]

[ 2015-08-17T12:32:12+08:00 ] 127.0.0.1 /index.php/uinfo/GetQuery?uid=2
INFO: [ app_init ] --START--
INFO: Run Behavior\BuildLiteBehavior [ RunTime:0.000015s ]
INFO: [ app_init ] --END-- [ RunTime:0.000311s ]
INFO: [ app_begin ] --START--
INFO: Run Behavior\ReadHtmlCacheBehavior [ RunTime:0.000381s ]
INFO: [ app_begin ] --END-- [ RunTime:0.000447s ]
NOTIC: [2048] Non-static method Home\models\Muser::GetQuery() should not be called statically, assuming $this from incompatible context D:\wamp1\www\tp\Application\Home\Controller\UinfoController.class.php 第 301 行.
SQL: SHOW COLUMNS FROM `query` [ RunTime:0.0029s ]
SQL: SELECT query.query,answer.answer FROM `query` right JOIN answer on query.id=answer.qid  WHERE ( query.uid=0 ) ORDER BY rand() LIMIT 1   [ RunTime:0.0003s ]

[ 2015-08-17T12:32:12+08:00 ] 127.0.0.1 /index.php/uinfo/GetQuery?uid=2
INFO: [ app_init ] --START--
INFO: Run Behavior\BuildLiteBehavior [ RunTime:0.000017s ]
INFO: [ app_init ] --END-- [ RunTime:0.000409s ]
INFO: [ app_begin ] --START--
INFO: Run Behavior\ReadHtmlCacheBehavior [ RunTime:0.000412s ]
INFO: [ app_begin ] --END-- [ RunTime:0.000480s ]
NOTIC: [2048] Non-static method Home\models\Muser::GetQuery() should not be called statically, assuming $this from incompatible context D:\wamp1\www\tp\Application\Home\Controller\UinfoController.class.php 第 301 行.
SQL: SHOW COLUMNS FROM `query` [ RunTime:0.0026s ]
SQL: SELECT query.query,answer.answer FROM `query` right JOIN answer on query.id=answer.qid  WHERE ( query.uid=0 ) ORDER BY rand() LIMIT 1   [ RunTime:0.0003s ]

[ 2015-08-17T12:32:12+08:00 ] 127.0.0.1 /index.php/uinfo/GetQuery?uid=2
INFO: [ app_init ] --START--
INFO: Run Behavior\BuildLiteBehavior [ RunTime:0.000056s ]
INFO: [ app_init ] --END-- [ RunTime:0.000971s ]
INFO: [ app_begin ] --START--
INFO: Run Behavior\ReadHtmlCacheBehavior [ RunTime:0.001330s ]
INFO: [ app_begin ] --END-- [ RunTime:0.001547s ]
NOTIC: [2048] Non-static method Home\models\Muser::GetQuery() should not be called statically, assuming $this from incompatible context D:\wamp1\www\tp\Application\Home\Controller\UinfoController.class.php 第 301 行.
SQL: SHOW COLUMNS FROM `query` [ RunTime:0.0049s ]
SQL: SELECT query.query,answer.answer FROM `query` right JOIN answer on query.id=answer.qid  WHERE ( query.uid=0 ) ORDER BY rand() LIMIT 1   [ RunTime:0.0006s ]

[ 2015-08-17T12:32:12+08:00 ] 127.0.0.1 /index.php/uinfo/GetQuery?uid=2
INFO: [ app_init ] --START--
INFO: Run Behavior\BuildLiteBehavior [ RunTime:0.000031s ]
INFO: [ app_init ] --END-- [ RunTime:0.000539s ]
INFO: [ app_begin ] --START--
INFO: Run Behavior\ReadHtmlCacheBehavior [ RunTime:0.000740s ]
INFO: [ app_begin ] --END-- [ RunTime:0.000882s ]
NOTIC: [2048] Non-static method Home\models\Muser::GetQuery() should not be called statically, assuming $this from incompatible context D:\wamp1\www\tp\Application\Home\Controller\UinfoController.class.php 第 301 行.
SQL: SHOW COLUMNS FROM `query` [ RunTime:0.0027s ]
SQL: SELECT query.query,answer.answer FROM `query` right JOIN answer on query.id=answer.qid  WHERE ( query.uid=0 ) ORDER BY rand() LIMIT 1   [ RunTime:0.0003s ]

[ 2015-08-17T12:32:12+08:00 ] 127.0.0.1 /index.php/uinfo/GetQuery?uid=2
INFO: [ app_init ] --START--
INFO: Run Behavior\BuildLiteBehavior [ RunTime:0.000017s ]
INFO: [ app_init ] --END-- [ RunTime:0.000409s ]
INFO: [ app_begin ] --START--
INFO: Run Behavior\ReadHtmlCacheBehavior [ RunTime:0.000857s ]
INFO: [ app_begin ] --END-- [ RunTime:0.000998s ]
NOTIC: [2048] Non-static method Home\models\Muser::GetQuery() should not be called statically, assuming $this from incompatible context D:\wamp1\www\tp\Application\Home\Controller\UinfoController.class.php 第 301 行.
SQL: SHOW COLUMNS FROM `query` [ RunTime:0.0052s ]
SQL: SELECT query.query,answer.answer FROM `query` right JOIN answer on query.id=answer.qid  WHERE ( query.uid=0 ) ORDER BY rand() LIMIT 1   [ RunTime:0.0007s ]

[ 2015-08-17T12:32:13+08:00 ] 127.0.0.1 /index.php/uinfo/GetQuery?uid=2
INFO: [ app_init ] --START--
INFO: Run Behavior\BuildLiteBehavior [ RunTime:0.000021s ]
INFO: [ app_init ] --END-- [ RunTime:0.000371s ]
INFO: [ app_begin ] --START--
INFO: Run Behavior\ReadHtmlCacheBehavior [ RunTime:0.000527s ]
INFO: [ app_begin ] --END-- [ RunTime:0.000619s ]
NOTIC: [2048] Non-static method Home\models\Muser::GetQuery() should not be called statically, assuming $this from incompatible context D:\wamp1\www\tp\Application\Home\Controller\UinfoController.class.php 第 301 行.
SQL: SHOW COLUMNS FROM `query` [ RunTime:0.0035s ]
SQL: SELECT query.query,answer.answer FROM `query` right JOIN answer on query.id=answer.qid  WHERE ( query.uid=0 ) ORDER BY rand() LIMIT 1   [ RunTime:0.0004s ]

[ 2015-08-17T12:32:13+08:00 ] 127.0.0.1 /index.php/uinfo/GetQuery?uid=2
INFO: [ app_init ] --START--
INFO: Run Behavior\BuildLiteBehavior [ RunTime:0.000021s ]
INFO: [ app_init ] --END-- [ RunTime:0.000369s ]
INFO: [ app_begin ] --START--
INFO: Run Behavior\ReadHtmlCacheBehavior [ RunTime:0.000548s ]
INFO: [ app_begin ] --END-- [ RunTime:0.000633s ]
NOTIC: [2048] Non-static method Home\models\Muser::GetQuery() should not be called statically, assuming $this from incompatible context D:\wamp1\www\tp\Application\Home\Controller\UinfoController.class.php 第 301 行.
SQL: SHOW COLUMNS FROM `query` [ RunTime:0.0033s ]
SQL: SELECT query.query,answer.answer FROM `query` right JOIN answer on query.id=answer.qid  WHERE ( query.uid=0 ) ORDER BY rand() LIMIT 1   [ RunTime:0.0004s ]

[ 2015-08-17T12:32:13+08:00 ] 127.0.0.1 /index.php/uinfo/GetQuery?uid=2
INFO: [ app_init ] --START--
INFO: Run Behavior\BuildLiteBehavior [ RunTime:0.000017s ]
INFO: [ app_init ] --END-- [ RunTime:0.000534s ]
INFO: [ app_begin ] --START--
INFO: Run Behavior\ReadHtmlCacheBehavior [ RunTime:0.000392s ]
INFO: [ app_begin ] --END-- [ RunTime:0.000455s ]
NOTIC: [2048] Non-static method Home\models\Muser::GetQuery() should not be called statically, assuming $this from incompatible context D:\wamp1\www\tp\Application\Home\Controller\UinfoController.class.php 第 301 行.
SQL: SHOW COLUMNS FROM `query` [ RunTime:0.0029s ]
SQL: SELECT query.query,answer.answer FROM `query` right JOIN answer on query.id=answer.qid  WHERE ( query.uid=0 ) ORDER BY rand() LIMIT 1   [ RunTime:0.0003s ]

[ 2015-08-17T12:32:13+08:00 ] 127.0.0.1 /index.php/uinfo/GetQuery?uid=2
INFO: [ app_init ] --START--
INFO: Run Behavior\BuildLiteBehavior [ RunTime:0.000015s ]
INFO: [ app_init ] --END-- [ RunTime:0.000267s ]
INFO: [ app_begin ] --START--
INFO: Run Behavior\ReadHtmlCacheBehavior [ RunTime:0.000370s ]
INFO: [ app_begin ] --END-- [ RunTime:0.000432s ]
NOTIC: [2048] Non-static method Home\models\Muser::GetQuery() should not be called statically, assuming $this from incompatible context D:\wamp1\www\tp\Application\Home\Controller\UinfoController.class.php 第 301 行.
SQL: SHOW COLUMNS FROM `query` [ RunTime:0.0029s ]
SQL: SELECT query.query,answer.answer FROM `query` right JOIN answer on query.id=answer.qid  WHERE ( query.uid=0 ) ORDER BY rand() LIMIT 1   [ RunTime:0.0003s ]

[ 2015-08-17T12:32:14+08:00 ] 127.0.0.1 /index.php/uinfo/GetQuery?uid=2
INFO: [ app_init ] --START--
INFO: Run Behavior\BuildLiteBehavior [ RunTime:0.000017s ]
INFO: [ app_init ] --END-- [ RunTime:0.000318s ]
INFO: [ app_begin ] --START--
INFO: Run Behavior\ReadHtmlCacheBehavior [ RunTime:0.000378s ]
INFO: [ app_begin ] --END-- [ RunTime:0.000441s ]
NOTIC: [2048] Non-static method Home\models\Muser::GetQuery() should not be called statically, assuming $this from incompatible context D:\wamp1\www\tp\Application\Home\Controller\UinfoController.class.php 第 301 行.
SQL: SHOW COLUMNS FROM `query` [ RunTime:0.0028s ]
SQL: SELECT query.query,answer.answer FROM `query` right JOIN answer on query.id=answer.qid  WHERE ( query.uid=0 ) ORDER BY rand() LIMIT 1   [ RunTime:0.0004s ]

[ 2015-08-17T12:32:14+08:00 ] 127.0.0.1 /index.php/uinfo/GetQuery?uid=2
INFO: [ app_init ] --START--
INFO: Run Behavior\BuildLiteBehavior [ RunTime:0.000017s ]
INFO: [ app_init ] --END-- [ RunTime:0.000283s ]
INFO: [ app_begin ] --START--
INFO: Run Behavior\ReadHtmlCacheBehavior [ RunTime:0.000427s ]
INFO: [ app_begin ] --END-- [ RunTime:0.000491s ]
NOTIC: [2048] Non-static method Home\models\Muser::GetQuery() should not be called statically, assuming $this from incompatible context D:\wamp1\www\tp\Application\Home\Controller\UinfoController.class.php 第 301 行.
SQL: SHOW COLUMNS FROM `query` [ RunTime:0.0027s ]
SQL: SELECT query.query,answer.answer FROM `query` right JOIN answer on query.id=answer.qid  WHERE ( query.uid=0 ) ORDER BY rand() LIMIT 1   [ RunTime:0.0003s ]

[ 2015-08-17T12:32:14+08:00 ] 127.0.0.1 /index.php/uinfo/GetQuery?uid=2
INFO: [ app_init ] --START--
INFO: Run Behavior\BuildLiteBehavior [ RunTime:0.000017s ]
INFO: [ app_init ] --END-- [ RunTime:0.000322s ]
INFO: [ app_begin ] --START--
INFO: Run Behavior\ReadHtmlCacheBehavior [ RunTime:0.000492s ]
INFO: [ app_begin ] --END-- [ RunTime:0.000561s ]
NOTIC: [2048] Non-static method Home\models\Muser::GetQuery() should not be called statically, assuming $this from incompatible context D:\wamp1\www\tp\Application\Home\Controller\UinfoController.class.php 第 301 行.
SQL: SHOW COLUMNS FROM `query` [ RunTime:0.0027s ]
SQL: SELECT query.query,answer.answer FROM `query` right JOIN answer on query.id=answer.qid  WHERE ( query.uid=0 ) ORDER BY rand() LIMIT 1   [ RunTime:0.0003s ]

[ 2015-08-17T12:32:14+08:00 ] 127.0.0.1 /index.php/uinfo/GetQuery?uid=2
INFO: [ app_init ] --START--
INFO: Run Behavior\BuildLiteBehavior [ RunTime:0.000016s ]
INFO: [ app_init ] --END-- [ RunTime:0.000312s ]
INFO: [ app_begin ] --START--
INFO: Run Behavior\ReadHtmlCacheBehavior [ RunTime:0.000415s ]
INFO: [ app_begin ] --END-- [ RunTime:0.000479s ]
NOTIC: [2048] Non-static method Home\models\Muser::GetQuery() should not be called statically, assuming $this from incompatible context D:\wamp1\www\tp\Application\Home\Controller\UinfoController.class.php 第 301 行.
SQL: SHOW COLUMNS FROM `query` [ RunTime:0.0027s ]
SQL: SELECT query.query,answer.answer FROM `query` right JOIN answer on query.id=answer.qid  WHERE ( query.uid=0 ) ORDER BY rand() LIMIT 1   [ RunTime:0.0003s ]

[ 2015-08-17T12:32:34+08:00 ] 127.0.0.1 /index.php/uinfo/GetQuery?uid=2
INFO: [ app_init ] --START--
INFO: Run Behavior\BuildLiteBehavior [ RunTime:0.000024s ]
INFO: [ app_init ] --END-- [ RunTime:0.000421s ]
INFO: [ app_begin ] --START--
INFO: Run Behavior\ReadHtmlCacheBehavior [ RunTime:0.000622s ]
INFO: [ app_begin ] --END-- [ RunTime:0.000724s ]
NOTIC: [2048] Non-static method Home\models\Muser::GetQuery() should not be called statically, assuming $this from incompatible context D:\wamp1\www\tp\Application\Home\Controller\UinfoController.class.php 第 301 行.
SQL: SHOW COLUMNS FROM `query` [ RunTime:0.0035s ]
SQL: SELECT query.query,answer.answer FROM `query` right JOIN answer on query.id=answer.qid  WHERE ( query.uid=0 ) ORDER BY rand()  [ RunTime:0.0004s ]

[ 2015-08-17T12:32:59+08:00 ] 127.0.0.1 /index.php/uinfo/GetQuery?uid=2
INFO: [ app_init ] --START--
INFO: Run Behavior\BuildLiteBehavior [ RunTime:0.000035s ]
INFO: [ app_init ] --END-- [ RunTime:0.000796s ]
INFO: [ app_begin ] --START--
INFO: Run Behavior\ReadHtmlCacheBehavior [ RunTime:0.001001s ]
INFO: [ app_begin ] --END-- [ RunTime:0.001200s ]
NOTIC: [2048] Non-static method Home\models\Muser::GetQuery() should not be called statically, assuming $this from incompatible context D:\wamp1\www\tp\Application\Home\Controller\UinfoController.class.php 第 301 行.
SQL: SHOW COLUMNS FROM `query` [ RunTime:0.0040s ]
SQL: SELECT query.query,answer.answer FROM `query` right JOIN answer on query.id=answer.qid  WHERE ( query.uid=0 ) ORDER BY rand()  [ RunTime:0.0005s ]

[ 2015-08-17T12:33:00+08:00 ] 127.0.0.1 /index.php/uinfo/GetQuery?uid=2
INFO: [ app_init ] --START--
INFO: Run Behavior\BuildLiteBehavior [ RunTime:0.000041s ]
INFO: [ app_init ] --END-- [ RunTime:0.000721s ]
INFO: [ app_begin ] --START--
INFO: Run Behavior\ReadHtmlCacheBehavior [ RunTime:0.000981s ]
INFO: [ app_begin ] --END-- [ RunTime:0.001143s ]
NOTIC: [2048] Non-static method Home\models\Muser::GetQuery() should not be called statically, assuming $this from incompatible context D:\wamp1\www\tp\Application\Home\Controller\UinfoController.class.php 第 301 行.
SQL: SHOW COLUMNS FROM `query` [ RunTime:0.0065s ]
SQL: SELECT query.query,answer.answer FROM `query` right JOIN answer on query.id=answer.qid  WHERE ( query.uid=0 ) ORDER BY rand()  [ RunTime:0.0007s ]

[ 2015-08-17T12:33:00+08:00 ] 127.0.0.1 /index.php/uinfo/GetQuery?uid=2
INFO: [ app_init ] --START--
INFO: Run Behavior\BuildLiteBehavior [ RunTime:0.000031s ]
INFO: [ app_init ] --END-- [ RunTime:0.000535s ]
INFO: [ app_begin ] --START--
INFO: Run Behavior\ReadHtmlCacheBehavior [ RunTime:0.000735s ]
INFO: [ app_begin ] --END-- [ RunTime:0.000860s ]
NOTIC: [2048] Non-static method Home\models\Muser::GetQuery() should not be called statically, assuming $this from incompatible context D:\wamp1\www\tp\Application\Home\Controller\UinfoController.class.php 第 301 行.
SQL: SHOW COLUMNS FROM `query` [ RunTime:0.0043s ]
SQL: SELECT query.query,answer.answer FROM `query` right JOIN answer on query.id=answer.qid  WHERE ( query.uid=0 ) ORDER BY rand()  [ RunTime:0.0005s ]

[ 2015-08-17T12:33:01+08:00 ] 127.0.0.1 /index.php/uinfo/GetQuery?uid=2
INFO: [ app_init ] --START--
INFO: Run Behavior\BuildLiteBehavior [ RunTime:0.000036s ]
INFO: [ app_init ] --END-- [ RunTime:0.000621s ]
INFO: [ app_begin ] --START--
INFO: Run Behavior\ReadHtmlCacheBehavior [ RunTime:0.000856s ]
INFO: [ app_begin ] --END-- [ RunTime:0.000994s ]
NOTIC: [2048] Non-static method Home\models\Muser::GetQuery() should not be called statically, assuming $this from incompatible context D:\wamp1\www\tp\Application\Home\Controller\UinfoController.class.php 第 301 行.
SQL: SHOW COLUMNS FROM `query` [ RunTime:0.0026s ]
SQL: SELECT query.query,answer.answer FROM `query` right JOIN answer on query.id=answer.qid  WHERE ( query.uid=0 ) ORDER BY rand()  [ RunTime:0.0003s ]

[ 2015-08-17T12:33:01+08:00 ] 127.0.0.1 /index.php/uinfo/GetQuery?uid=2
INFO: [ app_init ] --START--
INFO: Run Behavior\BuildLiteBehavior [ RunTime:0.000024s ]
INFO: [ app_init ] --END-- [ RunTime:0.000406s ]
INFO: [ app_begin ] --START--
INFO: Run Behavior\ReadHtmlCacheBehavior [ RunTime:0.000521s ]
INFO: [ app_begin ] --END-- [ RunTime:0.000615s ]
NOTIC: [2048] Non-static method Home\models\Muser::GetQuery() should not be called statically, assuming $this from incompatible context D:\wamp1\www\tp\Application\Home\Controller\UinfoController.class.php 第 301 行.
SQL: SHOW COLUMNS FROM `query` [ RunTime:0.0025s ]
SQL: SELECT query.query,answer.answer FROM `query` right JOIN answer on query.id=answer.qid  WHERE ( query.uid=0 ) ORDER BY rand()  [ RunTime:0.0003s ]

[ 2015-08-17T12:33:02+08:00 ] 127.0.0.1 /index.php/uinfo/GetQuery?uid=2
INFO: [ app_init ] --START--
INFO: Run Behavior\BuildLiteBehavior [ RunTime:0.000034s ]
INFO: [ app_init ] --END-- [ RunTime:0.000626s ]
INFO: [ app_begin ] --START--
INFO: Run Behavior\ReadHtmlCacheBehavior [ RunTime:0.000928s ]
INFO: [ app_begin ] --END-- [ RunTime:0.001071s ]
NOTIC: [2048] Non-static method Home\models\Muser::GetQuery() should not be called statically, assuming $this from incompatible context D:\wamp1\www\tp\Application\Home\Controller\UinfoController.class.php 第 301 行.
SQL: SHOW COLUMNS FROM `query` [ RunTime:0.0032s ]
SQL: SELECT query.query,answer.answer FROM `query` right JOIN answer on query.id=answer.qid  WHERE ( query.uid=0 ) ORDER BY rand()  [ RunTime:0.0004s ]

[ 2015-08-17T12:33:02+08:00 ] 127.0.0.1 /index.php/uinfo/GetQuery?uid=2
INFO: [ app_init ] --START--
INFO: Run Behavior\BuildLiteBehavior [ RunTime:0.000021s ]
INFO: [ app_init ] --END-- [ RunTime:0.000370s ]
INFO: [ app_begin ] --START--
INFO: Run Behavior\ReadHtmlCacheBehavior [ RunTime:0.000513s ]
INFO: [ app_begin ] --END-- [ RunTime:0.000597s ]
NOTIC: [2048] Non-static method Home\models\Muser::GetQuery() should not be called statically, assuming $this from incompatible context D:\wamp1\www\tp\Application\Home\Controller\UinfoController.class.php 第 301 行.
SQL: SHOW COLUMNS FROM `query` [ RunTime:0.0030s ]
SQL: SELECT query.query,answer.answer FROM `query` right JOIN answer on query.id=answer.qid  WHERE ( query.uid=0 ) ORDER BY rand()  [ RunTime:0.0004s ]

[ 2015-08-17T12:33:03+08:00 ] 127.0.0.1 /index.php/uinfo/GetQuery?uid=2
INFO: [ app_init ] --START--
INFO: Run Behavior\BuildLiteBehavior [ RunTime:0.000019s ]
INFO: [ app_init ] --END-- [ RunTime:0.000314s ]
INFO: [ app_begin ] --START--
INFO: Run Behavior\ReadHtmlCacheBehavior [ RunTime:0.000424s ]
INFO: [ app_begin ] --END-- [ RunTime:0.000490s ]
NOTIC: [2048] Non-static method Home\models\Muser::GetQuery() should not be called statically, assuming $this from incompatible context D:\wamp1\www\tp\Application\Home\Controller\UinfoController.class.php 第 301 行.
SQL: SHOW COLUMNS FROM `query` [ RunTime:0.0028s ]
SQL: SELECT query.query,answer.answer FROM `query` right JOIN answer on query.id=answer.qid  WHERE ( query.uid=0 ) ORDER BY rand()  [ RunTime:0.0003s ]

[ 2015-08-17T12:33:12+08:00 ] 127.0.0.1 /index.php/uinfo/GetQuery?uid=2
INFO: [ app_init ] --START--
INFO: Run Behavior\BuildLiteBehavior [ RunTime:0.000040s ]
INFO: [ app_init ] --END-- [ RunTime:0.000719s ]
INFO: [ app_begin ] --START--
INFO: Run Behavior\ReadHtmlCacheBehavior [ RunTime:0.001061s ]
INFO: [ app_begin ] --END-- [ RunTime:0.001221s ]
NOTIC: [2048] Non-static method Home\models\Muser::GetQuery() should not be called statically, assuming $this from incompatible context D:\wamp1\www\tp\Application\Home\Controller\UinfoController.class.php 第 301 行.
SQL: SHOW COLUMNS FROM `query` [ RunTime:0.0032s ]
SQL: SELECT query.query,answer.answer FROM `query` left JOIN answer on query.id=answer.qid  WHERE ( query.uid=0 ) ORDER BY rand()  [ RunTime:0.0004s ]

[ 2015-08-17T12:33:13+08:00 ] 127.0.0.1 /index.php/uinfo/GetQuery?uid=2
INFO: [ app_init ] --START--
INFO: Run Behavior\BuildLiteBehavior [ RunTime:0.000017s ]
INFO: [ app_init ] --END-- [ RunTime:0.000327s ]
INFO: [ app_begin ] --START--
INFO: Run Behavior\ReadHtmlCacheBehavior [ RunTime:0.000414s ]
INFO: [ app_begin ] --END-- [ RunTime:0.000484s ]
NOTIC: [2048] Non-static method Home\models\Muser::GetQuery() should not be called statically, assuming $this from incompatible context D:\wamp1\www\tp\Application\Home\Controller\UinfoController.class.php 第 301 行.
SQL: SHOW COLUMNS FROM `query` [ RunTime:0.0030s ]
SQL: SELECT query.query,answer.answer FROM `query` left JOIN answer on query.id=answer.qid  WHERE ( query.uid=0 ) ORDER BY rand()  [ RunTime:0.0003s ]

[ 2015-08-17T12:33:14+08:00 ] 127.0.0.1 /index.php/uinfo/GetQuery?uid=2
INFO: [ app_init ] --START--
INFO: Run Behavior\BuildLiteBehavior [ RunTime:0.000033s ]
INFO: [ app_init ] --END-- [ RunTime:0.000847s ]
INFO: [ app_begin ] --START--
INFO: Run Behavior\ReadHtmlCacheBehavior [ RunTime:0.000799s ]
INFO: [ app_begin ] --END-- [ RunTime:0.000927s ]
NOTIC: [2048] Non-static method Home\models\Muser::GetQuery() should not be called statically, assuming $this from incompatible context D:\wamp1\www\tp\Application\Home\Controller\UinfoController.class.php 第 301 行.
SQL: SHOW COLUMNS FROM `query` [ RunTime:0.0045s ]
SQL: SELECT query.query,answer.answer FROM `query` left JOIN answer on query.id=answer.qid  WHERE ( query.uid=0 ) ORDER BY rand()  [ RunTime:0.0006s ]

[ 2015-08-17T12:33:14+08:00 ] 127.0.0.1 /index.php/uinfo/GetQuery?uid=2
INFO: [ app_init ] --START--
INFO: Run Behavior\BuildLiteBehavior [ RunTime:0.000017s ]
INFO: [ app_init ] --END-- [ RunTime:0.000310s ]
INFO: [ app_begin ] --START--
INFO: Run Behavior\ReadHtmlCacheBehavior [ RunTime:0.000578s ]
INFO: [ app_begin ] --END-- [ RunTime:0.000675s ]
NOTIC: [2048] Non-static method Home\models\Muser::GetQuery() should not be called statically, assuming $this from incompatible context D:\wamp1\www\tp\Application\Home\Controller\UinfoController.class.php 第 301 行.
SQL: SHOW COLUMNS FROM `query` [ RunTime:0.0029s ]
SQL: SELECT query.query,answer.answer FROM `query` left JOIN answer on query.id=answer.qid  WHERE ( query.uid=0 ) ORDER BY rand()  [ RunTime:0.0004s ]

[ 2015-08-17T12:33:14+08:00 ] 127.0.0.1 /index.php/uinfo/GetQuery?uid=2
INFO: [ app_init ] --START--
INFO: Run Behavior\BuildLiteBehavior [ RunTime:0.000017s ]
INFO: [ app_init ] --END-- [ RunTime:0.000287s ]
INFO: [ app_begin ] --START--
INFO: Run Behavior\ReadHtmlCacheBehavior [ RunTime:0.000387s ]
INFO: [ app_begin ] --END-- [ RunTime:0.000477s ]
NOTIC: [2048] Non-static method Home\models\Muser::GetQuery() should not be called statically, assuming $this from incompatible context D:\wamp1\www\tp\Application\Home\Controller\UinfoController.class.php 第 301 行.
SQL: SHOW COLUMNS FROM `query` [ RunTime:0.0028s ]
SQL: SELECT query.query,answer.answer FROM `query` left JOIN answer on query.id=answer.qid  WHERE ( query.uid=0 ) ORDER BY rand()  [ RunTime:0.0004s ]

[ 2015-08-17T12:33:14+08:00 ] 127.0.0.1 /index.php/uinfo/GetQuery?uid=2
INFO: [ app_init ] --START--
INFO: Run Behavior\BuildLiteBehavior [ RunTime:0.000018s ]
INFO: [ app_init ] --END-- [ RunTime:0.000306s ]
INFO: [ app_begin ] --START--
INFO: Run Behavior\ReadHtmlCacheBehavior [ RunTime:0.000495s ]
INFO: [ app_begin ] --END-- [ RunTime:0.000559s ]
NOTIC: [2048] Non-static method Home\models\Muser::GetQuery() should not be called statically, assuming $this from incompatible context D:\wamp1\www\tp\Application\Home\Controller\UinfoController.class.php 第 301 行.
SQL: SHOW COLUMNS FROM `query` [ RunTime:0.0026s ]
SQL: SELECT query.query,answer.answer FROM `query` left JOIN answer on query.id=answer.qid  WHERE ( query.uid=0 ) ORDER BY rand()  [ RunTime:0.0003s ]

[ 2015-08-17T12:33:14+08:00 ] 127.0.0.1 /index.php/uinfo/GetQuery?uid=2
INFO: [ app_init ] --START--
INFO: Run Behavior\BuildLiteBehavior [ RunTime:0.000018s ]
INFO: [ app_init ] --END-- [ RunTime:0.000291s ]
INFO: [ app_begin ] --START--
INFO: Run Behavior\ReadHtmlCacheBehavior [ RunTime:0.000503s ]
INFO: [ app_begin ] --END-- [ RunTime:0.000586s ]
NOTIC: [2048] Non-static method Home\models\Muser::GetQuery() should not be called statically, assuming $this from incompatible context D:\wamp1\www\tp\Application\Home\Controller\UinfoController.class.php 第 301 行.
SQL: SHOW COLUMNS FROM `query` [ RunTime:0.0031s ]
SQL: SELECT query.query,answer.answer FROM `query` left JOIN answer on query.id=answer.qid  WHERE ( query.uid=0 ) ORDER BY rand()  [ RunTime:0.0003s ]

[ 2015-08-17T12:33:14+08:00 ] 127.0.0.1 /index.php/uinfo/GetQuery?uid=2
INFO: [ app_init ] --START--
INFO: Run Behavior\BuildLiteBehavior [ RunTime:0.000016s ]
INFO: [ app_init ] --END-- [ RunTime:0.000347s ]
INFO: [ app_begin ] --START--
INFO: Run Behavior\ReadHtmlCacheBehavior [ RunTime:0.000407s ]
INFO: [ app_begin ] --END-- [ RunTime:0.000474s ]
NOTIC: [2048] Non-static method Home\models\Muser::GetQuery() should not be called statically, assuming $this from incompatible context D:\wamp1\www\tp\Application\Home\Controller\UinfoController.class.php 第 301 行.
SQL: SHOW COLUMNS FROM `query` [ RunTime:0.0035s ]
SQL: SELECT query.query,answer.answer FROM `query` left JOIN answer on query.id=answer.qid  WHERE ( query.uid=0 ) ORDER BY rand()  [ RunTime:0.0004s ]

[ 2015-08-17T12:33:31+08:00 ] 127.0.0.1 /index.php/uinfo/GetQuery?uid=2
INFO: [ app_init ] --START--
INFO: Run Behavior\BuildLiteBehavior [ RunTime:0.000040s ]
INFO: [ app_init ] --END-- [ RunTime:0.000826s ]
INFO: [ app_begin ] --START--
INFO: Run Behavior\ReadHtmlCacheBehavior [ RunTime:0.000982s ]
INFO: [ app_begin ] --END-- [ RunTime:0.001146s ]
NOTIC: [2048] Non-static method Home\models\Muser::GetQuery() should not be called statically, assuming $this from incompatible context D:\wamp1\www\tp\Application\Home\Controller\UinfoController.class.php 第 301 行.
SQL: SHOW COLUMNS FROM `query` [ RunTime:0.0041s ]
SQL: SELECT query.query,answer.answer FROM `query` left JOIN answer on query.id=answer.qid  WHERE ( query.uid=0 )  [ RunTime:0.0003s ]

[ 2015-08-17T12:33:32+08:00 ] 127.0.0.1 /index.php/uinfo/GetQuery?uid=2
INFO: [ app_init ] --START--
INFO: Run Behavior\BuildLiteBehavior [ RunTime:0.000026s ]
INFO: [ app_init ] --END-- [ RunTime:0.000544s ]
INFO: [ app_begin ] --START--
INFO: Run Behavior\ReadHtmlCacheBehavior [ RunTime:0.000608s ]
INFO: [ app_begin ] --END-- [ RunTime:0.000709s ]
NOTIC: [2048] Non-static method Home\models\Muser::GetQuery() should not be called statically, assuming $this from incompatible context D:\wamp1\www\tp\Application\Home\Controller\UinfoController.class.php 第 301 行.
SQL: SHOW COLUMNS FROM `query` [ RunTime:0.0035s ]
SQL: SELECT query.query,answer.answer FROM `query` left JOIN answer on query.id=answer.qid  WHERE ( query.uid=0 )  [ RunTime:0.0003s ]

[ 2015-08-17T12:33:33+08:00 ] 127.0.0.1 /index.php/uinfo/GetQuery?uid=2
INFO: [ app_init ] --START--
INFO: Run Behavior\BuildLiteBehavior [ RunTime:0.000063s ]
INFO: [ app_init ] --END-- [ RunTime:0.001240s ]
INFO: [ app_begin ] --START--
INFO: Run Behavior\ReadHtmlCacheBehavior [ RunTime:0.001967s ]
INFO: [ app_begin ] --END-- [ RunTime:0.002232s ]
NOTIC: [2048] Non-static method Home\models\Muser::GetQuery() should not be called statically, assuming $this from incompatible context D:\wamp1\www\tp\Application\Home\Controller\UinfoController.class.php 第 301 行.
SQL: SHOW COLUMNS FROM `query` [ RunTime:0.0053s ]
SQL: SELECT query.query,answer.answer FROM `query` left JOIN answer on query.id=answer.qid  WHERE ( query.uid=0 )  [ RunTime:0.0004s ]

[ 2015-08-17T12:33:33+08:00 ] 127.0.0.1 /index.php/uinfo/GetQuery?uid=2
INFO: [ app_init ] --START--
INFO: Run Behavior\BuildLiteBehavior [ RunTime:0.000020s ]
INFO: [ app_init ] --END-- [ RunTime:0.000348s ]
INFO: [ app_begin ] --START--
INFO: Run Behavior\ReadHtmlCacheBehavior [ RunTime:0.000503s ]
INFO: [ app_begin ] --END-- [ RunTime:0.000584s ]
NOTIC: [2048] Non-static method Home\models\Muser::GetQuery() should not be called statically, assuming $this from incompatible context D:\wamp1\www\tp\Application\Home\Controller\UinfoController.class.php 第 301 行.
SQL: SHOW COLUMNS FROM `query` [ RunTime:0.0030s ]
SQL: SELECT query.query,answer.answer FROM `query` left JOIN answer on query.id=answer.qid  WHERE ( query.uid=0 )  [ RunTime:0.0002s ]

[ 2015-08-17T12:33:33+08:00 ] 127.0.0.1 /index.php/uinfo/GetQuery?uid=2
INFO: [ app_init ] --START--
INFO: Run Behavior\BuildLiteBehavior [ RunTime:0.000029s ]
INFO: [ app_init ] --END-- [ RunTime:0.000540s ]
INFO: [ app_begin ] --START--
INFO: Run Behavior\ReadHtmlCacheBehavior [ RunTime:0.000758s ]
INFO: [ app_begin ] --END-- [ RunTime:0.000886s ]
NOTIC: [2048] Non-static method Home\models\Muser::GetQuery() should not be called statically, assuming $this from incompatible context D:\wamp1\www\tp\Application\Home\Controller\UinfoController.class.php 第 301 行.
SQL: SHOW COLUMNS FROM `query` [ RunTime:0.0046s ]
SQL: SELECT query.query,answer.answer FROM `query` left JOIN answer on query.id=answer.qid  WHERE ( query.uid=0 )  [ RunTime:0.0004s ]

[ 2015-08-17T12:33:33+08:00 ] 127.0.0.1 /index.php/uinfo/GetQuery?uid=2
INFO: [ app_init ] --START--
INFO: Run Behavior\BuildLiteBehavior [ RunTime:0.000042s ]
INFO: [ app_init ] --END-- [ RunTime:0.000706s ]
INFO: [ app_begin ] --START--
INFO: Run Behavior\ReadHtmlCacheBehavior [ RunTime:0.000985s ]
INFO: [ app_begin ] --END-- [ RunTime:0.001239s ]
NOTIC: [2048] Non-static method Home\models\Muser::GetQuery() should not be called statically, assuming $this from incompatible context D:\wamp1\www\tp\Application\Home\Controller\UinfoController.class.php 第 301 行.
SQL: SHOW COLUMNS FROM `query` [ RunTime:0.0059s ]
SQL: SELECT query.query,answer.answer FROM `query` left JOIN answer on query.id=answer.qid  WHERE ( query.uid=0 )  [ RunTime:0.0006s ]

[ 2015-08-17T12:33:34+08:00 ] 127.0.0.1 /index.php/uinfo/GetQuery?uid=2
INFO: [ app_init ] --START--
INFO: Run Behavior\BuildLiteBehavior [ RunTime:0.000018s ]
INFO: [ app_init ] --END-- [ RunTime:0.000352s ]
INFO: [ app_begin ] --START--
INFO: Run Behavior\ReadHtmlCacheBehavior [ RunTime:0.000510s ]
INFO: [ app_begin ] --END-- [ RunTime:0.000577s ]
NOTIC: [2048] Non-static method Home\models\Muser::GetQuery() should not be called statically, assuming $this from incompatible context D:\wamp1\www\tp\Application\Home\Controller\UinfoController.class.php 第 301 行.
SQL: SHOW COLUMNS FROM `query` [ RunTime:0.0027s ]
SQL: SELECT query.query,answer.answer FROM `query` left JOIN answer on query.id=answer.qid  WHERE ( query.uid=0 )  [ RunTime:0.0002s ]

[ 2015-08-17T12:33:34+08:00 ] 127.0.0.1 /index.php/uinfo/GetQuery?uid=2
INFO: [ app_init ] --START--
INFO: Run Behavior\BuildLiteBehavior [ RunTime:0.000030s ]
INFO: [ app_init ] --END-- [ RunTime:0.000540s ]
INFO: [ app_begin ] --START--
INFO: Run Behavior\ReadHtmlCacheBehavior [ RunTime:0.000879s ]
INFO: [ app_begin ] --END-- [ RunTime:0.001036s ]
NOTIC: [2048] Non-static method Home\models\Muser::GetQuery() should not be called statically, assuming $this from incompatible context D:\wamp1\www\tp\Application\Home\Controller\UinfoController.class.php 第 301 行.
SQL: SHOW COLUMNS FROM `query` [ RunTime:0.0032s ]
SQL: SELECT query.query,answer.answer FROM `query` left JOIN answer on query.id=answer.qid  WHERE ( query.uid=0 )  [ RunTime:0.0003s ]

[ 2015-08-17T12:33:34+08:00 ] 127.0.0.1 /index.php/uinfo/GetQuery?uid=2
INFO: [ app_init ] --START--
INFO: Run Behavior\BuildLiteBehavior [ RunTime:0.000015s ]
INFO: [ app_init ] --END-- [ RunTime:0.000281s ]
INFO: [ app_begin ] --START--
INFO: Run Behavior\ReadHtmlCacheBehavior [ RunTime:0.000396s ]
INFO: [ app_begin ] --END-- [ RunTime:0.000461s ]
NOTIC: [2048] Non-static method Home\models\Muser::GetQuery() should not be called statically, assuming $this from incompatible context D:\wamp1\www\tp\Application\Home\Controller\UinfoController.class.php 第 301 行.
SQL: SHOW COLUMNS FROM `query` [ RunTime:0.0036s ]
SQL: SELECT query.query,answer.answer FROM `query` left JOIN answer on query.id=answer.qid  WHERE ( query.uid=0 )  [ RunTime:0.0002s ]

[ 2015-08-17T12:34:03+08:00 ] 127.0.0.1 /index.php/uinfo/GetQuery?uid=2
INFO: [ app_init ] --START--
INFO: Run Behavior\BuildLiteBehavior [ RunTime:0.000035s ]
INFO: [ app_init ] --END-- [ RunTime:0.000620s ]
INFO: [ app_begin ] --START--
INFO: Run Behavior\ReadHtmlCacheBehavior [ RunTime:0.000916s ]
INFO: [ app_begin ] --END-- [ RunTime:0.001068s ]
NOTIC: [2048] Non-static method Home\models\Muser::GetQuery() should not be called statically, assuming $this from incompatible context D:\wamp1\www\tp\Application\Home\Controller\UinfoController.class.php 第 301 行.
SQL: SHOW COLUMNS FROM `query` [ RunTime:0.0049s ]
SQL: SELECT query.query,answer.answer FROM `query` left JOIN answer on query.id=answer.qid  WHERE ( query.uid=0 )  [ RunTime:0.0217s ]

[ 2015-08-17T12:34:04+08:00 ] 127.0.0.1 /index.php/uinfo/GetQuery?uid=2
INFO: [ app_init ] --START--
INFO: Run Behavior\BuildLiteBehavior [ RunTime:0.000039s ]
INFO: [ app_init ] --END-- [ RunTime:0.000712s ]
INFO: [ app_begin ] --START--
INFO: Run Behavior\ReadHtmlCacheBehavior [ RunTime:0.001062s ]
INFO: [ app_begin ] --END-- [ RunTime:0.001233s ]
NOTIC: [2048] Non-static method Home\models\Muser::GetQuery() should not be called statically, assuming $this from incompatible context D:\wamp1\www\tp\Application\Home\Controller\UinfoController.class.php 第 301 行.
SQL: SHOW COLUMNS FROM `query` [ RunTime:0.0060s ]
SQL: SELECT query.query,answer.answer FROM `query` left JOIN answer on query.id=answer.qid  WHERE ( query.uid=0 )  [ RunTime:0.0005s ]

[ 2015-08-17T12:34:04+08:00 ] 127.0.0.1 /index.php/uinfo/GetQuery?uid=2
INFO: [ app_init ] --START--
INFO: Run Behavior\BuildLiteBehavior [ RunTime:0.000030s ]
INFO: [ app_init ] --END-- [ RunTime:0.000524s ]
INFO: [ app_begin ] --START--
INFO: Run Behavior\ReadHtmlCacheBehavior [ RunTime:0.000813s ]
INFO: [ app_begin ] --END-- [ RunTime:0.000930s ]
NOTIC: [2048] Non-static method Home\models\Muser::GetQuery() should not be called statically, assuming $this from incompatible context D:\wamp1\www\tp\Application\Home\Controller\UinfoController.class.php 第 301 行.
SQL: SHOW COLUMNS FROM `query` [ RunTime:0.0028s ]
SQL: SELECT query.query,answer.answer FROM `query` left JOIN answer on query.id=answer.qid  WHERE ( query.uid=0 )  [ RunTime:0.0002s ]

[ 2015-08-17T12:34:05+08:00 ] 127.0.0.1 /index.php/uinfo/GetQuery?uid=2
INFO: [ app_init ] --START--
INFO: Run Behavior\BuildLiteBehavior [ RunTime:0.000047s ]
INFO: [ app_init ] --END-- [ RunTime:0.000836s ]
INFO: [ app_begin ] --START--
INFO: Run Behavior\ReadHtmlCacheBehavior [ RunTime:0.001258s ]
INFO: [ app_begin ] --END-- [ RunTime:0.001458s ]
NOTIC: [2048] Non-static method Home\models\Muser::GetQuery() should not be called statically, assuming $this from incompatible context D:\wamp1\www\tp\Application\Home\Controller\UinfoController.class.php 第 301 行.
SQL: SHOW COLUMNS FROM `query` [ RunTime:0.0046s ]
SQL: SELECT query.query,answer.answer FROM `query` left JOIN answer on query.id=answer.qid  WHERE ( query.uid=0 )  [ RunTime:0.0004s ]

[ 2015-08-17T12:34:05+08:00 ] 127.0.0.1 /index.php/uinfo/GetQuery?uid=2
INFO: [ app_init ] --START--
INFO: Run Behavior\BuildLiteBehavior [ RunTime:0.000019s ]
INFO: [ app_init ] --END-- [ RunTime:0.000341s ]
INFO: [ app_begin ] --START--
INFO: Run Behavior\ReadHtmlCacheBehavior [ RunTime:0.000471s ]
INFO: [ app_begin ] --END-- [ RunTime:0.000548s ]
NOTIC: [2048] Non-static method Home\models\Muser::GetQuery() should not be called statically, assuming $this from incompatible context D:\wamp1\www\tp\Application\Home\Controller\UinfoController.class.php 第 301 行.
SQL: SHOW COLUMNS FROM `query` [ RunTime:0.0032s ]
SQL: SELECT query.query,answer.answer FROM `query` left JOIN answer on query.id=answer.qid  WHERE ( query.uid=0 )  [ RunTime:0.0003s ]

[ 2015-08-17T12:34:05+08:00 ] 127.0.0.1 /index.php/uinfo/GetQuery?uid=2
INFO: [ app_init ] --START--
INFO: Run Behavior\BuildLiteBehavior [ RunTime:0.000019s ]
INFO: [ app_init ] --END-- [ RunTime:0.000339s ]
INFO: [ app_begin ] --START--
INFO: Run Behavior\ReadHtmlCacheBehavior [ RunTime:0.000474s ]
INFO: [ app_begin ] --END-- [ RunTime:0.000552s ]
NOTIC: [2048] Non-static method Home\models\Muser::GetQuery() should not be called statically, assuming $this from incompatible context D:\wamp1\www\tp\Application\Home\Controller\UinfoController.class.php 第 301 行.
SQL: SHOW COLUMNS FROM `query` [ RunTime:0.0031s ]
SQL: SELECT query.query,answer.answer FROM `query` left JOIN answer on query.id=answer.qid  WHERE ( query.uid=0 )  [ RunTime:0.0003s ]

[ 2015-08-17T12:34:05+08:00 ] 127.0.0.1 /index.php/uinfo/GetQuery?uid=2
INFO: [ app_init ] --START--
INFO: Run Behavior\BuildLiteBehavior [ RunTime:0.000019s ]
INFO: [ app_init ] --END-- [ RunTime:0.000345s ]
INFO: [ app_begin ] --START--
INFO: Run Behavior\ReadHtmlCacheBehavior [ RunTime:0.000670s ]
INFO: [ app_begin ] --END-- [ RunTime:0.000743s ]
NOTIC: [2048] Non-static method Home\models\Muser::GetQuery() should not be called statically, assuming $this from incompatible context D:\wamp1\www\tp\Application\Home\Controller\UinfoController.class.php 第 301 行.
SQL: SHOW COLUMNS FROM `query` [ RunTime:0.0030s ]
SQL: SELECT query.query,answer.answer FROM `query` left JOIN answer on query.id=answer.qid  WHERE ( query.uid=0 )  [ RunTime:0.0003s ]

[ 2015-08-17T12:34:05+08:00 ] 127.0.0.1 /index.php/uinfo/GetQuery?uid=2
INFO: [ app_init ] --START--
INFO: Run Behavior\BuildLiteBehavior [ RunTime:0.000039s ]
INFO: [ app_init ] --END-- [ RunTime:0.000695s ]
INFO: [ app_begin ] --START--
INFO: Run Behavior\ReadHtmlCacheBehavior [ RunTime:0.001125s ]
INFO: [ app_begin ] --END-- [ RunTime:0.001305s ]
NOTIC: [2048] Non-static method Home\models\Muser::GetQuery() should not be called statically, assuming $this from incompatible context D:\wamp1\www\tp\Application\Home\Controller\UinfoController.class.php 第 301 行.
SQL: SHOW COLUMNS FROM `query` [ RunTime:0.0062s ]
SQL: SELECT query.query,answer.answer FROM `query` left JOIN answer on query.id=answer.qid  WHERE ( query.uid=0 )  [ RunTime:0.0005s ]

[ 2015-08-17T12:34:06+08:00 ] 127.0.0.1 /index.php/uinfo/GetQuery?uid=2
INFO: [ app_init ] --START--
INFO: Run Behavior\BuildLiteBehavior [ RunTime:0.000040s ]
INFO: [ app_init ] --END-- [ RunTime:0.000757s ]
INFO: [ app_begin ] --START--
INFO: Run Behavior\ReadHtmlCacheBehavior [ RunTime:0.001017s ]
INFO: [ app_begin ] --END-- [ RunTime:0.001183s ]
NOTIC: [2048] Non-static method Home\models\Muser::GetQuery() should not be called statically, assuming $this from incompatible context D:\wamp1\www\tp\Application\Home\Controller\UinfoController.class.php 第 301 行.
SQL: SHOW COLUMNS FROM `query` [ RunTime:0.0062s ]
SQL: SELECT query.query,answer.answer FROM `query` left JOIN answer on query.id=answer.qid  WHERE ( query.uid=0 )  [ RunTime:0.0005s ]

[ 2015-08-17T12:34:06+08:00 ] 127.0.0.1 /index.php/uinfo/GetQuery?uid=2
INFO: [ app_init ] --START--
INFO: Run Behavior\BuildLiteBehavior [ RunTime:0.000020s ]
INFO: [ app_init ] --END-- [ RunTime:0.000366s ]
INFO: [ app_begin ] --START--
INFO: Run Behavior\ReadHtmlCacheBehavior [ RunTime:0.000512s ]
INFO: [ app_begin ] --END-- [ RunTime:0.000599s ]
NOTIC: [2048] Non-static method Home\models\Muser::GetQuery() should not be called statically, assuming $this from incompatible context D:\wamp1\www\tp\Application\Home\Controller\UinfoController.class.php 第 301 行.
SQL: SHOW COLUMNS FROM `query` [ RunTime:0.0031s ]
SQL: SELECT query.query,answer.answer FROM `query` left JOIN answer on query.id=answer.qid  WHERE ( query.uid=0 )  [ RunTime:0.0003s ]

[ 2015-08-17T12:34:06+08:00 ] 127.0.0.1 /index.php/uinfo/GetQuery?uid=2
INFO: [ app_init ] --START--
INFO: Run Behavior\BuildLiteBehavior [ RunTime:0.000041s ]
INFO: [ app_init ] --END-- [ RunTime:0.000796s ]
INFO: [ app_begin ] --START--
INFO: Run Behavior\ReadHtmlCacheBehavior [ RunTime:0.000975s ]
INFO: [ app_begin ] --END-- [ RunTime:0.001136s ]
NOTIC: [2048] Non-static method Home\models\Muser::GetQuery() should not be called statically, assuming $this from incompatible context D:\wamp1\www\tp\Application\Home\Controller\UinfoController.class.php 第 301 行.
SQL: SHOW COLUMNS FROM `query` [ RunTime:0.0065s ]
SQL: SELECT query.query,answer.answer FROM `query` left JOIN answer on query.id=answer.qid  WHERE ( query.uid=0 )  [ RunTime:0.0005s ]

[ 2015-08-17T12:34:06+08:00 ] 127.0.0.1 /index.php/uinfo/GetQuery?uid=2
INFO: [ app_init ] --START--
INFO: Run Behavior\BuildLiteBehavior [ RunTime:0.000019s ]
INFO: [ app_init ] --END-- [ RunTime:0.000340s ]
INFO: [ app_begin ] --START--
INFO: Run Behavior\ReadHtmlCacheBehavior [ RunTime:0.000451s ]
INFO: [ app_begin ] --END-- [ RunTime:0.000525s ]
NOTIC: [2048] Non-static method Home\models\Muser::GetQuery() should not be called statically, assuming $this from incompatible context D:\wamp1\www\tp\Application\Home\Controller\UinfoController.class.php 第 301 行.
SQL: SHOW COLUMNS FROM `query` [ RunTime:0.0029s ]
SQL: SELECT query.query,answer.answer FROM `query` left JOIN answer on query.id=answer.qid  WHERE ( query.uid=0 )  [ RunTime:0.0002s ]

[ 2015-08-17T12:34:06+08:00 ] 127.0.0.1 /index.php/uinfo/GetQuery?uid=2
INFO: [ app_init ] --START--
INFO: Run Behavior\BuildLiteBehavior [ RunTime:0.000016s ]
INFO: [ app_init ] --END-- [ RunTime:0.000280s ]
INFO: [ app_begin ] --START--
INFO: Run Behavior\ReadHtmlCacheBehavior [ RunTime:0.000403s ]
INFO: [ app_begin ] --END-- [ RunTime:0.000465s ]
NOTIC: [2048] Non-static method Home\models\Muser::GetQuery() should not be called statically, assuming $this from incompatible context D:\wamp1\www\tp\Application\Home\Controller\UinfoController.class.php 第 301 行.
SQL: SHOW COLUMNS FROM `query` [ RunTime:0.0033s ]
SQL: SELECT query.query,answer.answer FROM `query` left JOIN answer on query.id=answer.qid  WHERE ( query.uid=0 )  [ RunTime:0.0002s ]

[ 2015-08-17T12:34:14+08:00 ] 127.0.0.1 /index.php/uinfo/GetQuery?uid=2
INFO: [ app_init ] --START--
INFO: Run Behavior\BuildLiteBehavior [ RunTime:0.000036s ]
INFO: [ app_init ] --END-- [ RunTime:0.000873s ]
INFO: [ app_begin ] --START--
INFO: Run Behavior\ReadHtmlCacheBehavior [ RunTime:0.001454s ]
INFO: [ app_begin ] --END-- [ RunTime:0.001648s ]
NOTIC: [2048] Non-static method Home\models\Muser::GetQuery() should not be called statically, assuming $this from incompatible context D:\wamp1\www\tp\Application\Home\Controller\UinfoController.class.php 第 301 行.
SQL: SHOW COLUMNS FROM `query` [ RunTime:0.0050s ]
SQL: SELECT query.query,answer.answer FROM `query` left JOIN answer on query.id=answer.qid  WHERE ( query.uid=0 ) ORDER BY rand()  [ RunTime:0.0006s ]

[ 2015-08-17T12:34:26+08:00 ] 127.0.0.1 /index.php/uinfo/GetQuery?uid=2
INFO: [ app_init ] --START--
INFO: Run Behavior\BuildLiteBehavior [ RunTime:0.000024s ]
INFO: [ app_init ] --END-- [ RunTime:0.000465s ]
INFO: [ app_begin ] --START--
INFO: Run Behavior\ReadHtmlCacheBehavior [ RunTime:0.000577s ]
INFO: [ app_begin ] --END-- [ RunTime:0.000670s ]
NOTIC: [2048] Non-static method Home\models\Muser::GetQuery() should not be called statically, assuming $this from incompatible context D:\wamp1\www\tp\Application\Home\Controller\UinfoController.class.php 第 301 行.
SQL: SHOW COLUMNS FROM `query` [ RunTime:0.0037s ]
SQL: SELECT query.query,answer.answer FROM `query` right JOIN answer on query.id=answer.qid  WHERE ( query.uid=0 ) ORDER BY rand()  [ RunTime:0.0004s ]

[ 2015-08-17T12:34:27+08:00 ] 127.0.0.1 /index.php/uinfo/GetQuery?uid=2
INFO: [ app_init ] --START--
INFO: Run Behavior\BuildLiteBehavior [ RunTime:0.000040s ]
INFO: [ app_init ] --END-- [ RunTime:0.000703s ]
INFO: [ app_begin ] --START--
INFO: Run Behavior\ReadHtmlCacheBehavior [ RunTime:0.001065s ]
INFO: [ app_begin ] --END-- [ RunTime:0.001228s ]
NOTIC: [2048] Non-static method Home\models\Muser::GetQuery() should not be called statically, assuming $this from incompatible context D:\wamp1\www\tp\Application\Home\Controller\UinfoController.class.php 第 301 行.
SQL: SHOW COLUMNS FROM `query` [ RunTime:0.0038s ]
SQL: SELECT query.query,answer.answer FROM `query` right JOIN answer on query.id=answer.qid  WHERE ( query.uid=0 ) ORDER BY rand()  [ RunTime:0.0005s ]

[ 2015-08-17T12:34:28+08:00 ] 127.0.0.1 /index.php/uinfo/GetQuery?uid=2
INFO: [ app_init ] --START--
INFO: Run Behavior\BuildLiteBehavior [ RunTime:0.000041s ]
INFO: [ app_init ] --END-- [ RunTime:0.000715s ]
INFO: [ app_begin ] --START--
INFO: Run Behavior\ReadHtmlCacheBehavior [ RunTime:0.000976s ]
INFO: [ app_begin ] --END-- [ RunTime:0.001136s ]
NOTIC: [2048] Non-static method Home\models\Muser::GetQuery() should not be called statically, assuming $this from incompatible context D:\wamp1\www\tp\Application\Home\Controller\UinfoController.class.php 第 301 行.
SQL: SHOW COLUMNS FROM `query` [ RunTime:0.0035s ]
SQL: SELECT query.query,answer.answer FROM `query` right JOIN answer on query.id=answer.qid  WHERE ( query.uid=0 ) ORDER BY rand()  [ RunTime:0.0005s ]

[ 2015-08-17T12:34:28+08:00 ] 127.0.0.1 /index.php/uinfo/GetQuery?uid=2
INFO: [ app_init ] --START--
INFO: Run Behavior\BuildLiteBehavior [ RunTime:0.000017s ]
INFO: [ app_init ] --END-- [ RunTime:0.000309s ]
INFO: [ app_begin ] --START--
INFO: Run Behavior\ReadHtmlCacheBehavior [ RunTime:0.000398s ]
INFO: [ app_begin ] --END-- [ RunTime:0.000485s ]
NOTIC: [2048] Non-static method Home\models\Muser::GetQuery() should not be called statically, assuming $this from incompatible context D:\wamp1\www\tp\Application\Home\Controller\UinfoController.class.php 第 301 行.
SQL: SHOW COLUMNS FROM `query` [ RunTime:0.0028s ]
SQL: SELECT query.query,answer.answer FROM `query` right JOIN answer on query.id=answer.qid  WHERE ( query.uid=0 ) ORDER BY rand()  [ RunTime:0.0003s ]

[ 2015-08-17T12:34:28+08:00 ] 127.0.0.1 /index.php/uinfo/GetQuery?uid=2
INFO: [ app_init ] --START--
INFO: Run Behavior\BuildLiteBehavior [ RunTime:0.000047s ]
INFO: [ app_init ] --END-- [ RunTime:0.000604s ]
INFO: [ app_begin ] --START--
INFO: Run Behavior\ReadHtmlCacheBehavior [ RunTime:0.000833s ]
INFO: [ app_begin ] --END-- [ RunTime:0.000961s ]
NOTIC: [2048] Non-static method Home\models\Muser::GetQuery() should not be called statically, assuming $this from incompatible context D:\wamp1\www\tp\Application\Home\Controller\UinfoController.class.php 第 301 行.
SQL: SHOW COLUMNS FROM `query` [ RunTime:0.0044s ]
SQL: SELECT query.query,answer.answer FROM `query` right JOIN answer on query.id=answer.qid  WHERE ( query.uid=0 ) ORDER BY rand()  [ RunTime:0.0005s ]

[ 2015-08-17T12:34:29+08:00 ] 127.0.0.1 /index.php/uinfo/GetQuery?uid=2
INFO: [ app_init ] --START--
INFO: Run Behavior\BuildLiteBehavior [ RunTime:0.000029s ]
INFO: [ app_init ] --END-- [ RunTime:0.000504s ]
INFO: [ app_begin ] --START--
INFO: Run Behavior\ReadHtmlCacheBehavior [ RunTime:0.000805s ]
INFO: [ app_begin ] --END-- [ RunTime:0.000938s ]
NOTIC: [2048] Non-static method Home\models\Muser::GetQuery() should not be called statically, assuming $this from incompatible context D:\wamp1\www\tp\Application\Home\Controller\UinfoController.class.php 第 301 行.
SQL: SHOW COLUMNS FROM `query` [ RunTime:0.0026s ]
SQL: SELECT query.query,answer.answer FROM `query` right JOIN answer on query.id=answer.qid  WHERE ( query.uid=0 ) ORDER BY rand()  [ RunTime:0.0003s ]

[ 2015-08-17T12:34:29+08:00 ] 127.0.0.1 /index.php/uinfo/GetQuery?uid=2
INFO: [ app_init ] --START--
INFO: Run Behavior\BuildLiteBehavior [ RunTime:0.000049s ]
INFO: [ app_init ] --END-- [ RunTime:0.000683s ]
INFO: [ app_begin ] --START--
INFO: Run Behavior\ReadHtmlCacheBehavior [ RunTime:0.000853s ]
INFO: [ app_begin ] --END-- [ RunTime:0.000993s ]
NOTIC: [2048] Non-static method Home\models\Muser::GetQuery() should not be called statically, assuming $this from incompatible context D:\wamp1\www\tp\Application\Home\Controller\UinfoController.class.php 第 301 行.
SQL: SHOW COLUMNS FROM `query` [ RunTime:0.0052s ]
SQL: SELECT query.query,answer.answer FROM `query` right JOIN answer on query.id=answer.qid  WHERE ( query.uid=0 ) ORDER BY rand()  [ RunTime:0.0006s ]

[ 2015-08-17T12:34:29+08:00 ] 127.0.0.1 /index.php/uinfo/GetQuery?uid=2
INFO: [ app_init ] --START--
INFO: Run Behavior\BuildLiteBehavior [ RunTime:0.000031s ]
INFO: [ app_init ] --END-- [ RunTime:0.000626s ]
INFO: [ app_begin ] --START--
INFO: Run Behavior\ReadHtmlCacheBehavior [ RunTime:0.000747s ]
INFO: [ app_begin ] --END-- [ RunTime:0.000871s ]
NOTIC: [2048] Non-static method Home\models\Muser::GetQuery() should not be called statically, assuming $this from incompatible context D:\wamp1\www\tp\Application\Home\Controller\UinfoController.class.php 第 301 行.
SQL: SHOW COLUMNS FROM `query` [ RunTime:0.0046s ]
SQL: SELECT query.query,answer.answer FROM `query` right JOIN answer on query.id=answer.qid  WHERE ( query.uid=0 ) ORDER BY rand()  [ RunTime:0.0005s ]

[ 2015-08-17T12:34:30+08:00 ] 127.0.0.1 /index.php/uinfo/GetQuery?uid=2
INFO: [ app_init ] --START--
INFO: Run Behavior\BuildLiteBehavior [ RunTime:0.000047s ]
INFO: [ app_init ] --END-- [ RunTime:0.000911s ]
INFO: [ app_begin ] --START--
INFO: Run Behavior\ReadHtmlCacheBehavior [ RunTime:0.001165s ]
INFO: [ app_begin ] --END-- [ RunTime:0.001353s ]
NOTIC: [2048] Non-static method Home\models\Muser::GetQuery() should not be called statically, assuming $this from incompatible context D:\wamp1\www\tp\Application\Home\Controller\UinfoController.class.php 第 301 行.
SQL: SHOW COLUMNS FROM `query` [ RunTime:0.0038s ]
SQL: SELECT query.query,answer.answer FROM `query` right JOIN answer on query.id=answer.qid  WHERE ( query.uid=0 ) ORDER BY rand()  [ RunTime:0.0005s ]

[ 2015-08-17T12:34:30+08:00 ] 127.0.0.1 /index.php/uinfo/GetQuery?uid=2
INFO: [ app_init ] --START--
INFO: Run Behavior\BuildLiteBehavior [ RunTime:0.000018s ]
INFO: [ app_init ] --END-- [ RunTime:0.000300s ]
INFO: [ app_begin ] --START--
INFO: Run Behavior\ReadHtmlCacheBehavior [ RunTime:0.000447s ]
INFO: [ app_begin ] --END-- [ RunTime:0.000515s ]
NOTIC: [2048] Non-static method Home\models\Muser::GetQuery() should not be called statically, assuming $this from incompatible context D:\wamp1\www\tp\Application\Home\Controller\UinfoController.class.php 第 301 行.
SQL: SHOW COLUMNS FROM `query` [ RunTime:0.0026s ]
SQL: SELECT query.query,answer.answer FROM `query` right JOIN answer on query.id=answer.qid  WHERE ( query.uid=0 ) ORDER BY rand()  [ RunTime:0.0003s ]

[ 2015-08-17T12:34:30+08:00 ] 127.0.0.1 /index.php/uinfo/GetQuery?uid=2
INFO: [ app_init ] --START--
INFO: Run Behavior\BuildLiteBehavior [ RunTime:0.000035s ]
INFO: [ app_init ] --END-- [ RunTime:0.000635s ]
INFO: [ app_begin ] --START--
INFO: Run Behavior\ReadHtmlCacheBehavior [ RunTime:0.000892s ]
INFO: [ app_begin ] --END-- [ RunTime:0.001039s ]
NOTIC: [2048] Non-static method Home\models\Muser::GetQuery() should not be called statically, assuming $this from incompatible context D:\wamp1\www\tp\Application\Home\Controller\UinfoController.class.php 第 301 行.
SQL: SHOW COLUMNS FROM `query` [ RunTime:0.0051s ]
SQL: SELECT query.query,answer.answer FROM `query` right JOIN answer on query.id=answer.qid  WHERE ( query.uid=0 ) ORDER BY rand()  [ RunTime:0.0006s ]

[ 2015-08-17T12:34:30+08:00 ] 127.0.0.1 /index.php/uinfo/GetQuery?uid=2
INFO: [ app_init ] --START--
INFO: Run Behavior\BuildLiteBehavior [ RunTime:0.000034s ]
INFO: [ app_init ] --END-- [ RunTime:0.000629s ]
INFO: [ app_begin ] --START--
INFO: Run Behavior\ReadHtmlCacheBehavior [ RunTime:0.000858s ]
INFO: [ app_begin ] --END-- [ RunTime:0.000996s ]
NOTIC: [2048] Non-static method Home\models\Muser::GetQuery() should not be called statically, assuming $this from incompatible context D:\wamp1\www\tp\Application\Home\Controller\UinfoController.class.php 第 301 行.
SQL: SHOW COLUMNS FROM `query` [ RunTime:0.0048s ]
SQL: SELECT query.query,answer.answer FROM `query` right JOIN answer on query.id=answer.qid  WHERE ( query.uid=0 ) ORDER BY rand()  [ RunTime:0.0006s ]

[ 2015-08-17T12:34:30+08:00 ] 127.0.0.1 /index.php/uinfo/GetQuery?uid=2
INFO: [ app_init ] --START--
INFO: Run Behavior\BuildLiteBehavior [ RunTime:0.000035s ]
INFO: [ app_init ] --END-- [ RunTime:0.000610s ]
INFO: [ app_begin ] --START--
INFO: Run Behavior\ReadHtmlCacheBehavior [ RunTime:0.000873s ]
INFO: [ app_begin ] --END-- [ RunTime:0.001014s ]
NOTIC: [2048] Non-static method Home\models\Muser::GetQuery() should not be called statically, assuming $this from incompatible context D:\wamp1\www\tp\Application\Home\Controller\UinfoController.class.php 第 301 行.
SQL: SHOW COLUMNS FROM `query` [ RunTime:0.0051s ]
SQL: SELECT query.query,answer.answer FROM `query` right JOIN answer on query.id=answer.qid  WHERE ( query.uid=0 ) ORDER BY rand()  [ RunTime:0.0006s ]

[ 2015-08-17T12:34:31+08:00 ] 127.0.0.1 /index.php/uinfo/GetQuery?uid=2
INFO: [ app_init ] --START--
INFO: Run Behavior\BuildLiteBehavior [ RunTime:0.000022s ]
INFO: [ app_init ] --END-- [ RunTime:0.000401s ]
INFO: [ app_begin ] --START--
INFO: Run Behavior\ReadHtmlCacheBehavior [ RunTime:0.000550s ]
INFO: [ app_begin ] --END-- [ RunTime:0.000641s ]
NOTIC: [2048] Non-static method Home\models\Muser::GetQuery() should not be called statically, assuming $this from incompatible context D:\wamp1\www\tp\Application\Home\Controller\UinfoController.class.php 第 301 行.
SQL: SHOW COLUMNS FROM `query` [ RunTime:0.0029s ]
SQL: SELECT query.query,answer.answer FROM `query` right JOIN answer on query.id=answer.qid  WHERE ( query.uid=0 ) ORDER BY rand()  [ RunTime:0.0003s ]

[ 2015-08-17T12:34:31+08:00 ] 127.0.0.1 /index.php/uinfo/GetQuery?uid=2
INFO: [ app_init ] --START--
INFO: Run Behavior\BuildLiteBehavior [ RunTime:0.000033s ]
INFO: [ app_init ] --END-- [ RunTime:0.000612s ]
INFO: [ app_begin ] --START--
INFO: Run Behavior\ReadHtmlCacheBehavior [ RunTime:0.000838s ]
INFO: [ app_begin ] --END-- [ RunTime:0.000977s ]
NOTIC: [2048] Non-static method Home\models\Muser::GetQuery() should not be called statically, assuming $this from incompatible context D:\wamp1\www\tp\Application\Home\Controller\UinfoController.class.php 第 301 行.
SQL: SHOW COLUMNS FROM `query` [ RunTime:0.0050s ]
SQL: SELECT query.query,answer.answer FROM `query` right JOIN answer on query.id=answer.qid  WHERE ( query.uid=0 ) ORDER BY rand()  [ RunTime:0.0006s ]

[ 2015-08-17T12:34:31+08:00 ] 127.0.0.1 /index.php/uinfo/GetQuery?uid=2
INFO: [ app_init ] --START--
INFO: Run Behavior\BuildLiteBehavior [ RunTime:0.000034s ]
INFO: [ app_init ] --END-- [ RunTime:0.000612s ]
INFO: [ app_begin ] --START--
INFO: Run Behavior\ReadHtmlCacheBehavior [ RunTime:0.000916s ]
INFO: [ app_begin ] --END-- [ RunTime:0.001058s ]
NOTIC: [2048] Non-static method Home\models\Muser::GetQuery() should not be called statically, assuming $this from incompatible context D:\wamp1\www\tp\Application\Home\Controller\UinfoController.class.php 第 301 行.
SQL: SHOW COLUMNS FROM `query` [ RunTime:0.0031s ]
SQL: SELECT query.query,answer.answer FROM `query` right JOIN answer on query.id=answer.qid  WHERE ( query.uid=0 ) ORDER BY rand()  [ RunTime:0.0004s ]

[ 2015-08-17T12:34:31+08:00 ] 127.0.0.1 /index.php/uinfo/GetQuery?uid=2
INFO: [ app_init ] --START--
INFO: Run Behavior\BuildLiteBehavior [ RunTime:0.000040s ]
INFO: [ app_init ] --END-- [ RunTime:0.000695s ]
INFO: [ app_begin ] --START--
INFO: Run Behavior\ReadHtmlCacheBehavior [ RunTime:0.000984s ]
INFO: [ app_begin ] --END-- [ RunTime:0.001147s ]
NOTIC: [2048] Non-static method Home\models\Muser::GetQuery() should not be called statically, assuming $this from incompatible context D:\wamp1\www\tp\Application\Home\Controller\UinfoController.class.php 第 301 行.
SQL: SHOW COLUMNS FROM `query` [ RunTime:0.0037s ]
SQL: SELECT query.query,answer.answer FROM `query` right JOIN answer on query.id=answer.qid  WHERE ( query.uid=0 ) ORDER BY rand()  [ RunTime:0.0004s ]

[ 2015-08-17T12:34:31+08:00 ] 127.0.0.1 /index.php/uinfo/GetQuery?uid=2
INFO: [ app_init ] --START--
INFO: Run Behavior\BuildLiteBehavior [ RunTime:0.000035s ]
INFO: [ app_init ] --END-- [ RunTime:0.000620s ]
INFO: [ app_begin ] --START--
INFO: Run Behavior\ReadHtmlCacheBehavior [ RunTime:0.001028s ]
INFO: [ app_begin ] --END-- [ RunTime:0.001277s ]
NOTIC: [2048] Non-static method Home\models\Muser::GetQuery() should not be called statically, assuming $this from incompatible context D:\wamp1\www\tp\Application\Home\Controller\UinfoController.class.php 第 301 行.
SQL: SHOW COLUMNS FROM `query` [ RunTime:0.0051s ]
SQL: SELECT query.query,answer.answer FROM `query` right JOIN answer on query.id=answer.qid  WHERE ( query.uid=0 ) ORDER BY rand()  [ RunTime:0.0007s ]

[ 2015-08-17T12:34:31+08:00 ] 127.0.0.1 /index.php/uinfo/GetQuery?uid=2
INFO: [ app_init ] --START--
INFO: Run Behavior\BuildLiteBehavior [ RunTime:0.000016s ]
INFO: [ app_init ] --END-- [ RunTime:0.000281s ]
INFO: [ app_begin ] --START--
INFO: Run Behavior\ReadHtmlCacheBehavior [ RunTime:0.000417s ]
INFO: [ app_begin ] --END-- [ RunTime:0.000481s ]
NOTIC: [2048] Non-static method Home\models\Muser::GetQuery() should not be called statically, assuming $this from incompatible context D:\wamp1\www\tp\Application\Home\Controller\UinfoController.class.php 第 301 行.
SQL: SHOW COLUMNS FROM `query` [ RunTime:0.0027s ]
SQL: SELECT query.query,answer.answer FROM `query` right JOIN answer on query.id=answer.qid  WHERE ( query.uid=0 ) ORDER BY rand()  [ RunTime:0.0003s ]

[ 2015-08-17T12:34:32+08:00 ] 127.0.0.1 /index.php/uinfo/GetQuery?uid=2
INFO: [ app_init ] --START--
INFO: Run Behavior\BuildLiteBehavior [ RunTime:0.000062s ]
INFO: [ app_init ] --END-- [ RunTime:0.001132s ]
INFO: [ app_begin ] --START--
INFO: Run Behavior\ReadHtmlCacheBehavior [ RunTime:0.001764s ]
INFO: [ app_begin ] --END-- [ RunTime:0.002032s ]
NOTIC: [2048] Non-static method Home\models\Muser::GetQuery() should not be called statically, assuming $this from incompatible context D:\wamp1\www\tp\Application\Home\Controller\UinfoController.class.php 第 301 行.
SQL: SHOW COLUMNS FROM `query` [ RunTime:0.0055s ]
SQL: SELECT query.query,answer.answer FROM `query` right JOIN answer on query.id=answer.qid  WHERE ( query.uid=0 ) ORDER BY rand()  [ RunTime:0.0007s ]

[ 2015-08-17T12:34:32+08:00 ] 127.0.0.1 /index.php/uinfo/GetQuery?uid=2
INFO: [ app_init ] --START--
INFO: Run Behavior\BuildLiteBehavior [ RunTime:0.000026s ]
INFO: [ app_init ] --END-- [ RunTime:0.000475s ]
INFO: [ app_begin ] --START--
INFO: Run Behavior\ReadHtmlCacheBehavior [ RunTime:0.000642s ]
INFO: [ app_begin ] --END-- [ RunTime:0.000752s ]
NOTIC: [2048] Non-static method Home\models\Muser::GetQuery() should not be called statically, assuming $this from incompatible context D:\wamp1\www\tp\Application\Home\Controller\UinfoController.class.php 第 301 行.
SQL: SHOW COLUMNS FROM `query` [ RunTime:0.0040s ]
SQL: SELECT query.query,answer.answer FROM `query` right JOIN answer on query.id=answer.qid  WHERE ( query.uid=0 ) ORDER BY rand()  [ RunTime:0.0005s ]

[ 2015-08-17T12:34:32+08:00 ] 127.0.0.1 /index.php/uinfo/GetQuery?uid=2
INFO: [ app_init ] --START--
INFO: Run Behavior\BuildLiteBehavior [ RunTime:0.000049s ]
INFO: [ app_init ] --END-- [ RunTime:0.000883s ]
INFO: [ app_begin ] --START--
INFO: Run Behavior\ReadHtmlCacheBehavior [ RunTime:0.001208s ]
INFO: [ app_begin ] --END-- [ RunTime:0.001403s ]
NOTIC: [2048] Non-static method Home\models\Muser::GetQuery() should not be called statically, assuming $this from incompatible context D:\wamp1\www\tp\Application\Home\Controller\UinfoController.class.php 第 301 行.
SQL: SHOW COLUMNS FROM `query` [ RunTime:0.0039s ]
SQL: SELECT query.query,answer.answer FROM `query` right JOIN answer on query.id=answer.qid  WHERE ( query.uid=0 ) ORDER BY rand()  [ RunTime:0.0005s ]

[ 2015-08-17T12:34:32+08:00 ] 127.0.0.1 /index.php/uinfo/GetQuery?uid=2
INFO: [ app_init ] --START--
INFO: Run Behavior\BuildLiteBehavior [ RunTime:0.000015s ]
INFO: [ app_init ] --END-- [ RunTime:0.000312s ]
INFO: [ app_begin ] --START--
INFO: Run Behavior\ReadHtmlCacheBehavior [ RunTime:0.000385s ]
INFO: [ app_begin ] --END-- [ RunTime:0.000449s ]
NOTIC: [2048] Non-static method Home\models\Muser::GetQuery() should not be called statically, assuming $this from incompatible context D:\wamp1\www\tp\Application\Home\Controller\UinfoController.class.php 第 301 行.
SQL: SHOW COLUMNS FROM `query` [ RunTime:0.0032s ]
SQL: SELECT query.query,answer.answer FROM `query` right JOIN answer on query.id=answer.qid  WHERE ( query.uid=0 ) ORDER BY rand()  [ RunTime:0.0004s ]

[ 2015-08-17T12:34:32+08:00 ] 127.0.0.1 /index.php/uinfo/GetQuery?uid=2
INFO: [ app_init ] --START--
INFO: Run Behavior\BuildLiteBehavior [ RunTime:0.000032s ]
INFO: [ app_init ] --END-- [ RunTime:0.000554s ]
INFO: [ app_begin ] --START--
INFO: Run Behavior\ReadHtmlCacheBehavior [ RunTime:0.000825s ]
INFO: [ app_begin ] --END-- [ RunTime:0.000959s ]
NOTIC: [2048] Non-static method Home\models\Muser::GetQuery() should not be called statically, assuming $this from incompatible context D:\wamp1\www\tp\Application\Home\Controller\UinfoController.class.php 第 301 行.
SQL: SHOW COLUMNS FROM `query` [ RunTime:0.0026s ]
SQL: SELECT query.query,answer.answer FROM `query` right JOIN answer on query.id=answer.qid  WHERE ( query.uid=0 ) ORDER BY rand()  [ RunTime:0.0003s ]

[ 2015-08-17T12:34:33+08:00 ] 127.0.0.1 /index.php/uinfo/GetQuery?uid=2
INFO: [ app_init ] --START--
INFO: Run Behavior\BuildLiteBehavior [ RunTime:0.000040s ]
INFO: [ app_init ] --END-- [ RunTime:0.000721s ]
INFO: [ app_begin ] --START--
INFO: Run Behavior\ReadHtmlCacheBehavior [ RunTime:0.001022s ]
INFO: [ app_begin ] --END-- [ RunTime:0.001197s ]
NOTIC: [2048] Non-static method Home\models\Muser::GetQuery() should not be called statically, assuming $this from incompatible context D:\wamp1\www\tp\Application\Home\Controller\UinfoController.class.php 第 301 行.
SQL: SHOW COLUMNS FROM `query` [ RunTime:0.0060s ]
SQL: SELECT query.query,answer.answer FROM `query` right JOIN answer on query.id=answer.qid  WHERE ( query.uid=0 ) ORDER BY rand()  [ RunTime:0.0008s ]

[ 2015-08-17T12:34:33+08:00 ] 127.0.0.1 /index.php/uinfo/GetQuery?uid=2
INFO: [ app_init ] --START--
INFO: Run Behavior\BuildLiteBehavior [ RunTime:0.000025s ]
INFO: [ app_init ] --END-- [ RunTime:0.000454s ]
INFO: [ app_begin ] --START--
INFO: Run Behavior\ReadHtmlCacheBehavior [ RunTime:0.000642s ]
INFO: [ app_begin ] --END-- [ RunTime:0.000746s ]
NOTIC: [2048] Non-static method Home\models\Muser::GetQuery() should not be called statically, assuming $this from incompatible context D:\wamp1\www\tp\Application\Home\Controller\UinfoController.class.php 第 301 行.
SQL: SHOW COLUMNS FROM `query` [ RunTime:0.0037s ]
SQL: SELECT query.query,answer.answer FROM `query` right JOIN answer on query.id=answer.qid  WHERE ( query.uid=0 ) ORDER BY rand()  [ RunTime:0.0005s ]

[ 2015-08-17T12:34:33+08:00 ] 127.0.0.1 /index.php/uinfo/GetQuery?uid=2
INFO: [ app_init ] --START--
INFO: Run Behavior\BuildLiteBehavior [ RunTime:0.000050s ]
INFO: [ app_init ] --END-- [ RunTime:0.000917s ]
INFO: [ app_begin ] --START--
INFO: Run Behavior\ReadHtmlCacheBehavior [ RunTime:0.001292s ]
INFO: [ app_begin ] --END-- [ RunTime:0.001508s ]
NOTIC: [2048] Non-static method Home\models\Muser::GetQuery() should not be called statically, assuming $this from incompatible context D:\wamp1\www\tp\Application\Home\Controller\UinfoController.class.php 第 301 行.
SQL: SHOW COLUMNS FROM `query` [ RunTime:0.0037s ]
SQL: SELECT query.query,answer.answer FROM `query` right JOIN answer on query.id=answer.qid  WHERE ( query.uid=0 ) ORDER BY rand()  [ RunTime:0.0005s ]

[ 2015-08-17T12:34:33+08:00 ] 127.0.0.1 /index.php/uinfo/GetQuery?uid=2
INFO: [ app_init ] --START--
INFO: Run Behavior\BuildLiteBehavior [ RunTime:0.000026s ]
INFO: [ app_init ] --END-- [ RunTime:0.000472s ]
INFO: [ app_begin ] --START--
INFO: Run Behavior\ReadHtmlCacheBehavior [ RunTime:0.000634s ]
INFO: [ app_begin ] --END-- [ RunTime:0.000737s ]
NOTIC: [2048] Non-static method Home\models\Muser::GetQuery() should not be called statically, assuming $this from incompatible context D:\wamp1\www\tp\Application\Home\Controller\UinfoController.class.php 第 301 行.
SQL: SHOW COLUMNS FROM `query` [ RunTime:0.0041s ]
SQL: SELECT query.query,answer.answer FROM `query` right JOIN answer on query.id=answer.qid  WHERE ( query.uid=0 ) ORDER BY rand()  [ RunTime:0.0005s ]

[ 2015-08-17T12:34:33+08:00 ] 127.0.0.1 /index.php/uinfo/GetQuery?uid=2
INFO: [ app_init ] --START--
INFO: Run Behavior\BuildLiteBehavior [ RunTime:0.000026s ]
INFO: [ app_init ] --END-- [ RunTime:0.000453s ]
INFO: [ app_begin ] --START--
INFO: Run Behavior\ReadHtmlCacheBehavior [ RunTime:0.000795s ]
INFO: [ app_begin ] --END-- [ RunTime:0.000901s ]
NOTIC: [2048] Non-static method Home\models\Muser::GetQuery() should not be called statically, assuming $this from incompatible context D:\wamp1\www\tp\Application\Home\Controller\UinfoController.class.php 第 301 行.
SQL: SHOW COLUMNS FROM `query` [ RunTime:0.0040s ]
SQL: SELECT query.query,answer.answer FROM `query` right JOIN answer on query.id=answer.qid  WHERE ( query.uid=0 ) ORDER BY rand()  [ RunTime:0.0005s ]

[ 2015-08-17T12:34:33+08:00 ] 127.0.0.1 /index.php/uinfo/GetQuery?uid=2
INFO: [ app_init ] --START--
INFO: Run Behavior\BuildLiteBehavior [ RunTime:0.000040s ]
INFO: [ app_init ] --END-- [ RunTime:0.000714s ]
INFO: [ app_begin ] --START--
INFO: Run Behavior\ReadHtmlCacheBehavior [ RunTime:0.001070s ]
INFO: [ app_begin ] --END-- [ RunTime:0.001235s ]
NOTIC: [2048] Non-static method Home\models\Muser::GetQuery() should not be called statically, assuming $this from incompatible context D:\wamp1\www\tp\Application\Home\Controller\UinfoController.class.php 第 301 行.
SQL: SHOW COLUMNS FROM `query` [ RunTime:0.0033s ]
SQL: SELECT query.query,answer.answer FROM `query` right JOIN answer on query.id=answer.qid  WHERE ( query.uid=0 ) ORDER BY rand()  [ RunTime:0.0004s ]

[ 2015-08-17T12:34:34+08:00 ] 127.0.0.1 /index.php/uinfo/GetQuery?uid=2
INFO: [ app_init ] --START--
INFO: Run Behavior\BuildLiteBehavior [ RunTime:0.000039s ]
INFO: [ app_init ] --END-- [ RunTime:0.000713s ]
INFO: [ app_begin ] --START--
INFO: Run Behavior\ReadHtmlCacheBehavior [ RunTime:0.000970s ]
INFO: [ app_begin ] --END-- [ RunTime:0.001128s ]
NOTIC: [2048] Non-static method Home\models\Muser::GetQuery() should not be called statically, assuming $this from incompatible context D:\wamp1\www\tp\Application\Home\Controller\UinfoController.class.php 第 301 行.
SQL: SHOW COLUMNS FROM `query` [ RunTime:0.0039s ]
SQL: SELECT query.query,answer.answer FROM `query` right JOIN answer on query.id=answer.qid  WHERE ( query.uid=0 ) ORDER BY rand()  [ RunTime:0.0005s ]

[ 2015-08-17T12:34:34+08:00 ] 127.0.0.1 /index.php/uinfo/GetQuery?uid=2
INFO: [ app_init ] --START--
INFO: Run Behavior\BuildLiteBehavior [ RunTime:0.000039s ]
INFO: [ app_init ] --END-- [ RunTime:0.000704s ]
INFO: [ app_begin ] --START--
INFO: Run Behavior\ReadHtmlCacheBehavior [ RunTime:0.001012s ]
INFO: [ app_begin ] --END-- [ RunTime:0.001177s ]
NOTIC: [2048] Non-static method Home\models\Muser::GetQuery() should not be called statically, assuming $this from incompatible context D:\wamp1\www\tp\Application\Home\Controller\UinfoController.class.php 第 301 行.
SQL: SHOW COLUMNS FROM `query` [ RunTime:0.0034s ]
SQL: SELECT query.query,answer.answer FROM `query` right JOIN answer on query.id=answer.qid  WHERE ( query.uid=0 ) ORDER BY rand()  [ RunTime:0.0006s ]

[ 2015-08-17T12:34:55+08:00 ] 127.0.0.1 /index.php/uinfo/GetQuery?uid=2
INFO: [ app_init ] --START--
INFO: Run Behavior\BuildLiteBehavior [ RunTime:0.000032s ]
INFO: [ app_init ] --END-- [ RunTime:0.000778s ]
INFO: [ app_begin ] --START--
INFO: Run Behavior\ReadHtmlCacheBehavior [ RunTime:0.000924s ]
INFO: [ app_begin ] --END-- [ RunTime:0.001072s ]
NOTIC: [2048] Non-static method Home\models\Muser::GetQuery() should not be called statically, assuming $this from incompatible context D:\wamp1\www\tp\Application\Home\Controller\UinfoController.class.php 第 301 行.
SQL: SHOW COLUMNS FROM `query` [ RunTime:0.0042s ]
SQL: SELECT query.query,answer.answer FROM `query` left JOIN answer on query.id=answer.qid  WHERE ( query.uid=0 ) ORDER BY rand() LIMIT 1   [ RunTime:0.0004s ]

[ 2015-08-17T12:35:04+08:00 ] 127.0.0.1 /index.php/uinfo/GetQuery?uid=2
INFO: [ app_init ] --START--
INFO: Run Behavior\BuildLiteBehavior [ RunTime:0.000040s ]
INFO: [ app_init ] --END-- [ RunTime:0.000749s ]
INFO: [ app_begin ] --START--
INFO: Run Behavior\ReadHtmlCacheBehavior [ RunTime:0.001066s ]
INFO: [ app_begin ] --END-- [ RunTime:0.001230s ]
NOTIC: [2048] Non-static method Home\models\Muser::GetQuery() should not be called statically, assuming $this from incompatible context D:\wamp1\www\tp\Application\Home\Controller\UinfoController.class.php 第 301 行.
SQL: SHOW COLUMNS FROM `query` [ RunTime:0.0065s ]
SQL: SELECT query.query,answer.answer FROM `query` right JOIN answer on query.id=answer.qid  WHERE ( query.uid=0 ) ORDER BY rand() LIMIT 1   [ RunTime:0.0008s ]

[ 2015-08-17T12:35:04+08:00 ] 127.0.0.1 /index.php/uinfo/GetQuery?uid=2
INFO: [ app_init ] --START--
INFO: Run Behavior\BuildLiteBehavior [ RunTime:0.000025s ]
INFO: [ app_init ] --END-- [ RunTime:0.000708s ]
INFO: [ app_begin ] --START--
INFO: Run Behavior\ReadHtmlCacheBehavior [ RunTime:0.000623s ]
INFO: [ app_begin ] --END-- [ RunTime:0.000741s ]
NOTIC: [2048] Non-static method Home\models\Muser::GetQuery() should not be called statically, assuming $this from incompatible context D:\wamp1\www\tp\Application\Home\Controller\UinfoController.class.php 第 301 行.
SQL: SHOW COLUMNS FROM `query` [ RunTime:0.0038s ]
SQL: SELECT query.query,answer.answer FROM `query` right JOIN answer on query.id=answer.qid  WHERE ( query.uid=0 ) ORDER BY rand() LIMIT 1   [ RunTime:0.0005s ]

[ 2015-08-17T12:35:04+08:00 ] 127.0.0.1 /index.php/uinfo/GetQuery?uid=2
INFO: [ app_init ] --START--
INFO: Run Behavior\BuildLiteBehavior [ RunTime:0.000030s ]
INFO: [ app_init ] --END-- [ RunTime:0.000453s ]
INFO: [ app_begin ] --START--
INFO: Run Behavior\ReadHtmlCacheBehavior [ RunTime:0.000583s ]
INFO: [ app_begin ] --END-- [ RunTime:0.000679s ]
NOTIC: [2048] Non-static method Home\models\Muser::GetQuery() should not be called statically, assuming $this from incompatible context D:\wamp1\www\tp\Application\Home\Controller\UinfoController.class.php 第 301 行.
SQL: SHOW COLUMNS FROM `query` [ RunTime:0.0034s ]
SQL: SELECT query.query,answer.answer FROM `query` right JOIN answer on query.id=answer.qid  WHERE ( query.uid=0 ) ORDER BY rand() LIMIT 1   [ RunTime:0.0005s ]

[ 2015-08-17T13:11:09+08:00 ] 127.0.0.1 /index.php/uinfo/GetQuery?uid=2
INFO: [ app_init ] --START--
INFO: Run Behavior\BuildLiteBehavior [ RunTime:0.000017s ]
INFO: [ app_init ] --END-- [ RunTime:0.000332s ]
INFO: [ app_begin ] --START--
INFO: Run Behavior\ReadHtmlCacheBehavior [ RunTime:0.000449s ]
INFO: [ app_begin ] --END-- [ RunTime:0.000521s ]
NOTIC: [2048] Non-static method Home\models\Muser::GetQuery() should not be called statically, assuming $this from incompatible context D:\wamp1\www\tp\Application\Home\Controller\UinfoController.class.php 第 301 行.
SQL: SHOW COLUMNS FROM `query` [ RunTime:0.0028s ]
SQL: SELECT query.query,answer.answer FROM `query` left JOIN answer on query.id=answer.qid  WHERE ( query.uid=0 ) ORDER BY rand() LIMIT 1   [ RunTime:0.0004s ]

[ 2015-08-17T13:11:25+08:00 ] 127.0.0.1 /index.php/uinfo/GetQuery?uid=2
INFO: [ app_init ] --START--
INFO: Run Behavior\BuildLiteBehavior [ RunTime:0.000031s ]
INFO: [ app_init ] --END-- [ RunTime:0.000558s ]
INFO: [ app_begin ] --START--
INFO: Run Behavior\ReadHtmlCacheBehavior [ RunTime:0.000750s ]
INFO: [ app_begin ] --END-- [ RunTime:0.000873s ]
NOTIC: [2048] Non-static method Home\models\Muser::GetQuery() should not be called statically, assuming $this from incompatible context D:\wamp1\www\tp\Application\Home\Controller\UinfoController.class.php 第 301 行.
SQL: SHOW COLUMNS FROM `query` [ RunTime:0.0040s ]
SQL: SELECT query.query,answer.answer FROM `query` left JOIN answer on query.id=answer.qid  WHERE ( query.uid=0 ) ORDER BY rand()  [ RunTime:0.0005s ]

[ 2015-08-17T13:11:40+08:00 ] 127.0.0.1 /index.php/uinfo/GetQuery?uid=2
INFO: [ app_init ] --START--
INFO: Run Behavior\BuildLiteBehavior [ RunTime:0.000026s ]
INFO: [ app_init ] --END-- [ RunTime:0.000409s ]
INFO: [ app_begin ] --START--
INFO: Run Behavior\ReadHtmlCacheBehavior [ RunTime:0.000678s ]
INFO: [ app_begin ] --END-- [ RunTime:0.000773s ]
NOTIC: [2048] Non-static method Home\models\Muser::GetQuery() should not be called statically, assuming $this from incompatible context D:\wamp1\www\tp\Application\Home\Controller\UinfoController.class.php 第 301 行.
SQL: SHOW COLUMNS FROM `query` [ RunTime:0.0029s ]
SQL: SELECT query.query,answer.answer FROM `query` left JOIN answer on query.id=answer.qid  WHERE ( query.uid=0 ) ORDER BY rand() LIMIT 1   [ RunTime:0.0004s ]

[ 2015-08-17T13:12:11+08:00 ] 127.0.0.1 /index.php/uinfo/GetQuery?uid=2
INFO: [ app_init ] --START--
INFO: Run Behavior\BuildLiteBehavior [ RunTime:0.000039s ]
INFO: [ app_init ] --END-- [ RunTime:0.000782s ]
INFO: [ app_begin ] --START--
INFO: Run Behavior\ReadHtmlCacheBehavior [ RunTime:0.001060s ]
INFO: [ app_begin ] --END-- [ RunTime:0.001319s ]
NOTIC: [2048] Non-static method Home\models\Muser::GetQuery() should not be called statically, assuming $this from incompatible context D:\wamp1\www\tp\Application\Home\Controller\UinfoController.class.php 第 301 行.
SQL: SHOW COLUMNS FROM `query` [ RunTime:0.0058s ]
SQL: SELECT * FROM `query` WHERE ( query.uid=0 ) ORDER BY rand() LIMIT 1   [ RunTime:0.0008s ]

[ 2015-08-17T13:12:58+08:00 ] 127.0.0.1 /index.php/uinfo/GetQuery?uid=2
INFO: [ app_init ] --START--
INFO: Run Behavior\BuildLiteBehavior [ RunTime:0.000041s ]
INFO: [ app_init ] --END-- [ RunTime:0.000976s ]
INFO: [ app_begin ] --START--
INFO: Run Behavior\ReadHtmlCacheBehavior [ RunTime:0.001171s ]
INFO: [ app_begin ] --END-- [ RunTime:0.001371s ]
NOTIC: [2048] Non-static method Home\models\Muser::GetQuery() should not be called statically, assuming $this from incompatible context D:\wamp1\www\tp\Application\Home\Controller\UinfoController.class.php 第 301 行.
SQL: SHOW COLUMNS FROM `query` [ RunTime:0.0060s ]
SQL: SELECT `query` FROM `query` WHERE ( query.uid=0 ) ORDER BY rand() LIMIT 1   [ RunTime:0.0006s ]

[ 2015-08-17T13:13:05+08:00 ] 127.0.0.1 /index.php/uinfo/GetQuery?uid=2
INFO: [ app_init ] --START--
INFO: Run Behavior\BuildLiteBehavior [ RunTime:0.000025s ]
INFO: [ app_init ] --END-- [ RunTime:0.000470s ]
INFO: [ app_begin ] --START--
INFO: Run Behavior\ReadHtmlCacheBehavior [ RunTime:0.000673s ]
INFO: [ app_begin ] --END-- [ RunTime:0.000771s ]
NOTIC: [2048] Non-static method Home\models\Muser::GetQuery() should not be called statically, assuming $this from incompatible context D:\wamp1\www\tp\Application\Home\Controller\UinfoController.class.php 第 301 行.
SQL: SHOW COLUMNS FROM `query` [ RunTime:0.0031s ]
SQL: SELECT `query` FROM `query` WHERE ( query.uid=0 ) ORDER BY rand() LIMIT 1   [ RunTime:0.0003s ]

[ 2015-08-17T13:13:06+08:00 ] 127.0.0.1 /index.php/uinfo/GetQuery?uid=2
INFO: [ app_init ] --START--
INFO: Run Behavior\BuildLiteBehavior [ RunTime:0.000040s ]
INFO: [ app_init ] --END-- [ RunTime:0.000718s ]
INFO: [ app_begin ] --START--
INFO: Run Behavior\ReadHtmlCacheBehavior [ RunTime:0.001003s ]
INFO: [ app_begin ] --END-- [ RunTime:0.001169s ]
NOTIC: [2048] Non-static method Home\models\Muser::GetQuery() should not be called statically, assuming $this from incompatible context D:\wamp1\www\tp\Application\Home\Controller\UinfoController.class.php 第 301 行.
SQL: SHOW COLUMNS FROM `query` [ RunTime:0.0044s ]
SQL: SELECT `query` FROM `query` WHERE ( query.uid=0 ) ORDER BY rand() LIMIT 1   [ RunTime:0.0004s ]

[ 2015-08-17T13:13:06+08:00 ] 127.0.0.1 /index.php/uinfo/GetQuery?uid=2
INFO: [ app_init ] --START--
INFO: Run Behavior\BuildLiteBehavior [ RunTime:0.000035s ]
INFO: [ app_init ] --END-- [ RunTime:0.000643s ]
INFO: [ app_begin ] --START--
INFO: Run Behavior\ReadHtmlCacheBehavior [ RunTime:0.000852s ]
INFO: [ app_begin ] --END-- [ RunTime:0.000991s ]
NOTIC: [2048] Non-static method Home\models\Muser::GetQuery() should not be called statically, assuming $this from incompatible context D:\wamp1\www\tp\Application\Home\Controller\UinfoController.class.php 第 301 行.
SQL: SHOW COLUMNS FROM `query` [ RunTime:0.0029s ]
SQL: SELECT `query` FROM `query` WHERE ( query.uid=0 ) ORDER BY rand() LIMIT 1   [ RunTime:0.0004s ]

[ 2015-08-17T13:14:13+08:00 ] 127.0.0.1 /index.php/uinfo/GetQuery?uid=2
INFO: [ app_init ] --START--
INFO: Run Behavior\BuildLiteBehavior [ RunTime:0.000040s ]
INFO: [ app_init ] --END-- [ RunTime:0.000788s ]
INFO: [ app_begin ] --START--
INFO: Run Behavior\ReadHtmlCacheBehavior [ RunTime:0.001306s ]
INFO: [ app_begin ] --END-- [ RunTime:0.001475s ]
NOTIC: [2048] Non-static method Home\models\Muser::GetQuery() should not be called statically, assuming $this from incompatible context D:\wamp1\www\tp\Application\Home\Controller\UinfoController.class.php 第 301 行.
SQL: SHOW COLUMNS FROM `query` [ RunTime:0.0030s ]
SQL: SELECT `query`,`id` FROM `query` WHERE ( query.uid=0 ) ORDER BY rand() LIMIT 1   [ RunTime:0.0004s ]
SQL: SHOW COLUMNS FROM `answer` [ RunTime:0.0028s ]
SQL: SELECT * FROM `answer` WHERE ( qid=1 )  [ RunTime:0.0003s ]

[ 2015-08-17T13:14:50+08:00 ] 127.0.0.1 /index.php/uinfo/GetQuery?uid=2
INFO: [ app_init ] --START--
INFO: Run Behavior\BuildLiteBehavior [ RunTime:0.000041s ]
INFO: [ app_init ] --END-- [ RunTime:0.000780s ]
INFO: [ app_begin ] --START--
INFO: Run Behavior\ReadHtmlCacheBehavior [ RunTime:0.001071s ]
INFO: [ app_begin ] --END-- [ RunTime:0.001235s ]
NOTIC: [2048] Non-static method Home\models\Muser::GetQuery() should not be called statically, assuming $this from incompatible context D:\wamp1\www\tp\Application\Home\Controller\UinfoController.class.php 第 301 行.
SQL: SHOW COLUMNS FROM `query` [ RunTime:0.0025s ]
SQL: SELECT `query`,`id` FROM `query` WHERE ( query.uid=0 ) ORDER BY rand() LIMIT 1   [ RunTime:0.0003s ]
SQL: SHOW COLUMNS FROM `answer` [ RunTime:0.0022s ]
SQL: SELECT `id`,`answer` FROM `answer` WHERE ( qid=1 )  [ RunTime:0.0002s ]

[ 2015-08-17T15:03:50+08:00 ] 127.0.0.1 /index.php/uinfo/GetMessage?uid=2
INFO: [ app_init ] --START--
INFO: Run Behavior\BuildLiteBehavior [ RunTime:0.000019s ]
INFO: [ app_init ] --END-- [ RunTime:0.000397s ]
INFO: [ app_begin ] --START--
INFO: Run Behavior\ReadHtmlCacheBehavior [ RunTime:0.000475s ]
INFO: [ app_begin ] --END-- [ RunTime:0.000548s ]
NOTIC: [2048] Non-static method Home\models\Muser::GetMessageByUid() should not be called statically, assuming $this from incompatible context D:\wamp1\www\tp\Application\Home\Controller\UinfoController.class.php 第 352 行.
SQL: SHOW COLUMNS FROM `message` [ RunTime:0.0024s ]
SQL: SELECT COUNT(*) AS tp_count FROM `message` WHERE `to` = 2 LIMIT 1   [ RunTime:0.0002s ]
INFO: [ app_end ] --START--
INFO: Run Behavior\ShowPageTraceBehavior [ RunTime:0.010510s ]
INFO: [ app_end ] --END-- [ RunTime:0.010603s ]

