[ 2015-08-14T10:35:13+08:00 ] 127.0.0.1 /favicon.ico
INFO: [ app_init ] --START--
INFO: Run Behavior\BuildLiteBehavior [ RunTime:0.000066s ]
INFO: [ app_init ] --END-- [ RunTime:0.001430s ]

[ 2015-08-14T16:06:57+08:00 ] 127.0.0.1 /index.php?s=/article/daypassart&uid=3
INFO: [ app_init ] --START--
INFO: Run Behavior\BuildLiteBehavior [ RunTime:0.000019s ]
INFO: [ app_init ] --END-- [ RunTime:0.000353s ]
INFO: [ app_begin ] --START--
INFO: Run Behavior\ReadHtmlCacheBehavior [ RunTime:0.000625s ]
INFO: [ app_begin ] --END-- [ RunTime:0.000698s ]
SQL: SHOW COLUMNS FROM `pass_relation` [ RunTime:0.0029s ]
SQL: SELECT * FROM `pass_relation` WHERE ( uid=3 )  [ RunTime:0.0002s ]
SQL: SHOW COLUMNS FROM `hard_relation` [ RunTime:0.0026s ]

[ 2015-08-14T16:06:57+08:00 ] 127.0.0.1 /favicon.ico
INFO: [ app_init ] --START--
INFO: Run Behavior\BuildLiteBehavior [ RunTime:0.000018s ]
INFO: [ app_init ] --END-- [ RunTime:0.000353s ]

[ 2015-08-14T16:06:57+08:00 ] 127.0.0.1 /favicon.ico
INFO: [ app_init ] --START--
INFO: Run Behavior\BuildLiteBehavior [ RunTime:0.000016s ]
INFO: [ app_init ] --END-- [ RunTime:0.000379s ]

[ 2015-08-14T16:07:07+08:00 ] 127.0.0.1 /index.php?s=/article/daypassart&uid=3
INFO: [ app_init ] --START--
INFO: Run Behavior\BuildLiteBehavior [ RunTime:0.000019s ]
INFO: [ app_init ] --END-- [ RunTime:0.000395s ]
INFO: [ app_begin ] --START--
INFO: Run Behavior\ReadHtmlCacheBehavior [ RunTime:0.000577s ]
INFO: [ app_begin ] --END-- [ RunTime:0.000647s ]
SQL: SHOW COLUMNS FROM `pass_relation` [ RunTime:0.0027s ]
SQL: SELECT * FROM `pass_relation` WHERE ( uid=3 )  [ RunTime:0.0002s ]
SQL: SHOW COLUMNS FROM `hard_relation` [ RunTime:0.0025s ]

[ 2015-08-14T16:08:28+08:00 ] 127.0.0.1 /index.php?s=/article/daypassart&uid=3
INFO: [ app_init ] --START--
INFO: Run Behavior\BuildLiteBehavior [ RunTime:0.000020s ]
INFO: [ app_init ] --END-- [ RunTime:0.000406s ]
INFO: [ app_begin ] --START--
INFO: Run Behavior\ReadHtmlCacheBehavior [ RunTime:0.000637s ]
INFO: [ app_begin ] --END-- [ RunTime:0.000734s ]
SQL: SHOW COLUMNS FROM `pass_relation` [ RunTime:0.0028s ]
SQL: SELECT * FROM `pass_relation` WHERE ( uid=3 )  [ RunTime:0.0003s ]
SQL: SHOW COLUMNS FROM `hard_relation` [ RunTime:0.0027s ]

[ 2015-08-14T16:55:41+08:00 ] 127.0.0.1 /index.php?s=/article/daypassart&uid=3
INFO: [ app_init ] --START--
INFO: Run Behavior\BuildLiteBehavior [ RunTime:0.000018s ]
INFO: [ app_init ] --END-- [ RunTime:0.000369s ]
INFO: [ app_begin ] --START--
INFO: Run Behavior\ReadHtmlCacheBehavior [ RunTime:0.000655s ]
INFO: [ app_begin ] --END-- [ RunTime:0.000723s ]
SQL: SHOW COLUMNS FROM `pass_relation` [ RunTime:0.0026s ]

[ 2015-08-14T16:56:01+08:00 ] 127.0.0.1 /index.php?s=/article/daypassart&uid=3
INFO: [ app_init ] --START--
INFO: Run Behavior\BuildLiteBehavior [ RunTime:0.000024s ]
INFO: [ app_init ] --END-- [ RunTime:0.000503s ]
INFO: [ app_begin ] --START--
INFO: Run Behavior\ReadHtmlCacheBehavior [ RunTime:0.000807s ]
INFO: [ app_begin ] --END-- [ RunTime:0.000908s ]
SQL: SHOW COLUMNS FROM `pass_relation` [ RunTime:0.0041s ]

[ 2015-08-14T16:56:02+08:00 ] 127.0.0.1 /index.php?s=/article/daypassart&uid=3
INFO: [ app_init ] --START--
INFO: Run Behavior\BuildLiteBehavior [ RunTime:0.000039s ]
INFO: [ app_init ] --END-- [ RunTime:0.001013s ]
INFO: [ app_begin ] --START--
INFO: Run Behavior\ReadHtmlCacheBehavior [ RunTime:0.000837s ]
INFO: [ app_begin ] --END-- [ RunTime:0.000962s ]
SQL: SHOW COLUMNS FROM `pass_relation` [ RunTime:0.0033s ]

[ 2015-08-14T16:56:18+08:00 ] 127.0.0.1 /index.php?s=/article/daypassart&uid=3
INFO: [ app_init ] --START--
INFO: Run Behavior\BuildLiteBehavior [ RunTime:0.000032s ]
INFO: [ app_init ] --END-- [ RunTime:0.000666s ]
INFO: [ app_begin ] --START--
INFO: Run Behavior\ReadHtmlCacheBehavior [ RunTime:0.001167s ]
INFO: [ app_begin ] --END-- [ RunTime:0.001295s ]
SQL: SHOW COLUMNS FROM `pass_relation` [ RunTime:0.0028s ]

[ 2015-08-14T16:56:39+08:00 ] 127.0.0.1 /index.php?s=/article/daypassart&uid=3
INFO: [ app_init ] --START--
INFO: Run Behavior\BuildLiteBehavior [ RunTime:0.000019s ]
INFO: [ app_init ] --END-- [ RunTime:0.000400s ]
INFO: [ app_begin ] --START--
INFO: Run Behavior\ReadHtmlCacheBehavior [ RunTime:0.000561s ]
INFO: [ app_begin ] --END-- [ RunTime:0.000628s ]
SQL: SHOW COLUMNS FROM `pass_relation` [ RunTime:0.0026s ]

