[ 2015-08-03T10:15:03+08:00 ] 127.0.0.1 /
INFO: [ app_init ] --START--
INFO: Run Behavior\BuildLiteBehavior [ RunTime:0.000016s ]
INFO: [ app_init ] --END-- [ RunTime:0.000366s ]
INFO: [ app_begin ] --START--
INFO: Run Behavior\ReadHtmlCacheBehavior [ RunTime:0.000499s ]
INFO: [ app_begin ] --END-- [ RunTime:0.000573s ]
INFO: [ view_parse ] --START--
INFO: Run Behavior\ParseTemplateBehavior [ RunTime:0.007514s ]
INFO: [ view_parse ] --END-- [ RunTime:0.007613s ]
INFO: [ view_filter ] --START--
INFO: Run Behavior\WriteHtmlCacheBehavior [ RunTime:0.004550s ]
INFO: [ view_filter ] --END-- [ RunTime:0.004648s ]

[ 2015-08-03T10:15:03+08:00 ] 127.0.0.1 /favicon.ico
INFO: [ app_init ] --START--
INFO: Run Behavior\BuildLiteBehavior [ RunTime:0.000017s ]
INFO: [ app_init ] --END-- [ RunTime:0.000305s ]

[ 2015-08-03T10:15:03+08:00 ] 127.0.0.1 /favicon.ico
INFO: [ app_init ] --START--
INFO: Run Behavior\BuildLiteBehavior [ RunTime:0.000017s ]
INFO: [ app_init ] --END-- [ RunTime:0.000286s ]

[ 2015-08-03T11:13:13+08:00 ] 127.0.0.1 /browserconfig.xml
INFO: [ app_init ] --START--
INFO: Run Behavior\BuildLiteBehavior [ RunTime:0.000019s ]
INFO: [ app_init ] --END-- [ RunTime:0.000348s ]
INFO: [ app_begin ] --START--
INFO: Run Behavior\ReadHtmlCacheBehavior [ RunTime:0.000487s ]
INFO: [ app_begin ] --END-- [ RunTime:0.000556s ]
ERR: 无法加载控制器:Browserconfig.xml

[ 2015-08-03T11:24:39+08:00 ] 127.0.0.1 /index.php?s=/user/region/username/aaa/password/1111
INFO: [ app_init ] --START--
INFO: Run Behavior\BuildLiteBehavior [ RunTime:0.000020s ]
INFO: [ app_init ] --END-- [ RunTime:0.000390s ]
INFO: [ app_begin ] --START--
INFO: Run Behavior\ReadHtmlCacheBehavior [ RunTime:0.000530s ]
INFO: [ app_begin ] --END-- [ RunTime:0.000617s ]
SQL: SHOW COLUMNS FROM `auto_prename` [ RunTime:0.0189s ]
SQL: SELECT `name` FROM `auto_prename` ORDER BY rand() LIMIT 1   [ RunTime:0.0003s ]
SQL: SHOW COLUMNS FROM `auto_latename` [ RunTime:0.0068s ]
SQL: SELECT `name` FROM `auto_latename` ORDER BY rand() LIMIT 1   [ RunTime:0.0002s ]
SQL: SHOW COLUMNS FROM `user` [ RunTime:0.0023s ]
SQL: SELECT * FROM `user` WHERE `name` = '慈悲的小猪'  [ RunTime:0.0002s ]
SQL: SHOW COLUMNS FROM `auto_head` [ RunTime:0.0035s ]
SQL: SELECT `img` FROM `auto_head` ORDER BY rand() LIMIT 1   [ RunTime:0.0003s ]
SQL: SELECT * FROM `user` WHERE `username` = 'aaa' LIMIT 1   [ RunTime:0.0001s ]
SQL: SHOW COLUMNS FROM `user` [ RunTime:0.0022s ]
SQL: INSERT INTO `user` (`username`,`password`,`name`,`timeline`) VALUES ('aaa','4057485f70703f4f32e90b50b2546ea5','慈悲的小猪','1438572279') [ RunTime:0.0002s ]
SQL: SHOW COLUMNS FROM `userinfo` [ RunTime:0.0023s ]
SQL: INSERT INTO `userinfo` (`headimg`,`sex`,`tag`,`uptime`,`timeline`) VALUES ('public/headimg/20150429_110936.jpg','0','0','1438572279','1438572279') [ RunTime:0.0002s ]

[ 2015-08-03T11:39:06+08:00 ] 127.0.0.1 /index.php?s=/user/region/username/aaa/password/1111
INFO: [ app_init ] --START--
INFO: Run Behavior\BuildLiteBehavior [ RunTime:0.000019s ]
INFO: [ app_init ] --END-- [ RunTime:0.000341s ]
INFO: [ app_begin ] --START--
INFO: Run Behavior\ReadHtmlCacheBehavior [ RunTime:0.000562s ]
INFO: [ app_begin ] --END-- [ RunTime:0.000635s ]
SQL: SHOW COLUMNS FROM `auto_prename` [ RunTime:0.0025s ]
SQL: SELECT `name` FROM `auto_prename` ORDER BY rand() LIMIT 1   [ RunTime:0.0003s ]
SQL: SHOW COLUMNS FROM `auto_latename` [ RunTime:0.0021s ]
SQL: SELECT `name` FROM `auto_latename` ORDER BY rand() LIMIT 1   [ RunTime:0.0003s ]
SQL: SHOW COLUMNS FROM `user` [ RunTime:0.0022s ]
SQL: SELECT * FROM `user` WHERE `name` = '善良的小猪'  [ RunTime:0.0002s ]
SQL: SHOW COLUMNS FROM `auto_head` [ RunTime:0.0024s ]
SQL: SELECT `img` FROM `auto_head` ORDER BY rand() LIMIT 1   [ RunTime:0.0004s ]
SQL: SELECT * FROM `user` WHERE `username` = 'aaa' LIMIT 1   [ RunTime:0.0002s ]

[ 2015-08-03T11:40:29+08:00 ] 127.0.0.1 /index.php?s=/user/region/username/aaa/password/1111
INFO: [ app_init ] --START--
INFO: Run Behavior\BuildLiteBehavior [ RunTime:0.000019s ]
INFO: [ app_init ] --END-- [ RunTime:0.000314s ]
INFO: [ app_begin ] --START--
INFO: Run Behavior\ReadHtmlCacheBehavior [ RunTime:0.000620s ]
INFO: [ app_begin ] --END-- [ RunTime:0.000691s ]
SQL: SHOW COLUMNS FROM `auto_prename` [ RunTime:0.0025s ]
SQL: SELECT `name` FROM `auto_prename` ORDER BY rand() LIMIT 1   [ RunTime:0.0003s ]
SQL: SHOW COLUMNS FROM `auto_latename` [ RunTime:0.0022s ]
SQL: SELECT `name` FROM `auto_latename` ORDER BY rand() LIMIT 1   [ RunTime:0.0003s ]
SQL: SHOW COLUMNS FROM `user` [ RunTime:0.0021s ]
SQL: SELECT * FROM `user` WHERE `name` = '慈悲的凳子'  [ RunTime:0.0002s ]
SQL: SHOW COLUMNS FROM `auto_head` [ RunTime:0.0023s ]
SQL: SELECT `img` FROM `auto_head` ORDER BY rand() LIMIT 1   [ RunTime:0.0003s ]
SQL: SELECT * FROM `user` WHERE `username` = 'aaa' LIMIT 1   [ RunTime:0.0002s ]

[ 2015-08-03T11:40:30+08:00 ] 127.0.0.1 /index.php?s=/user/region/username/aaa/password/1111
INFO: [ app_init ] --START--
INFO: Run Behavior\BuildLiteBehavior [ RunTime:0.000020s ]
INFO: [ app_init ] --END-- [ RunTime:0.000309s ]
INFO: [ app_begin ] --START--
INFO: Run Behavior\ReadHtmlCacheBehavior [ RunTime:0.000515s ]
INFO: [ app_begin ] --END-- [ RunTime:0.000611s ]
SQL: SHOW COLUMNS FROM `auto_prename` [ RunTime:0.0023s ]
SQL: SELECT `name` FROM `auto_prename` ORDER BY rand() LIMIT 1   [ RunTime:0.0003s ]
SQL: SHOW COLUMNS FROM `auto_latename` [ RunTime:0.0021s ]
SQL: SELECT `name` FROM `auto_latename` ORDER BY rand() LIMIT 1   [ RunTime:0.0003s ]
SQL: SHOW COLUMNS FROM `user` [ RunTime:0.0021s ]
SQL: SELECT * FROM `user` WHERE `name` = '善良的苹果'  [ RunTime:0.0002s ]
SQL: SHOW COLUMNS FROM `auto_head` [ RunTime:0.0022s ]
SQL: SELECT `img` FROM `auto_head` ORDER BY rand() LIMIT 1   [ RunTime:0.0003s ]
SQL: SELECT * FROM `user` WHERE `username` = 'aaa' LIMIT 1   [ RunTime:0.0002s ]

[ 2015-08-03T11:42:01+08:00 ] 127.0.0.1 /index.php?s=/user/region&username=aaa&password=1111
INFO: [ app_init ] --START--
INFO: Run Behavior\BuildLiteBehavior [ RunTime:0.000023s ]
INFO: [ app_init ] --END-- [ RunTime:0.000410s ]
INFO: [ app_begin ] --START--
INFO: Run Behavior\ReadHtmlCacheBehavior [ RunTime:0.000598s ]
INFO: [ app_begin ] --END-- [ RunTime:0.000681s ]
SQL: SHOW COLUMNS FROM `auto_prename` [ RunTime:0.0029s ]
SQL: SELECT `name` FROM `auto_prename` ORDER BY rand() LIMIT 1   [ RunTime:0.0004s ]
SQL: SHOW COLUMNS FROM `auto_latename` [ RunTime:0.0027s ]
SQL: SELECT `name` FROM `auto_latename` ORDER BY rand() LIMIT 1   [ RunTime:0.0003s ]
SQL: SHOW COLUMNS FROM `user` [ RunTime:0.0026s ]
SQL: SELECT * FROM `user` WHERE `name` = '慈悲的苹果'  [ RunTime:0.0002s ]
SQL: SHOW COLUMNS FROM `auto_head` [ RunTime:0.0024s ]
SQL: SELECT `img` FROM `auto_head` ORDER BY rand() LIMIT 1   [ RunTime:0.0003s ]
SQL: SELECT * FROM `user` WHERE `username` = 'aaa' LIMIT 1   [ RunTime:0.0002s ]

[ 2015-08-03T11:42:17+08:00 ] 127.0.0.1 /index.php?s=/user/region&username=ewqkjeqkwe&password=1111
INFO: [ app_init ] --START--
INFO: Run Behavior\BuildLiteBehavior [ RunTime:0.000020s ]
INFO: [ app_init ] --END-- [ RunTime:0.000312s ]
INFO: [ app_begin ] --START--
INFO: Run Behavior\ReadHtmlCacheBehavior [ RunTime:0.000533s ]
INFO: [ app_begin ] --END-- [ RunTime:0.000604s ]
SQL: SHOW COLUMNS FROM `auto_prename` [ RunTime:0.0023s ]
SQL: SELECT `name` FROM `auto_prename` ORDER BY rand() LIMIT 1   [ RunTime:0.0002s ]
SQL: SHOW COLUMNS FROM `auto_latename` [ RunTime:0.0022s ]
SQL: SELECT `name` FROM `auto_latename` ORDER BY rand() LIMIT 1   [ RunTime:0.0002s ]
SQL: SHOW COLUMNS FROM `user` [ RunTime:0.0023s ]
SQL: SELECT * FROM `user` WHERE `name` = '勇敢的苹果'  [ RunTime:0.0002s ]
SQL: SHOW COLUMNS FROM `auto_head` [ RunTime:0.0023s ]
SQL: SELECT `img` FROM `auto_head` ORDER BY rand() LIMIT 1   [ RunTime:0.0003s ]
SQL: SELECT * FROM `user` WHERE `username` = 'ewqkjeqkwe' LIMIT 1   [ RunTime:0.0002s ]
SQL: SHOW COLUMNS FROM `user` [ RunTime:0.0022s ]
SQL: INSERT INTO `user` (`username`,`password`,`name`,`timeline`) VALUES ('ewqkjeqkwe','4057485f70703f4f32e90b50b2546ea5','勇敢的苹果','1438573337') [ RunTime:0.0002s ]
SQL: SHOW COLUMNS FROM `userinfo` [ RunTime:0.0023s ]
SQL: INSERT INTO `userinfo` (`headimg`,`sex`,`tag`,`uptime`,`timeline`) VALUES ('public/headimg/20150429_110936.jpg','0','0','1438573337','1438573337') [ RunTime:0.1439s ]

[ 2015-08-03T11:44:28+08:00 ] 127.0.0.1 /index.php?s=/user/region&username=ewqkjeqkwe&password=1111
INFO: [ app_init ] --START--
INFO: Run Behavior\BuildLiteBehavior [ RunTime:0.000021s ]
INFO: [ app_init ] --END-- [ RunTime:0.000411s ]
INFO: [ app_begin ] --START--
INFO: Run Behavior\ReadHtmlCacheBehavior [ RunTime:0.000619s ]
INFO: [ app_begin ] --END-- [ RunTime:0.000695s ]
SQL: SHOW COLUMNS FROM `auto_prename` [ RunTime:0.0024s ]
SQL: SELECT `name` FROM `auto_prename` ORDER BY rand() LIMIT 1   [ RunTime:0.0003s ]
SQL: SHOW COLUMNS FROM `auto_latename` [ RunTime:0.0022s ]
SQL: SELECT `name` FROM `auto_latename` ORDER BY rand() LIMIT 1   [ RunTime:0.0003s ]
SQL: SHOW COLUMNS FROM `user` [ RunTime:0.0023s ]
SQL: SELECT * FROM `user` WHERE `name` = '善良的凳子'  [ RunTime:0.0002s ]
SQL: SHOW COLUMNS FROM `auto_head` [ RunTime:0.0022s ]
SQL: SELECT `img` FROM `auto_head` ORDER BY rand() LIMIT 1   [ RunTime:0.0002s ]
SQL: SELECT * FROM `user` WHERE `username` = 'ewqkjeqkwe' LIMIT 1   [ RunTime:0.0002s ]

[ 2015-08-03T11:44:30+08:00 ] 127.0.0.1 /index.php?s=/user/region&username=ewqkjeqkwe&password=1111
INFO: [ app_init ] --START--
INFO: Run Behavior\BuildLiteBehavior [ RunTime:0.000018s ]
INFO: [ app_init ] --END-- [ RunTime:0.000346s ]
INFO: [ app_begin ] --START--
INFO: Run Behavior\ReadHtmlCacheBehavior [ RunTime:0.000576s ]
INFO: [ app_begin ] --END-- [ RunTime:0.000647s ]
SQL: SHOW COLUMNS FROM `auto_prename` [ RunTime:0.0022s ]
SQL: SELECT `name` FROM `auto_prename` ORDER BY rand() LIMIT 1   [ RunTime:0.0003s ]
SQL: SHOW COLUMNS FROM `auto_latename` [ RunTime:0.0021s ]
SQL: SELECT `name` FROM `auto_latename` ORDER BY rand() LIMIT 1   [ RunTime:0.0002s ]
SQL: SHOW COLUMNS FROM `user` [ RunTime:0.0022s ]
SQL: SELECT * FROM `user` WHERE `name` = '慈悲的苹果'  [ RunTime:0.0002s ]
SQL: SHOW COLUMNS FROM `auto_head` [ RunTime:0.0022s ]
SQL: SELECT `img` FROM `auto_head` ORDER BY rand() LIMIT 1   [ RunTime:0.0003s ]
SQL: SELECT * FROM `user` WHERE `username` = 'ewqkjeqkwe' LIMIT 1   [ RunTime:0.0002s ]

[ 2015-08-03T11:57:49+08:00 ] 127.0.0.1 /index.php?s=/user/region&username=ewqkjeqkwe&password=1111
INFO: [ app_init ] --START--
INFO: Run Behavior\BuildLiteBehavior [ RunTime:0.000021s ]
INFO: [ app_init ] --END-- [ RunTime:0.000409s ]
INFO: [ app_begin ] --START--
INFO: Run Behavior\ReadHtmlCacheBehavior [ RunTime:0.000520s ]
INFO: [ app_begin ] --END-- [ RunTime:0.000591s ]
SQL: SHOW COLUMNS FROM `auto_prename` [ RunTime:0.0023s ]
SQL: SELECT `name` FROM `auto_prename` ORDER BY rand() LIMIT 1   [ RunTime:0.0003s ]
SQL: SHOW COLUMNS FROM `auto_latename` [ RunTime:0.0020s ]
SQL: SELECT `name` FROM `auto_latename` ORDER BY rand() LIMIT 1   [ RunTime:0.0003s ]
SQL: SHOW COLUMNS FROM `user` [ RunTime:0.0023s ]
SQL: SELECT * FROM `user` WHERE `name` = '善良的凳子'  [ RunTime:0.0003s ]
SQL: SHOW COLUMNS FROM `auto_head` [ RunTime:0.0026s ]
SQL: SELECT `img` FROM `auto_head` ORDER BY rand() LIMIT 1   [ RunTime:0.0003s ]
SQL: SELECT * FROM `user` WHERE `username` = 'ewqkjeqkwe' LIMIT 1   [ RunTime:0.0002s ]
SQL: SHOW COLUMNS FROM `user` [ RunTime:0.0022s ]
SQL: INSERT INTO `user` (`username`,`password`,`name`,`timeline`) VALUES ('ewqkjeqkwe','4057485f70703f4f32e90b50b2546ea5','善良的凳子','1438574269') [ RunTime:0.0002s ]
SQL: SHOW COLUMNS FROM `userinfo` [ RunTime:0.0023s ]
ERR: SQLSTATE[23000]: Integrity constraint violation: 1048 Column 'headimg' cannot be null

[ 2015-08-03T11:58:06+08:00 ] 127.0.0.1 /index.php?s=/user/region&username=ewqkjeqkwe&password=1111
INFO: [ app_init ] --START--
INFO: Run Behavior\BuildLiteBehavior [ RunTime:0.000019s ]
INFO: [ app_init ] --END-- [ RunTime:0.000342s ]
INFO: [ app_begin ] --START--
INFO: Run Behavior\ReadHtmlCacheBehavior [ RunTime:0.000527s ]
INFO: [ app_begin ] --END-- [ RunTime:0.000601s ]
SQL: SHOW COLUMNS FROM `auto_prename` [ RunTime:0.0026s ]
SQL: SELECT `name` FROM `auto_prename` ORDER BY rand() LIMIT 1   [ RunTime:0.0003s ]
SQL: SHOW COLUMNS FROM `auto_latename` [ RunTime:0.0022s ]
SQL: SELECT `name` FROM `auto_latename` ORDER BY rand() LIMIT 1   [ RunTime:0.0002s ]
SQL: SHOW COLUMNS FROM `user` [ RunTime:0.0021s ]
SQL: SELECT * FROM `user` WHERE `name` = '勇敢的凳子'  [ RunTime:0.0002s ]
SQL: SHOW COLUMNS FROM `auto_head` [ RunTime:0.0024s ]
SQL: SELECT `img` FROM `auto_head` ORDER BY rand() LIMIT 1   [ RunTime:0.0002s ]
SQL: SELECT * FROM `user` WHERE `username` = 'ewqkjeqkwe' LIMIT 1   [ RunTime:0.0001s ]
SQL: SHOW COLUMNS FROM `user` [ RunTime:0.0022s ]
SQL: INSERT INTO `user` (`username`,`password`,`name`,`timeline`) VALUES ('ewqkjeqkwe','4057485f70703f4f32e90b50b2546ea5','勇敢的凳子','1438574286') [ RunTime:0.0002s ]
SQL: SHOW COLUMNS FROM `userinfo` [ RunTime:0.0024s ]
ERR: SQLSTATE[23000]: Integrity constraint violation: 1048 Column 'headimg' cannot be null

[ 2015-08-03T11:58:07+08:00 ] 127.0.0.1 /index.php?s=/user/region&username=ewqkjeqkwe&password=1111
INFO: [ app_init ] --START--
INFO: Run Behavior\BuildLiteBehavior [ RunTime:0.000017s ]
INFO: [ app_init ] --END-- [ RunTime:0.000303s ]
INFO: [ app_begin ] --START--
INFO: Run Behavior\ReadHtmlCacheBehavior [ RunTime:0.000504s ]
INFO: [ app_begin ] --END-- [ RunTime:0.000575s ]
SQL: SHOW COLUMNS FROM `auto_prename` [ RunTime:0.0027s ]
SQL: SELECT `name` FROM `auto_prename` ORDER BY rand() LIMIT 1   [ RunTime:0.0003s ]
SQL: SHOW COLUMNS FROM `auto_latename` [ RunTime:0.0023s ]
SQL: SELECT `name` FROM `auto_latename` ORDER BY rand() LIMIT 1   [ RunTime:0.0002s ]
SQL: SHOW COLUMNS FROM `user` [ RunTime:0.0023s ]
SQL: SELECT * FROM `user` WHERE `name` = '善良的凳子'  [ RunTime:0.0002s ]
SQL: SHOW COLUMNS FROM `auto_head` [ RunTime:0.0022s ]
SQL: SELECT `img` FROM `auto_head` ORDER BY rand() LIMIT 1   [ RunTime:0.0003s ]
SQL: SELECT * FROM `user` WHERE `username` = 'ewqkjeqkwe' LIMIT 1   [ RunTime:0.0002s ]
SQL: SHOW COLUMNS FROM `user` [ RunTime:0.0023s ]
SQL: INSERT INTO `user` (`username`,`password`,`name`,`timeline`) VALUES ('ewqkjeqkwe','4057485f70703f4f32e90b50b2546ea5','善良的凳子','1438574287') [ RunTime:0.0002s ]
SQL: SHOW COLUMNS FROM `userinfo` [ RunTime:0.0028s ]
ERR: SQLSTATE[23000]: Integrity constraint violation: 1048 Column 'headimg' cannot be null

[ 2015-08-03T11:58:08+08:00 ] 127.0.0.1 /index.php?s=/user/region&username=ewqkjeqkwe&password=1111
INFO: [ app_init ] --START--
INFO: Run Behavior\BuildLiteBehavior [ RunTime:0.000019s ]
INFO: [ app_init ] --END-- [ RunTime:0.000314s ]
INFO: [ app_begin ] --START--
INFO: Run Behavior\ReadHtmlCacheBehavior [ RunTime:0.000625s ]
INFO: [ app_begin ] --END-- [ RunTime:0.000697s ]
SQL: SHOW COLUMNS FROM `auto_prename` [ RunTime:0.0024s ]
SQL: SELECT `name` FROM `auto_prename` ORDER BY rand() LIMIT 1   [ RunTime:0.0003s ]
SQL: SHOW COLUMNS FROM `auto_latename` [ RunTime:0.0022s ]
SQL: SELECT `name` FROM `auto_latename` ORDER BY rand() LIMIT 1   [ RunTime:0.0003s ]
SQL: SHOW COLUMNS FROM `user` [ RunTime:0.0022s ]
SQL: SELECT * FROM `user` WHERE `name` = '善良的凳子'  [ RunTime:0.0002s ]
SQL: SHOW COLUMNS FROM `auto_head` [ RunTime:0.0023s ]
SQL: SELECT `img` FROM `auto_head` ORDER BY rand() LIMIT 1   [ RunTime:0.0002s ]
SQL: SELECT * FROM `user` WHERE `username` = 'ewqkjeqkwe' LIMIT 1   [ RunTime:0.0002s ]
SQL: SHOW COLUMNS FROM `user` [ RunTime:0.0024s ]
SQL: INSERT INTO `user` (`username`,`password`,`name`,`timeline`) VALUES ('ewqkjeqkwe','4057485f70703f4f32e90b50b2546ea5','善良的凳子','1438574288') [ RunTime:0.0002s ]
SQL: SHOW COLUMNS FROM `userinfo` [ RunTime:0.0023s ]
ERR: SQLSTATE[23000]: Integrity constraint violation: 1048 Column 'headimg' cannot be null

[ 2015-08-03T11:58:09+08:00 ] 127.0.0.1 /index.php?s=/user/region&username=ewqkjeqkwe&password=1111
INFO: [ app_init ] --START--
INFO: Run Behavior\BuildLiteBehavior [ RunTime:0.000020s ]
INFO: [ app_init ] --END-- [ RunTime:0.000315s ]
INFO: [ app_begin ] --START--
INFO: Run Behavior\ReadHtmlCacheBehavior [ RunTime:0.000521s ]
INFO: [ app_begin ] --END-- [ RunTime:0.000597s ]
SQL: SHOW COLUMNS FROM `auto_prename` [ RunTime:0.0023s ]
SQL: SELECT `name` FROM `auto_prename` ORDER BY rand() LIMIT 1   [ RunTime:0.0003s ]
SQL: SHOW COLUMNS FROM `auto_latename` [ RunTime:0.0021s ]
SQL: SELECT `name` FROM `auto_latename` ORDER BY rand() LIMIT 1   [ RunTime:0.0002s ]
SQL: SHOW COLUMNS FROM `user` [ RunTime:0.0021s ]
SQL: SELECT * FROM `user` WHERE `name` = '勇敢的苹果'  [ RunTime:0.0002s ]
SQL: SHOW COLUMNS FROM `auto_head` [ RunTime:0.0025s ]
SQL: SELECT `img` FROM `auto_head` ORDER BY rand() LIMIT 1   [ RunTime:0.0003s ]
SQL: SELECT * FROM `user` WHERE `username` = 'ewqkjeqkwe' LIMIT 1   [ RunTime:0.0002s ]
SQL: SHOW COLUMNS FROM `user` [ RunTime:0.0027s ]
SQL: INSERT INTO `user` (`username`,`password`,`name`,`timeline`) VALUES ('ewqkjeqkwe','4057485f70703f4f32e90b50b2546ea5','勇敢的苹果','1438574289') [ RunTime:0.0003s ]
SQL: SHOW COLUMNS FROM `userinfo` [ RunTime:0.0024s ]
ERR: SQLSTATE[23000]: Integrity constraint violation: 1048 Column 'headimg' cannot be null

[ 2015-08-03T11:58:09+08:00 ] 127.0.0.1 /index.php?s=/user/region&username=ewqkjeqkwe&password=1111
INFO: [ app_init ] --START--
INFO: Run Behavior\BuildLiteBehavior [ RunTime:0.000018s ]
INFO: [ app_init ] --END-- [ RunTime:0.000304s ]
INFO: [ app_begin ] --START--
INFO: Run Behavior\ReadHtmlCacheBehavior [ RunTime:0.000497s ]
INFO: [ app_begin ] --END-- [ RunTime:0.000566s ]
SQL: SHOW COLUMNS FROM `auto_prename` [ RunTime:0.0023s ]
SQL: SELECT `name` FROM `auto_prename` ORDER BY rand() LIMIT 1   [ RunTime:0.0003s ]
SQL: SHOW COLUMNS FROM `auto_latename` [ RunTime:0.0021s ]
SQL: SELECT `name` FROM `auto_latename` ORDER BY rand() LIMIT 1   [ RunTime:0.0002s ]
SQL: SHOW COLUMNS FROM `user` [ RunTime:0.0022s ]
SQL: SELECT * FROM `user` WHERE `name` = '慈悲的凳子'  [ RunTime:0.0002s ]
SQL: SHOW COLUMNS FROM `auto_head` [ RunTime:0.0021s ]
SQL: SELECT `img` FROM `auto_head` ORDER BY rand() LIMIT 1   [ RunTime:0.0003s ]
SQL: SELECT * FROM `user` WHERE `username` = 'ewqkjeqkwe' LIMIT 1   [ RunTime:0.0002s ]
SQL: SHOW COLUMNS FROM `user` [ RunTime:0.0023s ]
SQL: INSERT INTO `user` (`username`,`password`,`name`,`timeline`) VALUES ('ewqkjeqkwe','4057485f70703f4f32e90b50b2546ea5','慈悲的凳子','1438574289') [ RunTime:0.0002s ]
SQL: SHOW COLUMNS FROM `userinfo` [ RunTime:0.0021s ]
ERR: SQLSTATE[23000]: Integrity constraint violation: 1048 Column 'headimg' cannot be null

[ 2015-08-03T11:58:10+08:00 ] 127.0.0.1 /index.php?s=/user/region&username=ewqkjeqkwe&password=1111
INFO: [ app_init ] --START--
INFO: Run Behavior\BuildLiteBehavior [ RunTime:0.000018s ]
INFO: [ app_init ] --END-- [ RunTime:0.000301s ]
INFO: [ app_begin ] --START--
INFO: Run Behavior\ReadHtmlCacheBehavior [ RunTime:0.000548s ]
INFO: [ app_begin ] --END-- [ RunTime:0.000624s ]
SQL: SHOW COLUMNS FROM `auto_prename` [ RunTime:0.0025s ]
SQL: SELECT `name` FROM `auto_prename` ORDER BY rand() LIMIT 1   [ RunTime:0.0002s ]
SQL: SHOW COLUMNS FROM `auto_latename` [ RunTime:0.0020s ]
SQL: SELECT `name` FROM `auto_latename` ORDER BY rand() LIMIT 1   [ RunTime:0.0002s ]
SQL: SHOW COLUMNS FROM `user` [ RunTime:0.0021s ]
SQL: SELECT * FROM `user` WHERE `name` = '善良的小猪'  [ RunTime:0.0002s ]
SQL: SHOW COLUMNS FROM `auto_head` [ RunTime:0.0025s ]
SQL: SELECT `img` FROM `auto_head` ORDER BY rand() LIMIT 1   [ RunTime:0.0003s ]
SQL: SELECT * FROM `user` WHERE `username` = 'ewqkjeqkwe' LIMIT 1   [ RunTime:0.0002s ]
SQL: SHOW COLUMNS FROM `user` [ RunTime:0.0022s ]
SQL: INSERT INTO `user` (`username`,`password`,`name`,`timeline`) VALUES ('ewqkjeqkwe','4057485f70703f4f32e90b50b2546ea5','善良的小猪','1438574290') [ RunTime:0.0002s ]
SQL: SHOW COLUMNS FROM `userinfo` [ RunTime:0.0022s ]
ERR: SQLSTATE[23000]: Integrity constraint violation: 1048 Column 'headimg' cannot be null

[ 2015-08-03T11:58:11+08:00 ] 127.0.0.1 /index.php?s=/user/region&username=ewqkjeqkwe&password=1111
INFO: [ app_init ] --START--
INFO: Run Behavior\BuildLiteBehavior [ RunTime:0.000018s ]
INFO: [ app_init ] --END-- [ RunTime:0.000308s ]
INFO: [ app_begin ] --START--
INFO: Run Behavior\ReadHtmlCacheBehavior [ RunTime:0.000500s ]
INFO: [ app_begin ] --END-- [ RunTime:0.000571s ]
SQL: SHOW COLUMNS FROM `auto_prename` [ RunTime:0.0023s ]
SQL: SELECT `name` FROM `auto_prename` ORDER BY rand() LIMIT 1   [ RunTime:0.0003s ]
SQL: SHOW COLUMNS FROM `auto_latename` [ RunTime:0.0021s ]
SQL: SELECT `name` FROM `auto_latename` ORDER BY rand() LIMIT 1   [ RunTime:0.0002s ]
SQL: SHOW COLUMNS FROM `user` [ RunTime:0.0021s ]
SQL: SELECT * FROM `user` WHERE `name` = '善良的苹果'  [ RunTime:0.0002s ]
SQL: SHOW COLUMNS FROM `auto_head` [ RunTime:0.0022s ]
SQL: SELECT `img` FROM `auto_head` ORDER BY rand() LIMIT 1   [ RunTime:0.0002s ]
SQL: SELECT * FROM `user` WHERE `username` = 'ewqkjeqkwe' LIMIT 1   [ RunTime:0.0001s ]
SQL: SHOW COLUMNS FROM `user` [ RunTime:0.0023s ]
SQL: INSERT INTO `user` (`username`,`password`,`name`,`timeline`) VALUES ('ewqkjeqkwe','4057485f70703f4f32e90b50b2546ea5','善良的苹果','1438574291') [ RunTime:0.0002s ]
SQL: SHOW COLUMNS FROM `userinfo` [ RunTime:0.0026s ]
ERR: SQLSTATE[23000]: Integrity constraint violation: 1048 Column 'headimg' cannot be null

[ 2015-08-03T11:58:11+08:00 ] 127.0.0.1 /index.php?s=/user/region&username=ewqkjeqkwe&password=1111
INFO: [ app_init ] --START--
INFO: Run Behavior\BuildLiteBehavior [ RunTime:0.000020s ]
INFO: [ app_init ] --END-- [ RunTime:0.000310s ]
INFO: [ app_begin ] --START--
INFO: Run Behavior\ReadHtmlCacheBehavior [ RunTime:0.000513s ]
INFO: [ app_begin ] --END-- [ RunTime:0.000583s ]
SQL: SHOW COLUMNS FROM `auto_prename` [ RunTime:0.0024s ]
SQL: SELECT `name` FROM `auto_prename` ORDER BY rand() LIMIT 1   [ RunTime:0.0003s ]
SQL: SHOW COLUMNS FROM `auto_latename` [ RunTime:0.0022s ]
SQL: SELECT `name` FROM `auto_latename` ORDER BY rand() LIMIT 1   [ RunTime:0.0002s ]
SQL: SHOW COLUMNS FROM `user` [ RunTime:0.0022s ]
SQL: SELECT * FROM `user` WHERE `name` = '勇敢的小猪'  [ RunTime:0.0002s ]
SQL: SHOW COLUMNS FROM `auto_head` [ RunTime:0.0022s ]
SQL: SELECT `img` FROM `auto_head` ORDER BY rand() LIMIT 1   [ RunTime:0.0003s ]
SQL: SELECT * FROM `user` WHERE `username` = 'ewqkjeqkwe' LIMIT 1   [ RunTime:0.0002s ]
SQL: SHOW COLUMNS FROM `user` [ RunTime:0.0024s ]
SQL: INSERT INTO `user` (`username`,`password`,`name`,`timeline`) VALUES ('ewqkjeqkwe','4057485f70703f4f32e90b50b2546ea5','勇敢的小猪','1438574291') [ RunTime:0.0002s ]
SQL: SHOW COLUMNS FROM `userinfo` [ RunTime:0.0022s ]
ERR: SQLSTATE[23000]: Integrity constraint violation: 1048 Column 'headimg' cannot be null

[ 2015-08-03T11:58:12+08:00 ] 127.0.0.1 /index.php?s=/user/region&username=ewqkjeqkwe&password=1111
INFO: [ app_init ] --START--
INFO: Run Behavior\BuildLiteBehavior [ RunTime:0.000020s ]
INFO: [ app_init ] --END-- [ RunTime:0.000307s ]
INFO: [ app_begin ] --START--
INFO: Run Behavior\ReadHtmlCacheBehavior [ RunTime:0.000503s ]
INFO: [ app_begin ] --END-- [ RunTime:0.000571s ]
SQL: SHOW COLUMNS FROM `auto_prename` [ RunTime:0.0024s ]
SQL: SELECT `name` FROM `auto_prename` ORDER BY rand() LIMIT 1   [ RunTime:0.0004s ]
SQL: SHOW COLUMNS FROM `auto_latename` [ RunTime:0.0024s ]
SQL: SELECT `name` FROM `auto_latename` ORDER BY rand() LIMIT 1   [ RunTime:0.0004s ]
SQL: SHOW COLUMNS FROM `user` [ RunTime:0.0024s ]
SQL: SELECT * FROM `user` WHERE `name` = '勇敢的小猪'  [ RunTime:0.0002s ]
SQL: SHOW COLUMNS FROM `auto_head` [ RunTime:0.0021s ]
SQL: SELECT `img` FROM `auto_head` ORDER BY rand() LIMIT 1   [ RunTime:0.0002s ]
SQL: SELECT * FROM `user` WHERE `username` = 'ewqkjeqkwe' LIMIT 1   [ RunTime:0.0002s ]
SQL: SHOW COLUMNS FROM `user` [ RunTime:0.0023s ]
SQL: INSERT INTO `user` (`username`,`password`,`name`,`timeline`) VALUES ('ewqkjeqkwe','4057485f70703f4f32e90b50b2546ea5','勇敢的小猪','1438574292') [ RunTime:0.0002s ]
SQL: SHOW COLUMNS FROM `userinfo` [ RunTime:0.0023s ]
ERR: SQLSTATE[23000]: Integrity constraint violation: 1048 Column 'headimg' cannot be null

[ 2015-08-03T11:58:13+08:00 ] 127.0.0.1 /index.php?s=/user/region&username=ewqkjeqkwe&password=1111
INFO: [ app_init ] --START--
INFO: Run Behavior\BuildLiteBehavior [ RunTime:0.000019s ]
INFO: [ app_init ] --END-- [ RunTime:0.000443s ]
INFO: [ app_begin ] --START--
INFO: Run Behavior\ReadHtmlCacheBehavior [ RunTime:0.000521s ]
INFO: [ app_begin ] --END-- [ RunTime:0.000593s ]
SQL: SHOW COLUMNS FROM `auto_prename` [ RunTime:0.0023s ]
SQL: SELECT `name` FROM `auto_prename` ORDER BY rand() LIMIT 1   [ RunTime:0.0003s ]
SQL: SHOW COLUMNS FROM `auto_latename` [ RunTime:0.0022s ]
SQL: SELECT `name` FROM `auto_latename` ORDER BY rand() LIMIT 1   [ RunTime:0.0002s ]
SQL: SHOW COLUMNS FROM `user` [ RunTime:0.0021s ]
SQL: SELECT * FROM `user` WHERE `name` = '善良的苹果'  [ RunTime:0.0002s ]
SQL: SHOW COLUMNS FROM `auto_head` [ RunTime:0.0020s ]
SQL: SELECT `img` FROM `auto_head` ORDER BY rand() LIMIT 1   [ RunTime:0.0002s ]
SQL: SELECT * FROM `user` WHERE `username` = 'ewqkjeqkwe' LIMIT 1   [ RunTime:0.0002s ]
SQL: SHOW COLUMNS FROM `user` [ RunTime:0.0026s ]
SQL: INSERT INTO `user` (`username`,`password`,`name`,`timeline`) VALUES ('ewqkjeqkwe','4057485f70703f4f32e90b50b2546ea5','善良的苹果','1438574293') [ RunTime:0.0002s ]
SQL: SHOW COLUMNS FROM `userinfo` [ RunTime:0.0023s ]
ERR: SQLSTATE[23000]: Integrity constraint violation: 1048 Column 'headimg' cannot be null

[ 2015-08-03T11:58:13+08:00 ] 127.0.0.1 /index.php?s=/user/region&username=ewqkjeqkwe&password=1111
INFO: [ app_init ] --START--
INFO: Run Behavior\BuildLiteBehavior [ RunTime:0.000030s ]
INFO: [ app_init ] --END-- [ RunTime:0.000426s ]
INFO: [ app_begin ] --START--
INFO: Run Behavior\ReadHtmlCacheBehavior [ RunTime:0.000500s ]
INFO: [ app_begin ] --END-- [ RunTime:0.000572s ]
SQL: SHOW COLUMNS FROM `auto_prename` [ RunTime:0.0027s ]
SQL: SELECT `name` FROM `auto_prename` ORDER BY rand() LIMIT 1   [ RunTime:0.0003s ]
SQL: SHOW COLUMNS FROM `auto_latename` [ RunTime:0.0022s ]
SQL: SELECT `name` FROM `auto_latename` ORDER BY rand() LIMIT 1   [ RunTime:0.0002s ]
SQL: SHOW COLUMNS FROM `user` [ RunTime:0.0023s ]
SQL: SELECT * FROM `user` WHERE `name` = '善良的小猪'  [ RunTime:0.0002s ]
SQL: SHOW COLUMNS FROM `auto_head` [ RunTime:0.0021s ]
SQL: SELECT `img` FROM `auto_head` ORDER BY rand() LIMIT 1   [ RunTime:0.0003s ]
SQL: SELECT * FROM `user` WHERE `username` = 'ewqkjeqkwe' LIMIT 1   [ RunTime:0.0002s ]
SQL: SHOW COLUMNS FROM `user` [ RunTime:0.0024s ]
SQL: INSERT INTO `user` (`username`,`password`,`name`,`timeline`) VALUES ('ewqkjeqkwe','4057485f70703f4f32e90b50b2546ea5','善良的小猪','1438574293') [ RunTime:0.0002s ]
SQL: SHOW COLUMNS FROM `userinfo` [ RunTime:0.0025s ]
ERR: SQLSTATE[23000]: Integrity constraint violation: 1048 Column 'headimg' cannot be null

[ 2015-08-03T11:58:26+08:00 ] 127.0.0.1 /index.php?s=/user/region&username=ewqkjeqkwe&password=1111
INFO: [ app_init ] --START--
INFO: Run Behavior\BuildLiteBehavior [ RunTime:0.000019s ]
INFO: [ app_init ] --END-- [ RunTime:0.000378s ]
INFO: [ app_begin ] --START--
INFO: Run Behavior\ReadHtmlCacheBehavior [ RunTime:0.000533s ]
INFO: [ app_begin ] --END-- [ RunTime:0.000610s ]
SQL: SHOW COLUMNS FROM `auto_prename` [ RunTime:0.0024s ]
SQL: SELECT `name` FROM `auto_prename` ORDER BY rand() LIMIT 1   [ RunTime:0.0003s ]
SQL: SHOW COLUMNS FROM `auto_latename` [ RunTime:0.0022s ]
SQL: SELECT `name` FROM `auto_latename` ORDER BY rand() LIMIT 1   [ RunTime:0.0002s ]
SQL: SHOW COLUMNS FROM `user` [ RunTime:0.0022s ]
SQL: SELECT * FROM `user` WHERE `name` = '勇敢的凳子'  [ RunTime:0.0002s ]
SQL: SHOW COLUMNS FROM `auto_head` [ RunTime:0.0021s ]
SQL: SELECT `img` FROM `auto_head` ORDER BY rand() LIMIT 1   [ RunTime:0.0002s ]
SQL: SELECT * FROM `user` WHERE `username` = 'ewqkjeqkwe' LIMIT 1   [ RunTime:0.0002s ]
SQL: SHOW COLUMNS FROM `user` [ RunTime:0.0023s ]
SQL: INSERT INTO `user` (`username`,`password`,`name`,`timeline`) VALUES ('ewqkjeqkwe','4057485f70703f4f32e90b50b2546ea5','勇敢的凳子','1438574306') [ RunTime:0.0002s ]
SQL: SHOW COLUMNS FROM `userinfo` [ RunTime:0.0023s ]
ERR: SQLSTATE[23000]: Integrity constraint violation: 1048 Column 'headimg' cannot be null

[ 2015-08-03T11:58:27+08:00 ] 127.0.0.1 /index.php?s=/user/region&username=ewqkjeqkwe&password=1111
INFO: [ app_init ] --START--
INFO: Run Behavior\BuildLiteBehavior [ RunTime:0.000018s ]
INFO: [ app_init ] --END-- [ RunTime:0.000302s ]
INFO: [ app_begin ] --START--
INFO: Run Behavior\ReadHtmlCacheBehavior [ RunTime:0.000511s ]
INFO: [ app_begin ] --END-- [ RunTime:0.000580s ]
SQL: SHOW COLUMNS FROM `auto_prename` [ RunTime:0.0027s ]
SQL: SELECT `name` FROM `auto_prename` ORDER BY rand() LIMIT 1   [ RunTime:0.0003s ]
SQL: SHOW COLUMNS FROM `auto_latename` [ RunTime:0.0028s ]
SQL: SELECT `name` FROM `auto_latename` ORDER BY rand() LIMIT 1   [ RunTime:0.0003s ]
SQL: SHOW COLUMNS FROM `user` [ RunTime:0.0026s ]
SQL: SELECT * FROM `user` WHERE `name` = '善良的苹果'  [ RunTime:0.0002s ]
SQL: SHOW COLUMNS FROM `auto_head` [ RunTime:0.0022s ]
SQL: SELECT `img` FROM `auto_head` ORDER BY rand() LIMIT 1   [ RunTime:0.0003s ]
SQL: SELECT * FROM `user` WHERE `username` = 'ewqkjeqkwe' LIMIT 1   [ RunTime:0.0002s ]
SQL: SHOW COLUMNS FROM `user` [ RunTime:0.0024s ]
SQL: INSERT INTO `user` (`username`,`password`,`name`,`timeline`) VALUES ('ewqkjeqkwe','4057485f70703f4f32e90b50b2546ea5','善良的苹果','1438574307') [ RunTime:0.0002s ]
SQL: SHOW COLUMNS FROM `userinfo` [ RunTime:0.0023s ]
ERR: SQLSTATE[23000]: Integrity constraint violation: 1048 Column 'headimg' cannot be null

[ 2015-08-03T11:58:52+08:00 ] 127.0.0.1 /index.php?s=/user/region&username=ewqkjeqkwe&password=1111
INFO: [ app_init ] --START--
INFO: Run Behavior\BuildLiteBehavior [ RunTime:0.000018s ]
INFO: [ app_init ] --END-- [ RunTime:0.000317s ]
INFO: [ app_begin ] --START--
INFO: Run Behavior\ReadHtmlCacheBehavior [ RunTime:0.000652s ]
INFO: [ app_begin ] --END-- [ RunTime:0.000743s ]
SQL: SHOW COLUMNS FROM `auto_prename` [ RunTime:0.0023s ]
SQL: SELECT `name` FROM `auto_prename` ORDER BY rand() LIMIT 1   [ RunTime:0.0003s ]
SQL: SHOW COLUMNS FROM `auto_latename` [ RunTime:0.0025s ]
SQL: SELECT `name` FROM `auto_latename` ORDER BY rand() LIMIT 1   [ RunTime:0.0003s ]
SQL: SHOW COLUMNS FROM `user` [ RunTime:0.0025s ]
SQL: SELECT * FROM `user` WHERE `name` = '勇敢的小猪'  [ RunTime:0.0002s ]
SQL: SHOW COLUMNS FROM `auto_head` [ RunTime:0.0022s ]
SQL: SELECT `img` FROM `auto_head` ORDER BY rand() LIMIT 1   [ RunTime:0.0002s ]
SQL: SELECT * FROM `user` WHERE `username` = 'ewqkjeqkwe' LIMIT 1   [ RunTime:0.0002s ]
SQL: SHOW COLUMNS FROM `user` [ RunTime:0.0021s ]
SQL: INSERT INTO `user` (`username`,`password`,`name`,`timeline`) VALUES ('ewqkjeqkwe','4057485f70703f4f32e90b50b2546ea5','勇敢的小猪','1438574332') [ RunTime:0.0002s ]
SQL: SHOW COLUMNS FROM `userinfo` [ RunTime:0.0022s ]
ERR: SQLSTATE[23000]: Integrity constraint violation: 1452 Cannot add or update a child row: a foreign key constraint fails (`run`.`userinfo`, CONSTRAINT `uid` FOREIGN KEY (`uid`) REFERENCES `user` (`id`) ON DELETE CASCADE ON UPDATE NO ACTION)

[ 2015-08-03T12:03:43+08:00 ] 127.0.0.1 /index.php?s=/user/region&username=ewqkjeqkwe&password=1111
INFO: [ app_init ] --START--
INFO: Run Behavior\BuildLiteBehavior [ RunTime:0.000021s ]
INFO: [ app_init ] --END-- [ RunTime:0.000433s ]
INFO: [ app_begin ] --START--
INFO: Run Behavior\ReadHtmlCacheBehavior [ RunTime:0.000714s ]
INFO: [ app_begin ] --END-- [ RunTime:0.000791s ]
SQL: SHOW COLUMNS FROM `auto_prename` [ RunTime:0.0023s ]
SQL: SELECT `name` FROM `auto_prename` ORDER BY rand() LIMIT 1   [ RunTime:0.0003s ]
SQL: SHOW COLUMNS FROM `auto_latename` [ RunTime:0.0020s ]
SQL: SELECT `name` FROM `auto_latename` ORDER BY rand() LIMIT 1   [ RunTime:0.0002s ]
SQL: SHOW COLUMNS FROM `user` [ RunTime:0.0022s ]
SQL: SELECT * FROM `user` WHERE `name` = '善良的小猪'  [ RunTime:0.0002s ]
SQL: SHOW COLUMNS FROM `auto_head` [ RunTime:0.0022s ]
SQL: SELECT `img` FROM `auto_head` ORDER BY rand() LIMIT 1   [ RunTime:0.0003s ]
SQL: SELECT * FROM `user` WHERE `username` = 'ewqkjeqkwe' LIMIT 1   [ RunTime:0.0002s ]
SQL: SHOW COLUMNS FROM `user` [ RunTime:0.0023s ]
SQL: INSERT INTO `user` (`username`,`password`,`name`,`timeline`) VALUES ('ewqkjeqkwe','4057485f70703f4f32e90b50b2546ea5','善良的小猪','1438574623') [ RunTime:0.0002s ]
SQL: SHOW COLUMNS FROM `userinfo` [ RunTime:0.0021s ]
ERR: SQLSTATE[23000]: Integrity constraint violation: 1452 Cannot add or update a child row: a foreign key constraint fails (`run`.`userinfo`, CONSTRAINT `uid` FOREIGN KEY (`uid`) REFERENCES `user` (`id`) ON DELETE CASCADE ON UPDATE NO ACTION)

[ 2015-08-03T12:03:45+08:00 ] 127.0.0.1 /index.php?s=/user/region&username=ewqkjeqkwe&password=1111
INFO: [ app_init ] --START--
INFO: Run Behavior\BuildLiteBehavior [ RunTime:0.000019s ]
INFO: [ app_init ] --END-- [ RunTime:0.000308s ]
INFO: [ app_begin ] --START--
INFO: Run Behavior\ReadHtmlCacheBehavior [ RunTime:0.000504s ]
INFO: [ app_begin ] --END-- [ RunTime:0.000572s ]
SQL: SHOW COLUMNS FROM `auto_prename` [ RunTime:0.0023s ]
SQL: SELECT `name` FROM `auto_prename` ORDER BY rand() LIMIT 1   [ RunTime:0.0003s ]
SQL: SHOW COLUMNS FROM `auto_latename` [ RunTime:0.0022s ]
SQL: SELECT `name` FROM `auto_latename` ORDER BY rand() LIMIT 1   [ RunTime:0.0003s ]
SQL: SHOW COLUMNS FROM `user` [ RunTime:0.0025s ]
SQL: SELECT * FROM `user` WHERE `name` = '慈悲的苹果'  [ RunTime:0.0002s ]
SQL: SHOW COLUMNS FROM `auto_head` [ RunTime:0.0023s ]
SQL: SELECT `img` FROM `auto_head` ORDER BY rand() LIMIT 1   [ RunTime:0.0003s ]
SQL: SELECT * FROM `user` WHERE `username` = 'ewqkjeqkwe' LIMIT 1   [ RunTime:0.0002s ]
SQL: SHOW COLUMNS FROM `user` [ RunTime:0.0023s ]
SQL: INSERT INTO `user` (`username`,`password`,`name`,`timeline`) VALUES ('ewqkjeqkwe','4057485f70703f4f32e90b50b2546ea5','慈悲的苹果','1438574625') [ RunTime:0.0002s ]
SQL: SHOW COLUMNS FROM `userinfo` [ RunTime:0.0022s ]
ERR: SQLSTATE[23000]: Integrity constraint violation: 1452 Cannot add or update a child row: a foreign key constraint fails (`run`.`userinfo`, CONSTRAINT `uid` FOREIGN KEY (`uid`) REFERENCES `user` (`id`) ON DELETE CASCADE ON UPDATE NO ACTION)

[ 2015-08-03T12:03:45+08:00 ] 127.0.0.1 /index.php?s=/user/region&username=ewqkjeqkwe&password=1111
INFO: [ app_init ] --START--
INFO: Run Behavior\BuildLiteBehavior [ RunTime:0.000020s ]
INFO: [ app_init ] --END-- [ RunTime:0.000413s ]
INFO: [ app_begin ] --START--
INFO: Run Behavior\ReadHtmlCacheBehavior [ RunTime:0.000597s ]
INFO: [ app_begin ] --END-- [ RunTime:0.000670s ]
SQL: SHOW COLUMNS FROM `auto_prename` [ RunTime:0.0022s ]
SQL: SELECT `name` FROM `auto_prename` ORDER BY rand() LIMIT 1   [ RunTime:0.0003s ]
SQL: SHOW COLUMNS FROM `auto_latename` [ RunTime:0.0020s ]
SQL: SELECT `name` FROM `auto_latename` ORDER BY rand() LIMIT 1   [ RunTime:0.0002s ]
SQL: SHOW COLUMNS FROM `user` [ RunTime:0.0023s ]
SQL: SELECT * FROM `user` WHERE `name` = '勇敢的小猪'  [ RunTime:0.0002s ]
SQL: SHOW COLUMNS FROM `auto_head` [ RunTime:0.0022s ]
SQL: SELECT `img` FROM `auto_head` ORDER BY rand() LIMIT 1   [ RunTime:0.0003s ]
SQL: SELECT * FROM `user` WHERE `username` = 'ewqkjeqkwe' LIMIT 1   [ RunTime:0.0002s ]
SQL: SHOW COLUMNS FROM `user` [ RunTime:0.0024s ]
SQL: INSERT INTO `user` (`username`,`password`,`name`,`timeline`) VALUES ('ewqkjeqkwe','4057485f70703f4f32e90b50b2546ea5','勇敢的小猪','1438574625') [ RunTime:0.0003s ]
SQL: SHOW COLUMNS FROM `userinfo` [ RunTime:0.0025s ]
ERR: SQLSTATE[23000]: Integrity constraint violation: 1452 Cannot add or update a child row: a foreign key constraint fails (`run`.`userinfo`, CONSTRAINT `uid` FOREIGN KEY (`uid`) REFERENCES `user` (`id`) ON DELETE CASCADE ON UPDATE NO ACTION)

[ 2015-08-03T12:03:46+08:00 ] 127.0.0.1 /index.php?s=/user/region&username=ewqkjeqkwe&password=1111
INFO: [ app_init ] --START--
INFO: Run Behavior\BuildLiteBehavior [ RunTime:0.000019s ]
INFO: [ app_init ] --END-- [ RunTime:0.000340s ]
INFO: [ app_begin ] --START--
INFO: Run Behavior\ReadHtmlCacheBehavior [ RunTime:0.000504s ]
INFO: [ app_begin ] --END-- [ RunTime:0.000577s ]
SQL: SHOW COLUMNS FROM `auto_prename` [ RunTime:0.0023s ]
SQL: SELECT `name` FROM `auto_prename` ORDER BY rand() LIMIT 1   [ RunTime:0.0003s ]
SQL: SHOW COLUMNS FROM `auto_latename` [ RunTime:0.0021s ]
SQL: SELECT `name` FROM `auto_latename` ORDER BY rand() LIMIT 1   [ RunTime:0.0003s ]
SQL: SHOW COLUMNS FROM `user` [ RunTime:0.0023s ]
SQL: SELECT * FROM `user` WHERE `name` = '勇敢的苹果'  [ RunTime:0.0002s ]
SQL: SHOW COLUMNS FROM `auto_head` [ RunTime:0.0021s ]
SQL: SELECT `img` FROM `auto_head` ORDER BY rand() LIMIT 1   [ RunTime:0.0003s ]
SQL: SELECT * FROM `user` WHERE `username` = 'ewqkjeqkwe' LIMIT 1   [ RunTime:0.0002s ]
SQL: SHOW COLUMNS FROM `user` [ RunTime:0.0021s ]
SQL: INSERT INTO `user` (`username`,`password`,`name`,`timeline`) VALUES ('ewqkjeqkwe','4057485f70703f4f32e90b50b2546ea5','勇敢的苹果','1438574626') [ RunTime:0.0002s ]
SQL: SHOW COLUMNS FROM `userinfo` [ RunTime:0.0022s ]
ERR: SQLSTATE[23000]: Integrity constraint violation: 1452 Cannot add or update a child row: a foreign key constraint fails (`run`.`userinfo`, CONSTRAINT `uid` FOREIGN KEY (`uid`) REFERENCES `user` (`id`) ON DELETE CASCADE ON UPDATE NO ACTION)

[ 2015-08-03T12:03:47+08:00 ] 127.0.0.1 /index.php?s=/user/region&username=ewqkjeqkwe&password=1111
INFO: [ app_init ] --START--
INFO: Run Behavior\BuildLiteBehavior [ RunTime:0.000018s ]
INFO: [ app_init ] --END-- [ RunTime:0.000305s ]
INFO: [ app_begin ] --START--
INFO: Run Behavior\ReadHtmlCacheBehavior [ RunTime:0.000530s ]
INFO: [ app_begin ] --END-- [ RunTime:0.000601s ]
SQL: SHOW COLUMNS FROM `auto_prename` [ RunTime:0.0024s ]
SQL: SELECT `name` FROM `auto_prename` ORDER BY rand() LIMIT 1   [ RunTime:0.0002s ]
SQL: SHOW COLUMNS FROM `auto_latename` [ RunTime:0.0020s ]
SQL: SELECT `name` FROM `auto_latename` ORDER BY rand() LIMIT 1   [ RunTime:0.0002s ]
SQL: SHOW COLUMNS FROM `user` [ RunTime:0.0022s ]
SQL: SELECT * FROM `user` WHERE `name` = '善良的凳子'  [ RunTime:0.0002s ]
SQL: SHOW COLUMNS FROM `auto_head` [ RunTime:0.0022s ]
SQL: SELECT `img` FROM `auto_head` ORDER BY rand() LIMIT 1   [ RunTime:0.0002s ]
SQL: SELECT * FROM `user` WHERE `username` = 'ewqkjeqkwe' LIMIT 1   [ RunTime:0.0002s ]
SQL: SHOW COLUMNS FROM `user` [ RunTime:0.0022s ]
SQL: INSERT INTO `user` (`username`,`password`,`name`,`timeline`) VALUES ('ewqkjeqkwe','4057485f70703f4f32e90b50b2546ea5','善良的凳子','1438574627') [ RunTime:0.0002s ]
SQL: SHOW COLUMNS FROM `userinfo` [ RunTime:0.0024s ]
ERR: SQLSTATE[23000]: Integrity constraint violation: 1452 Cannot add or update a child row: a foreign key constraint fails (`run`.`userinfo`, CONSTRAINT `uid` FOREIGN KEY (`uid`) REFERENCES `user` (`id`) ON DELETE CASCADE ON UPDATE NO ACTION)

[ 2015-08-03T12:03:47+08:00 ] 127.0.0.1 /index.php?s=/user/region&username=ewqkjeqkwe&password=1111
INFO: [ app_init ] --START--
INFO: Run Behavior\BuildLiteBehavior [ RunTime:0.000020s ]
INFO: [ app_init ] --END-- [ RunTime:0.000337s ]
INFO: [ app_begin ] --START--
INFO: Run Behavior\ReadHtmlCacheBehavior [ RunTime:0.000520s ]
INFO: [ app_begin ] --END-- [ RunTime:0.000590s ]
SQL: SHOW COLUMNS FROM `auto_prename` [ RunTime:0.0023s ]
SQL: SELECT `name` FROM `auto_prename` ORDER BY rand() LIMIT 1   [ RunTime:0.0003s ]
SQL: SHOW COLUMNS FROM `auto_latename` [ RunTime:0.0021s ]
SQL: SELECT `name` FROM `auto_latename` ORDER BY rand() LIMIT 1   [ RunTime:0.0002s ]
SQL: SHOW COLUMNS FROM `user` [ RunTime:0.0020s ]
SQL: SELECT * FROM `user` WHERE `name` = '善良的苹果'  [ RunTime:0.0002s ]
SQL: SHOW COLUMNS FROM `auto_head` [ RunTime:0.0022s ]
SQL: SELECT `img` FROM `auto_head` ORDER BY rand() LIMIT 1   [ RunTime:0.0003s ]
SQL: SELECT * FROM `user` WHERE `username` = 'ewqkjeqkwe' LIMIT 1   [ RunTime:0.0002s ]
SQL: SHOW COLUMNS FROM `user` [ RunTime:0.0024s ]
SQL: INSERT INTO `user` (`username`,`password`,`name`,`timeline`) VALUES ('ewqkjeqkwe','4057485f70703f4f32e90b50b2546ea5','善良的苹果','1438574627') [ RunTime:0.0002s ]
SQL: SHOW COLUMNS FROM `userinfo` [ RunTime:0.0022s ]
ERR: SQLSTATE[23000]: Integrity constraint violation: 1452 Cannot add or update a child row: a foreign key constraint fails (`run`.`userinfo`, CONSTRAINT `uid` FOREIGN KEY (`uid`) REFERENCES `user` (`id`) ON DELETE CASCADE ON UPDATE NO ACTION)

[ 2015-08-03T12:03:48+08:00 ] 127.0.0.1 /index.php?s=/user/region&username=ewqkjeqkwe&password=1111
INFO: [ app_init ] --START--
INFO: Run Behavior\BuildLiteBehavior [ RunTime:0.000019s ]
INFO: [ app_init ] --END-- [ RunTime:0.000315s ]
INFO: [ app_begin ] --START--
INFO: Run Behavior\ReadHtmlCacheBehavior [ RunTime:0.000559s ]
INFO: [ app_begin ] --END-- [ RunTime:0.000637s ]
SQL: SHOW COLUMNS FROM `auto_prename` [ RunTime:0.0024s ]
SQL: SELECT `name` FROM `auto_prename` ORDER BY rand() LIMIT 1   [ RunTime:0.0003s ]
SQL: SHOW COLUMNS FROM `auto_latename` [ RunTime:0.0020s ]
SQL: SELECT `name` FROM `auto_latename` ORDER BY rand() LIMIT 1   [ RunTime:0.0002s ]
SQL: SHOW COLUMNS FROM `user` [ RunTime:0.0021s ]
SQL: SELECT * FROM `user` WHERE `name` = '勇敢的小猪'  [ RunTime:0.0002s ]
SQL: SHOW COLUMNS FROM `auto_head` [ RunTime:0.0021s ]
SQL: SELECT `img` FROM `auto_head` ORDER BY rand() LIMIT 1   [ RunTime:0.0003s ]
SQL: SELECT * FROM `user` WHERE `username` = 'ewqkjeqkwe' LIMIT 1   [ RunTime:0.0002s ]
SQL: SHOW COLUMNS FROM `user` [ RunTime:0.0023s ]
SQL: INSERT INTO `user` (`username`,`password`,`name`,`timeline`) VALUES ('ewqkjeqkwe','4057485f70703f4f32e90b50b2546ea5','勇敢的小猪','1438574628') [ RunTime:0.0003s ]
SQL: SHOW COLUMNS FROM `userinfo` [ RunTime:0.0024s ]
ERR: SQLSTATE[23000]: Integrity constraint violation: 1452 Cannot add or update a child row: a foreign key constraint fails (`run`.`userinfo`, CONSTRAINT `uid` FOREIGN KEY (`uid`) REFERENCES `user` (`id`) ON DELETE CASCADE ON UPDATE NO ACTION)

[ 2015-08-03T12:03:49+08:00 ] 127.0.0.1 /index.php?s=/user/region&username=ewqkjeqkwe&password=1111
INFO: [ app_init ] --START--
INFO: Run Behavior\BuildLiteBehavior [ RunTime:0.000022s ]
INFO: [ app_init ] --END-- [ RunTime:0.000321s ]
INFO: [ app_begin ] --START--
INFO: Run Behavior\ReadHtmlCacheBehavior [ RunTime:0.000507s ]
INFO: [ app_begin ] --END-- [ RunTime:0.000576s ]
SQL: SHOW COLUMNS FROM `auto_prename` [ RunTime:0.0025s ]
SQL: SELECT `name` FROM `auto_prename` ORDER BY rand() LIMIT 1   [ RunTime:0.0003s ]
SQL: SHOW COLUMNS FROM `auto_latename` [ RunTime:0.0020s ]
SQL: SELECT `name` FROM `auto_latename` ORDER BY rand() LIMIT 1   [ RunTime:0.0003s ]
SQL: SHOW COLUMNS FROM `user` [ RunTime:0.0024s ]
SQL: SELECT * FROM `user` WHERE `name` = '勇敢的凳子'  [ RunTime:0.0002s ]
SQL: SHOW COLUMNS FROM `auto_head` [ RunTime:0.0021s ]
SQL: SELECT `img` FROM `auto_head` ORDER BY rand() LIMIT 1   [ RunTime:0.0003s ]
SQL: SELECT * FROM `user` WHERE `username` = 'ewqkjeqkwe' LIMIT 1   [ RunTime:0.0001s ]
SQL: SHOW COLUMNS FROM `user` [ RunTime:0.0021s ]
SQL: INSERT INTO `user` (`username`,`password`,`name`,`timeline`) VALUES ('ewqkjeqkwe','4057485f70703f4f32e90b50b2546ea5','勇敢的凳子','1438574629') [ RunTime:0.0002s ]
SQL: SHOW COLUMNS FROM `userinfo` [ RunTime:0.0021s ]
ERR: SQLSTATE[23000]: Integrity constraint violation: 1452 Cannot add or update a child row: a foreign key constraint fails (`run`.`userinfo`, CONSTRAINT `uid` FOREIGN KEY (`uid`) REFERENCES `user` (`id`) ON DELETE CASCADE ON UPDATE NO ACTION)

[ 2015-08-03T12:03:50+08:00 ] 127.0.0.1 /index.php?s=/user/region&username=ewqkjeqkwe&password=1111
INFO: [ app_init ] --START--
INFO: Run Behavior\BuildLiteBehavior [ RunTime:0.000020s ]
INFO: [ app_init ] --END-- [ RunTime:0.000314s ]
INFO: [ app_begin ] --START--
INFO: Run Behavior\ReadHtmlCacheBehavior [ RunTime:0.000509s ]
INFO: [ app_begin ] --END-- [ RunTime:0.000578s ]
SQL: SHOW COLUMNS FROM `auto_prename` [ RunTime:0.0025s ]
SQL: SELECT `name` FROM `auto_prename` ORDER BY rand() LIMIT 1   [ RunTime:0.0003s ]
SQL: SHOW COLUMNS FROM `auto_latename` [ RunTime:0.0021s ]
SQL: SELECT `name` FROM `auto_latename` ORDER BY rand() LIMIT 1   [ RunTime:0.0003s ]
SQL: SHOW COLUMNS FROM `user` [ RunTime:0.0023s ]
SQL: SELECT * FROM `user` WHERE `name` = '勇敢的凳子'  [ RunTime:0.0002s ]
SQL: SHOW COLUMNS FROM `auto_head` [ RunTime:0.0022s ]
SQL: SELECT `img` FROM `auto_head` ORDER BY rand() LIMIT 1   [ RunTime:0.0002s ]
SQL: SELECT * FROM `user` WHERE `username` = 'ewqkjeqkwe' LIMIT 1   [ RunTime:0.0001s ]
SQL: SHOW COLUMNS FROM `user` [ RunTime:0.0023s ]
SQL: INSERT INTO `user` (`username`,`password`,`name`,`timeline`) VALUES ('ewqkjeqkwe','4057485f70703f4f32e90b50b2546ea5','勇敢的凳子','1438574630') [ RunTime:0.0002s ]
SQL: SHOW COLUMNS FROM `userinfo` [ RunTime:0.0023s ]
ERR: SQLSTATE[23000]: Integrity constraint violation: 1452 Cannot add or update a child row: a foreign key constraint fails (`run`.`userinfo`, CONSTRAINT `uid` FOREIGN KEY (`uid`) REFERENCES `user` (`id`) ON DELETE CASCADE ON UPDATE NO ACTION)

[ 2015-08-03T12:04:12+08:00 ] 127.0.0.1 /index.php?s=/user/region&username=ewqkjeqkwe&password=1111
INFO: [ app_init ] --START--
INFO: Run Behavior\BuildLiteBehavior [ RunTime:0.000020s ]
INFO: [ app_init ] --END-- [ RunTime:0.000411s ]
INFO: [ app_begin ] --START--
INFO: Run Behavior\ReadHtmlCacheBehavior [ RunTime:0.000575s ]
INFO: [ app_begin ] --END-- [ RunTime:0.000657s ]
SQL: SHOW COLUMNS FROM `auto_prename` [ RunTime:0.0024s ]
SQL: SELECT `name` FROM `auto_prename` ORDER BY rand() LIMIT 1   [ RunTime:0.0003s ]
SQL: SHOW COLUMNS FROM `auto_latename` [ RunTime:0.0021s ]
SQL: SELECT `name` FROM `auto_latename` ORDER BY rand() LIMIT 1   [ RunTime:0.0002s ]
SQL: SHOW COLUMNS FROM `user` [ RunTime:0.0020s ]
SQL: SELECT * FROM `user` WHERE `name` = '慈悲的凳子'  [ RunTime:0.0002s ]
SQL: SHOW COLUMNS FROM `auto_head` [ RunTime:0.0021s ]
SQL: SELECT `img` FROM `auto_head` ORDER BY rand() LIMIT 1   [ RunTime:0.0003s ]
SQL: SELECT * FROM `user` WHERE `username` = 'ewqkjeqkwe' LIMIT 1   [ RunTime:0.0001s ]
SQL: SHOW COLUMNS FROM `user` [ RunTime:0.0022s ]
SQL: INSERT INTO `user` (`username`,`password`,`name`,`timeline`) VALUES ('ewqkjeqkwe','4057485f70703f4f32e90b50b2546ea5','慈悲的凳子','1438574652') [ RunTime:0.0002s ]
SQL: SHOW COLUMNS FROM `userinfo` [ RunTime:0.0022s ]
ERR: SQLSTATE[23000]: Integrity constraint violation: 1452 Cannot add or update a child row: a foreign key constraint fails (`run`.`userinfo`, CONSTRAINT `uid` FOREIGN KEY (`uid`) REFERENCES `user` (`id`) ON DELETE CASCADE ON UPDATE NO ACTION)

[ 2015-08-03T12:04:39+08:00 ] 127.0.0.1 /index.php?s=/user/region&username=11111&password=1111
INFO: [ app_init ] --START--
INFO: Run Behavior\BuildLiteBehavior [ RunTime:0.000022s ]
INFO: [ app_init ] --END-- [ RunTime:0.000345s ]
INFO: [ app_begin ] --START--
INFO: Run Behavior\ReadHtmlCacheBehavior [ RunTime:0.000622s ]
INFO: [ app_begin ] --END-- [ RunTime:0.000702s ]
SQL: SHOW COLUMNS FROM `auto_prename` [ RunTime:0.0022s ]
SQL: SELECT `name` FROM `auto_prename` ORDER BY rand() LIMIT 1   [ RunTime:0.0003s ]
SQL: SHOW COLUMNS FROM `auto_latename` [ RunTime:0.0022s ]
SQL: SELECT `name` FROM `auto_latename` ORDER BY rand() LIMIT 1   [ RunTime:0.0002s ]
SQL: SHOW COLUMNS FROM `user` [ RunTime:0.0022s ]
SQL: SELECT * FROM `user` WHERE `name` = '慈悲的凳子'  [ RunTime:0.0002s ]
SQL: SHOW COLUMNS FROM `auto_head` [ RunTime:0.0024s ]
SQL: SELECT `img` FROM `auto_head` ORDER BY rand() LIMIT 1   [ RunTime:0.0003s ]
SQL: SELECT * FROM `user` WHERE `username` = '11111' LIMIT 1   [ RunTime:0.0002s ]
SQL: SHOW COLUMNS FROM `user` [ RunTime:0.0027s ]
SQL: INSERT INTO `user` (`username`,`password`,`name`,`timeline`) VALUES ('11111','4057485f70703f4f32e90b50b2546ea5','慈悲的凳子','1438574679') [ RunTime:0.0002s ]
SQL: SHOW COLUMNS FROM `userinfo` [ RunTime:0.0022s ]
ERR: SQLSTATE[23000]: Integrity constraint violation: 1452 Cannot add or update a child row: a foreign key constraint fails (`run`.`userinfo`, CONSTRAINT `uid` FOREIGN KEY (`uid`) REFERENCES `user` (`id`) ON DELETE CASCADE ON UPDATE NO ACTION)

[ 2015-08-03T12:05:25+08:00 ] 127.0.0.1 /index.php?s=/user/region&username=11111&password=1111
INFO: [ app_init ] --START--
INFO: Run Behavior\BuildLiteBehavior [ RunTime:0.000020s ]
INFO: [ app_init ] --END-- [ RunTime:0.000367s ]
INFO: [ app_begin ] --START--
INFO: Run Behavior\ReadHtmlCacheBehavior [ RunTime:0.000540s ]
INFO: [ app_begin ] --END-- [ RunTime:0.000615s ]
SQL: SHOW COLUMNS FROM `auto_prename` [ RunTime:0.0023s ]
SQL: SELECT `name` FROM `auto_prename` ORDER BY rand() LIMIT 1   [ RunTime:0.0003s ]
SQL: SHOW COLUMNS FROM `auto_latename` [ RunTime:0.0020s ]
SQL: SELECT `name` FROM `auto_latename` ORDER BY rand() LIMIT 1   [ RunTime:0.0002s ]
SQL: SHOW COLUMNS FROM `user` [ RunTime:0.0022s ]
SQL: SELECT * FROM `user` WHERE `name` = '善良的苹果'  [ RunTime:0.0002s ]
SQL: SHOW COLUMNS FROM `auto_head` [ RunTime:0.0022s ]
SQL: SELECT `img` FROM `auto_head` ORDER BY rand() LIMIT 1   [ RunTime:0.0003s ]
SQL: SELECT * FROM `user` WHERE `username` = '11111' LIMIT 1   [ RunTime:0.0002s ]
SQL: SHOW COLUMNS FROM `user` [ RunTime:0.0022s ]
SQL: INSERT INTO `user` (`username`,`password`,`name`,`timeline`) VALUES ('11111','4057485f70703f4f32e90b50b2546ea5','善良的苹果','1438574725') [ RunTime:0.0002s ]
SQL: SHOW COLUMNS FROM `userinfo` [ RunTime:0.0022s ]
ERR: SQLSTATE[23000]: Integrity constraint violation: 1452 Cannot add or update a child row: a foreign key constraint fails (`run`.`userinfo`, CONSTRAINT `uid` FOREIGN KEY (`uid`) REFERENCES `user` (`id`) ON DELETE CASCADE ON UPDATE NO ACTION)

[ 2015-08-03T12:05:27+08:00 ] 127.0.0.1 /index.php?s=/user/region&username=11111&password=1111
INFO: [ app_init ] --START--
INFO: Run Behavior\BuildLiteBehavior [ RunTime:0.000018s ]
INFO: [ app_init ] --END-- [ RunTime:0.000299s ]
INFO: [ app_begin ] --START--
INFO: Run Behavior\ReadHtmlCacheBehavior [ RunTime:0.000496s ]
INFO: [ app_begin ] --END-- [ RunTime:0.000564s ]
SQL: SHOW COLUMNS FROM `auto_prename` [ RunTime:0.0022s ]
SQL: SELECT `name` FROM `auto_prename` ORDER BY rand() LIMIT 1   [ RunTime:0.0003s ]
SQL: SHOW COLUMNS FROM `auto_latename` [ RunTime:0.0020s ]
SQL: SELECT `name` FROM `auto_latename` ORDER BY rand() LIMIT 1   [ RunTime:0.0002s ]
SQL: SHOW COLUMNS FROM `user` [ RunTime:0.0021s ]
SQL: SELECT * FROM `user` WHERE `name` = '慈悲的小猪'  [ RunTime:0.0002s ]
SQL: SELECT `name` FROM `auto_prename` ORDER BY rand() LIMIT 1   [ RunTime:0.0002s ]
SQL: SELECT `name` FROM `auto_latename` ORDER BY rand() LIMIT 1   [ RunTime:0.0002s ]
SQL: SELECT * FROM `user` WHERE `name` = '善良的凳子'  [ RunTime:0.0001s ]
SQL: SHOW COLUMNS FROM `auto_head` [ RunTime:0.0021s ]
SQL: SELECT `img` FROM `auto_head` ORDER BY rand() LIMIT 1   [ RunTime:0.0002s ]
SQL: SELECT * FROM `user` WHERE `username` = '11111' LIMIT 1   [ RunTime:0.0002s ]
SQL: SHOW COLUMNS FROM `user` [ RunTime:0.0021s ]
SQL: INSERT INTO `user` (`username`,`password`,`name`,`timeline`) VALUES ('11111','4057485f70703f4f32e90b50b2546ea5','善良的凳子','1438574726') [ RunTime:0.0002s ]
SQL: SHOW COLUMNS FROM `userinfo` [ RunTime:0.0023s ]
ERR: SQLSTATE[23000]: Integrity constraint violation: 1452 Cannot add or update a child row: a foreign key constraint fails (`run`.`userinfo`, CONSTRAINT `uid` FOREIGN KEY (`uid`) REFERENCES `user` (`id`) ON DELETE CASCADE ON UPDATE NO ACTION)

[ 2015-08-03T12:09:33+08:00 ] 127.0.0.1 /index.php?s=/user/region&username=11111&password=1111
INFO: [ app_init ] --START--
INFO: Run Behavior\BuildLiteBehavior [ RunTime:0.000019s ]
INFO: [ app_init ] --END-- [ RunTime:0.000341s ]
INFO: [ app_begin ] --START--
INFO: Run Behavior\ReadHtmlCacheBehavior [ RunTime:0.000634s ]
INFO: [ app_begin ] --END-- [ RunTime:0.000723s ]
SQL: SHOW COLUMNS FROM `auto_prename` [ RunTime:0.0023s ]
SQL: SELECT `name` FROM `auto_prename` ORDER BY rand() LIMIT 1   [ RunTime:0.0003s ]
SQL: SHOW COLUMNS FROM `auto_latename` [ RunTime:0.0023s ]
SQL: SELECT `name` FROM `auto_latename` ORDER BY rand() LIMIT 1   [ RunTime:0.0003s ]
SQL: SHOW COLUMNS FROM `user` [ RunTime:0.0026s ]
SQL: SELECT * FROM `user` WHERE `name` = '勇敢的凳子'  [ RunTime:0.0002s ]
SQL: SHOW COLUMNS FROM `auto_head` [ RunTime:0.0025s ]
SQL: SELECT `img` FROM `auto_head` ORDER BY rand() LIMIT 1   [ RunTime:0.0002s ]
SQL: SELECT * FROM `user` WHERE `username` = '11111' LIMIT 1   [ RunTime:0.0001s ]
SQL: SHOW COLUMNS FROM `user` [ RunTime:0.0022s ]
SQL: INSERT INTO `user` (`username`,`password`,`name`,`timeline`) VALUES ('11111','4057485f70703f4f32e90b50b2546ea5','勇敢的凳子','1438574973') [ RunTime:0.0002s ]
SQL: SHOW COLUMNS FROM `userinfo` [ RunTime:0.0022s ]
ERR: SQLSTATE[23000]: Integrity constraint violation: 1048 Column 'headimg' cannot be null

[ 2015-08-03T12:22:43+08:00 ] 127.0.0.1 /index.php?s=/user/region&username=11111&password=1111
INFO: [ app_init ] --START--
INFO: Run Behavior\BuildLiteBehavior [ RunTime:0.000019s ]
INFO: [ app_init ] --END-- [ RunTime:0.000348s ]
INFO: [ app_begin ] --START--
INFO: Run Behavior\ReadHtmlCacheBehavior [ RunTime:0.000548s ]
INFO: [ app_begin ] --END-- [ RunTime:0.000628s ]
SQL: SHOW COLUMNS FROM `auto_prename` [ RunTime:0.0024s ]
SQL: SELECT `name` FROM `auto_prename` ORDER BY rand() LIMIT 1   [ RunTime:0.0003s ]
SQL: SHOW COLUMNS FROM `auto_latename` [ RunTime:0.0021s ]
SQL: SELECT `name` FROM `auto_latename` ORDER BY rand() LIMIT 1   [ RunTime:0.0002s ]
SQL: SHOW COLUMNS FROM `user` [ RunTime:0.0024s ]
SQL: SELECT * FROM `user` WHERE `name` = '慈悲的小猪'  [ RunTime:0.0003s ]
SQL: SHOW COLUMNS FROM `auto_head` [ RunTime:0.0023s ]
SQL: SELECT `img` FROM `auto_head` ORDER BY rand() LIMIT 1   [ RunTime:0.0003s ]
SQL: SELECT * FROM `user` WHERE `username` = '11111' LIMIT 1   [ RunTime:0.0002s ]
SQL: SHOW COLUMNS FROM `user` [ RunTime:0.0024s ]
SQL: INSERT INTO `user` (`username`,`password`,`name`,`timeline`) VALUES ('11111','4057485f70703f4f32e90b50b2546ea5','慈悲的小猪','1438575763') [ RunTime:0.0002s ]
SQL: SHOW COLUMNS FROM `userinfo` [ RunTime:0.0023s ]
ERR: SQLSTATE[23000]: Integrity constraint violation: 1452 Cannot add or update a child row: a foreign key constraint fails (`run`.`userinfo`, CONSTRAINT `uid` FOREIGN KEY (`uid`) REFERENCES `user` (`id`) ON DELETE CASCADE ON UPDATE NO ACTION)

[ 2015-08-03T12:24:38+08:00 ] 127.0.0.1 /index.php?s=/user/region&username=11111&password=1111
INFO: [ app_init ] --START--
INFO: Run Behavior\BuildLiteBehavior [ RunTime:0.000021s ]
INFO: [ app_init ] --END-- [ RunTime:0.000404s ]
INFO: [ app_begin ] --START--
INFO: Run Behavior\ReadHtmlCacheBehavior [ RunTime:0.000608s ]
INFO: [ app_begin ] --END-- [ RunTime:0.000715s ]
SQL: SHOW COLUMNS FROM `auto_prename` [ RunTime:0.0023s ]
SQL: SELECT `name` FROM `auto_prename` ORDER BY rand() LIMIT 1   [ RunTime:0.0003s ]
SQL: SHOW COLUMNS FROM `auto_latename` [ RunTime:0.0021s ]
SQL: SELECT `name` FROM `auto_latename` ORDER BY rand() LIMIT 1   [ RunTime:0.0003s ]
SQL: SHOW COLUMNS FROM `user` [ RunTime:0.0023s ]
SQL: SELECT * FROM `user` WHERE `name` = '慈悲的凳子'  [ RunTime:0.0002s ]
SQL: SHOW COLUMNS FROM `auto_head` [ RunTime:0.0024s ]
SQL: SELECT `img` FROM `auto_head` ORDER BY rand() LIMIT 1   [ RunTime:0.0003s ]
SQL: SELECT * FROM `user` WHERE `username` = '11111' LIMIT 1   [ RunTime:0.0002s ]
SQL: SHOW COLUMNS FROM `user` [ RunTime:0.0024s ]
SQL: INSERT INTO `user` (`username`,`password`,`name`,`timeline`) VALUES ('11111','4057485f70703f4f32e90b50b2546ea5','慈悲的凳子','1438575878') [ RunTime:0.0002s ]
SQL: SHOW COLUMNS FROM `userinfo` [ RunTime:0.0021s ]
ERR: SQLSTATE[23000]: Integrity constraint violation: 1452 Cannot add or update a child row: a foreign key constraint fails (`run`.`userinfo`, CONSTRAINT `uid` FOREIGN KEY (`uid`) REFERENCES `user` (`id`) ON DELETE CASCADE ON UPDATE NO ACTION)

[ 2015-08-03T12:24:45+08:00 ] 127.0.0.1 /index.php?s=/user/region&username=11111&password=1111
INFO: [ app_init ] --START--
INFO: Run Behavior\BuildLiteBehavior [ RunTime:0.000021s ]
INFO: [ app_init ] --END-- [ RunTime:0.000414s ]
INFO: [ app_begin ] --START--
INFO: Run Behavior\ReadHtmlCacheBehavior [ RunTime:0.000567s ]
INFO: [ app_begin ] --END-- [ RunTime:0.000654s ]
SQL: SHOW COLUMNS FROM `auto_prename` [ RunTime:0.0024s ]
SQL: SELECT `name` FROM `auto_prename` ORDER BY rand() LIMIT 1   [ RunTime:0.0003s ]
SQL: SHOW COLUMNS FROM `auto_latename` [ RunTime:0.0027s ]
SQL: SELECT `name` FROM `auto_latename` ORDER BY rand() LIMIT 1   [ RunTime:0.0003s ]
SQL: SHOW COLUMNS FROM `user` [ RunTime:0.0024s ]
SQL: SELECT * FROM `user` WHERE `name` = '慈悲的小猪'  [ RunTime:0.0002s ]
SQL: SHOW COLUMNS FROM `auto_head` [ RunTime:0.0023s ]
SQL: SELECT `img` FROM `auto_head` ORDER BY rand() LIMIT 1   [ RunTime:0.0003s ]
SQL: SELECT * FROM `user` WHERE `username` = '11111' LIMIT 1   [ RunTime:0.0002s ]
SQL: SHOW COLUMNS FROM `user` [ RunTime:0.0022s ]
SQL: INSERT INTO `user` (`username`,`password`,`name`,`timeline`) VALUES ('11111','4057485f70703f4f32e90b50b2546ea5','慈悲的小猪','1438575885') [ RunTime:0.0002s ]
SQL: SHOW COLUMNS FROM `userinfo` [ RunTime:0.0025s ]
ERR: SQLSTATE[23000]: Integrity constraint violation: 1452 Cannot add or update a child row: a foreign key constraint fails (`run`.`userinfo`, CONSTRAINT `uid` FOREIGN KEY (`uid`) REFERENCES `user` (`id`) ON DELETE CASCADE)

[ 2015-08-03T12:25:19+08:00 ] 127.0.0.1 /index.php?s=/user/region&username=11111&password=1111
INFO: [ app_init ] --START--
INFO: Run Behavior\BuildLiteBehavior [ RunTime:0.000020s ]
INFO: [ app_init ] --END-- [ RunTime:0.000416s ]
INFO: [ app_begin ] --START--
INFO: Run Behavior\ReadHtmlCacheBehavior [ RunTime:0.000513s ]
INFO: [ app_begin ] --END-- [ RunTime:0.000582s ]
SQL: SHOW COLUMNS FROM `auto_prename` [ RunTime:0.0026s ]
SQL: SELECT `name` FROM `auto_prename` ORDER BY rand() LIMIT 1   [ RunTime:0.0003s ]
SQL: SHOW COLUMNS FROM `auto_latename` [ RunTime:0.0021s ]
SQL: SELECT `name` FROM `auto_latename` ORDER BY rand() LIMIT 1   [ RunTime:0.0002s ]
SQL: SHOW COLUMNS FROM `user` [ RunTime:0.0022s ]
SQL: SELECT * FROM `user` WHERE `name` = '善良的苹果'  [ RunTime:0.0002s ]
SQL: SHOW COLUMNS FROM `auto_head` [ RunTime:0.0023s ]
SQL: SELECT `img` FROM `auto_head` ORDER BY rand() LIMIT 1   [ RunTime:0.0003s ]
SQL: SELECT * FROM `user` WHERE `username` = '11111' LIMIT 1   [ RunTime:0.0002s ]
SQL: SHOW COLUMNS FROM `user` [ RunTime:0.0023s ]
SQL: INSERT INTO `user` (`username`,`password`,`name`,`timeline`) VALUES ('11111','4057485f70703f4f32e90b50b2546ea5','善良的苹果','1438575919') [ RunTime:0.0002s ]
SQL: SHOW COLUMNS FROM `userinfo` [ RunTime:0.0024s ]
ERR: SQLSTATE[23000]: Integrity constraint violation: 1452 Cannot add or update a child row: a foreign key constraint fails (`run`.`userinfo`, CONSTRAINT `uid` FOREIGN KEY (`uid`) REFERENCES `user` (`id`) ON DELETE CASCADE ON UPDATE NO ACTION)

[ 2015-08-03T12:25:21+08:00 ] 127.0.0.1 /index.php?s=/user/region&username=11111&password=1111
INFO: [ app_init ] --START--
INFO: Run Behavior\BuildLiteBehavior [ RunTime:0.000020s ]
INFO: [ app_init ] --END-- [ RunTime:0.000349s ]
INFO: [ app_begin ] --START--
INFO: Run Behavior\ReadHtmlCacheBehavior [ RunTime:0.000555s ]
INFO: [ app_begin ] --END-- [ RunTime:0.000628s ]
SQL: SHOW COLUMNS FROM `auto_prename` [ RunTime:0.0025s ]
SQL: SELECT `name` FROM `auto_prename` ORDER BY rand() LIMIT 1   [ RunTime:0.0003s ]
SQL: SHOW COLUMNS FROM `auto_latename` [ RunTime:0.0024s ]
SQL: SELECT `name` FROM `auto_latename` ORDER BY rand() LIMIT 1   [ RunTime:0.0003s ]
SQL: SHOW COLUMNS FROM `user` [ RunTime:0.0023s ]
SQL: SELECT * FROM `user` WHERE `name` = '勇敢的苹果'  [ RunTime:0.0002s ]
SQL: SHOW COLUMNS FROM `auto_head` [ RunTime:0.0023s ]
SQL: SELECT `img` FROM `auto_head` ORDER BY rand() LIMIT 1   [ RunTime:0.0002s ]
SQL: SELECT * FROM `user` WHERE `username` = '11111' LIMIT 1   [ RunTime:0.0001s ]
SQL: SHOW COLUMNS FROM `user` [ RunTime:0.0021s ]
SQL: INSERT INTO `user` (`username`,`password`,`name`,`timeline`) VALUES ('11111','4057485f70703f4f32e90b50b2546ea5','勇敢的苹果','1438575920') [ RunTime:0.0002s ]
SQL: SHOW COLUMNS FROM `userinfo` [ RunTime:0.0025s ]
ERR: SQLSTATE[23000]: Integrity constraint violation: 1452 Cannot add or update a child row: a foreign key constraint fails (`run`.`userinfo`, CONSTRAINT `uid` FOREIGN KEY (`uid`) REFERENCES `user` (`id`) ON DELETE CASCADE ON UPDATE NO ACTION)

[ 2015-08-03T12:25:21+08:00 ] 127.0.0.1 /index.php?s=/user/region&username=11111&password=1111
INFO: [ app_init ] --START--
INFO: Run Behavior\BuildLiteBehavior [ RunTime:0.000018s ]
INFO: [ app_init ] --END-- [ RunTime:0.000305s ]
INFO: [ app_begin ] --START--
INFO: Run Behavior\ReadHtmlCacheBehavior [ RunTime:0.000509s ]
INFO: [ app_begin ] --END-- [ RunTime:0.000578s ]
SQL: SHOW COLUMNS FROM `auto_prename` [ RunTime:0.0026s ]
SQL: SELECT `name` FROM `auto_prename` ORDER BY rand() LIMIT 1   [ RunTime:0.0003s ]
SQL: SHOW COLUMNS FROM `auto_latename` [ RunTime:0.0023s ]
SQL: SELECT `name` FROM `auto_latename` ORDER BY rand() LIMIT 1   [ RunTime:0.0002s ]
SQL: SHOW COLUMNS FROM `user` [ RunTime:0.0023s ]
SQL: SELECT * FROM `user` WHERE `name` = '善良的凳子'  [ RunTime:0.0002s ]
SQL: SHOW COLUMNS FROM `auto_head` [ RunTime:0.0023s ]
SQL: SELECT `img` FROM `auto_head` ORDER BY rand() LIMIT 1   [ RunTime:0.0003s ]
SQL: SELECT * FROM `user` WHERE `username` = '11111' LIMIT 1   [ RunTime:0.0001s ]
SQL: SHOW COLUMNS FROM `user` [ RunTime:0.0026s ]
SQL: INSERT INTO `user` (`username`,`password`,`name`,`timeline`) VALUES ('11111','4057485f70703f4f32e90b50b2546ea5','善良的凳子','1438575921') [ RunTime:0.0002s ]
SQL: SHOW COLUMNS FROM `userinfo` [ RunTime:0.0024s ]
ERR: SQLSTATE[23000]: Integrity constraint violation: 1452 Cannot add or update a child row: a foreign key constraint fails (`run`.`userinfo`, CONSTRAINT `uid` FOREIGN KEY (`uid`) REFERENCES `user` (`id`) ON DELETE CASCADE ON UPDATE NO ACTION)

[ 2015-08-03T12:25:22+08:00 ] 127.0.0.1 /index.php?s=/user/region&username=11111&password=1111
INFO: [ app_init ] --START--
INFO: Run Behavior\BuildLiteBehavior [ RunTime:0.000019s ]
INFO: [ app_init ] --END-- [ RunTime:0.000307s ]
INFO: [ app_begin ] --START--
INFO: Run Behavior\ReadHtmlCacheBehavior [ RunTime:0.000522s ]
INFO: [ app_begin ] --END-- [ RunTime:0.000594s ]
SQL: SHOW COLUMNS FROM `auto_prename` [ RunTime:0.0024s ]
SQL: SELECT `name` FROM `auto_prename` ORDER BY rand() LIMIT 1   [ RunTime:0.0004s ]
SQL: SHOW COLUMNS FROM `auto_latename` [ RunTime:0.0022s ]
SQL: SELECT `name` FROM `auto_latename` ORDER BY rand() LIMIT 1   [ RunTime:0.0002s ]
SQL: SHOW COLUMNS FROM `user` [ RunTime:0.0021s ]
SQL: SELECT * FROM `user` WHERE `name` = '善良的小猪'  [ RunTime:0.0002s ]
SQL: SHOW COLUMNS FROM `auto_head` [ RunTime:0.0022s ]
SQL: SELECT `img` FROM `auto_head` ORDER BY rand() LIMIT 1   [ RunTime:0.0003s ]
SQL: SELECT * FROM `user` WHERE `username` = '11111' LIMIT 1   [ RunTime:0.0002s ]
SQL: SHOW COLUMNS FROM `user` [ RunTime:0.0022s ]
SQL: INSERT INTO `user` (`username`,`password`,`name`,`timeline`) VALUES ('11111','4057485f70703f4f32e90b50b2546ea5','善良的小猪','1438575922') [ RunTime:0.0002s ]
SQL: SHOW COLUMNS FROM `userinfo` [ RunTime:0.0023s ]
ERR: SQLSTATE[23000]: Integrity constraint violation: 1452 Cannot add or update a child row: a foreign key constraint fails (`run`.`userinfo`, CONSTRAINT `uid` FOREIGN KEY (`uid`) REFERENCES `user` (`id`) ON DELETE CASCADE ON UPDATE NO ACTION)

[ 2015-08-03T12:25:22+08:00 ] 127.0.0.1 /index.php?s=/user/region&username=11111&password=1111
INFO: [ app_init ] --START--
INFO: Run Behavior\BuildLiteBehavior [ RunTime:0.000019s ]
INFO: [ app_init ] --END-- [ RunTime:0.000307s ]
INFO: [ app_begin ] --START--
INFO: Run Behavior\ReadHtmlCacheBehavior [ RunTime:0.000514s ]
INFO: [ app_begin ] --END-- [ RunTime:0.000599s ]
SQL: SHOW COLUMNS FROM `auto_prename` [ RunTime:0.0025s ]
SQL: SELECT `name` FROM `auto_prename` ORDER BY rand() LIMIT 1   [ RunTime:0.0003s ]
SQL: SHOW COLUMNS FROM `auto_latename` [ RunTime:0.0020s ]
SQL: SELECT `name` FROM `auto_latename` ORDER BY rand() LIMIT 1   [ RunTime:0.0002s ]
SQL: SHOW COLUMNS FROM `user` [ RunTime:0.0021s ]
SQL: SELECT * FROM `user` WHERE `name` = '勇敢的小猪'  [ RunTime:0.0002s ]
SQL: SHOW COLUMNS FROM `auto_head` [ RunTime:0.0021s ]
SQL: SELECT `img` FROM `auto_head` ORDER BY rand() LIMIT 1   [ RunTime:0.0003s ]
SQL: SELECT * FROM `user` WHERE `username` = '11111' LIMIT 1   [ RunTime:0.0001s ]
SQL: SHOW COLUMNS FROM `user` [ RunTime:0.0025s ]
SQL: INSERT INTO `user` (`username`,`password`,`name`,`timeline`) VALUES ('11111','4057485f70703f4f32e90b50b2546ea5','勇敢的小猪','1438575922') [ RunTime:0.0002s ]
SQL: SHOW COLUMNS FROM `userinfo` [ RunTime:0.0021s ]
ERR: SQLSTATE[23000]: Integrity constraint violation: 1452 Cannot add or update a child row: a foreign key constraint fails (`run`.`userinfo`, CONSTRAINT `uid` FOREIGN KEY (`uid`) REFERENCES `user` (`id`) ON DELETE CASCADE ON UPDATE NO ACTION)

