[ 2015-08-18T13:45:22+08:00 ] 127.0.0.1 /index.php/article/getAllartBYuid
INFO: [ app_init ] --START--
INFO: Run Behavior\BuildLiteBehavior [ RunTime:0.000020s ]
INFO: [ app_init ] --END-- [ RunTime:0.000664s ]
INFO: [ app_begin ] --START--
INFO: Run Behavior\ReadHtmlCacheBehavior [ RunTime:0.000807s ]
INFO: [ app_begin ] --END-- [ RunTime:0.000887s ]

[ 2015-08-18T13:45:22+08:00 ] 127.0.0.1 /favicon.ico
INFO: [ app_init ] --START--
INFO: Run Behavior\BuildLiteBehavior [ RunTime:0.000017s ]
INFO: [ app_init ] --END-- [ RunTime:0.000325s ]

[ 2015-08-18T13:45:23+08:00 ] 127.0.0.1 /favicon.ico
INFO: [ app_init ] --START--
INFO: Run Behavior\BuildLiteBehavior [ RunTime:0.000026s ]
INFO: [ app_init ] --END-- [ RunTime:0.000349s ]

[ 2015-08-18T13:45:29+08:00 ] 127.0.0.1 /index.php/article/getAllartBYuid?uid=8
INFO: [ app_init ] --START--
INFO: Run Behavior\BuildLiteBehavior [ RunTime:0.000019s ]
INFO: [ app_init ] --END-- [ RunTime:0.000455s ]
INFO: [ app_begin ] --START--
INFO: Run Behavior\ReadHtmlCacheBehavior [ RunTime:0.000646s ]
INFO: [ app_begin ] --END-- [ RunTime:0.000717s ]
ERR: 非法操作:getAllartBYuid

[ 2015-08-18T13:46:21+08:00 ] 127.0.0.1 /index.php/article/getAllart?uid=8
INFO: [ app_init ] --START--
INFO: Run Behavior\BuildLiteBehavior [ RunTime:0.000018s ]
INFO: [ app_init ] --END-- [ RunTime:0.000347s ]
INFO: [ app_begin ] --START--
INFO: Run Behavior\ReadHtmlCacheBehavior [ RunTime:0.000557s ]
INFO: [ app_begin ] --END-- [ RunTime:0.000625s ]
SQL: SHOW COLUMNS FROM `send_article` [ RunTime:0.0025s ]
SQL: SELECT * FROM `send_article` WHERE `uid` = 8 ORDER BY timeline desc LIMIT 0,10   [ RunTime:0.0003s ]

