[ 2015-08-09T10:32:38+08:00 ] 127.0.0.1 /
INFO: [ app_init ] --START--
INFO: Run Behavior\BuildLiteBehavior [ RunTime:0.000019s ]
INFO: [ app_init ] --END-- [ RunTime:0.000645s ]
INFO: [ app_begin ] --START--
INFO: Run Behavior\ReadHtmlCacheBehavior [ RunTime:0.000625s ]
INFO: [ app_begin ] --END-- [ RunTime:0.000703s ]
INFO: [ view_parse ] --START--
INFO: Run Behavior\ParseTemplateBehavior [ RunTime:0.003240s ]
INFO: [ view_parse ] --END-- [ RunTime:0.003350s ]
INFO: [ view_filter ] --START--
INFO: Run Behavior\WriteHtmlCacheBehavior [ RunTime:0.009933s ]
INFO: [ view_filter ] --END-- [ RunTime:0.010011s ]

[ 2015-08-09T10:32:38+08:00 ] 127.0.0.1 /favicon.ico
INFO: [ app_init ] --START--
INFO: Run Behavior\BuildLiteBehavior [ RunTime:0.000025s ]
INFO: [ app_init ] --END-- [ RunTime:0.000547s ]

[ 2015-08-09T10:32:38+08:00 ] 127.0.0.1 /favicon.ico
INFO: [ app_init ] --START--
INFO: Run Behavior\BuildLiteBehavior [ RunTime:0.000016s ]
INFO: [ app_init ] --END-- [ RunTime:0.000332s ]

[ 2015-08-09T10:37:54+08:00 ] 127.0.0.1 /index.php/uinfo/upuserinfo
INFO: [ app_init ] --START--
INFO: Run Behavior\BuildLiteBehavior [ RunTime:0.000017s ]
INFO: [ app_init ] --END-- [ RunTime:0.000331s ]
INFO: [ app_begin ] --START--
INFO: Run Behavior\ReadHtmlCacheBehavior [ RunTime:0.000715s ]
INFO: [ app_begin ] --END-- [ RunTime:0.000791s ]

[ 2015-08-09T10:38:05+08:00 ] 127.0.0.1 /index.php/uinfo/upuserinfo
INFO: [ app_init ] --START--
INFO: Run Behavior\BuildLiteBehavior [ RunTime:0.000035s ]
INFO: [ app_init ] --END-- [ RunTime:0.000680s ]
INFO: [ app_begin ] --START--
INFO: Run Behavior\ReadHtmlCacheBehavior [ RunTime:0.001266s ]
INFO: [ app_begin ] --END-- [ RunTime:0.001420s ]

[ 2015-08-09T10:38:05+08:00 ] 127.0.0.1 /index.php/uinfo/upuserinfo
INFO: [ app_init ] --START--
INFO: Run Behavior\BuildLiteBehavior [ RunTime:0.000028s ]
INFO: [ app_init ] --END-- [ RunTime:0.000569s ]
INFO: [ app_begin ] --START--
INFO: Run Behavior\ReadHtmlCacheBehavior [ RunTime:0.001038s ]
INFO: [ app_begin ] --END-- [ RunTime:0.001151s ]

[ 2015-08-09T10:38:06+08:00 ] 127.0.0.1 /index.php/uinfo/upuserinfo
INFO: [ app_init ] --START--
INFO: Run Behavior\BuildLiteBehavior [ RunTime:0.000036s ]
INFO: [ app_init ] --END-- [ RunTime:0.000699s ]
INFO: [ app_begin ] --START--
INFO: Run Behavior\ReadHtmlCacheBehavior [ RunTime:0.001218s ]
INFO: [ app_begin ] --END-- [ RunTime:0.001368s ]

[ 2015-08-09T10:38:06+08:00 ] 127.0.0.1 /index.php/uinfo/upuserinfo
INFO: [ app_init ] --START--
INFO: Run Behavior\BuildLiteBehavior [ RunTime:0.000018s ]
INFO: [ app_init ] --END-- [ RunTime:0.000355s ]
INFO: [ app_begin ] --START--
INFO: Run Behavior\ReadHtmlCacheBehavior [ RunTime:0.000584s ]
INFO: [ app_begin ] --END-- [ RunTime:0.000647s ]

[ 2015-08-09T10:38:06+08:00 ] 127.0.0.1 /index.php/uinfo/upuserinfo
INFO: [ app_init ] --START--
INFO: Run Behavior\BuildLiteBehavior [ RunTime:0.000041s ]
INFO: [ app_init ] --END-- [ RunTime:0.000698s ]
INFO: [ app_begin ] --START--
INFO: Run Behavior\ReadHtmlCacheBehavior [ RunTime:0.001217s ]
INFO: [ app_begin ] --END-- [ RunTime:0.001363s ]

[ 2015-08-09T10:38:15+08:00 ] 127.0.0.1 /index.php/uinfo/upuserinfo?uid=2
INFO: [ app_init ] --START--
INFO: Run Behavior\BuildLiteBehavior [ RunTime:0.000018s ]
INFO: [ app_init ] --END-- [ RunTime:0.000340s ]
INFO: [ app_begin ] --START--
INFO: Run Behavior\ReadHtmlCacheBehavior [ RunTime:0.000601s ]
INFO: [ app_begin ] --END-- [ RunTime:0.000674s ]
NOTIC: [2048] Non-static method Home\models\Muser::UpImg() should not be called statically, assuming $this from incompatible context D:\wamp1\www\tp\Application\Home\Controller\UinfoController.class.php 第 175 行.

[ 2015-08-09T10:47:50+08:00 ] 127.0.0.1 /index.php/uinfo/upuserinfo?uid=2
INFO: [ app_init ] --START--
INFO: Run Behavior\BuildLiteBehavior [ RunTime:0.000020s ]
INFO: [ app_init ] --END-- [ RunTime:0.000404s ]
INFO: [ app_begin ] --START--
INFO: Run Behavior\ReadHtmlCacheBehavior [ RunTime:0.000612s ]
INFO: [ app_begin ] --END-- [ RunTime:0.000688s ]
NOTIC: [2048] Non-static method Home\models\Muser::UpImg() should not be called statically, assuming $this from incompatible context D:\wamp1\www\tp\Application\Home\Controller\UinfoController.class.php 第 175 行.

[ 2015-08-09T10:48:29+08:00 ] 127.0.0.1 /index.php/uinfo/upuserinfo?uid=2
INFO: [ app_init ] --START--
INFO: Run Behavior\BuildLiteBehavior [ RunTime:0.000019s ]
INFO: [ app_init ] --END-- [ RunTime:0.000370s ]
INFO: [ app_begin ] --START--
INFO: Run Behavior\ReadHtmlCacheBehavior [ RunTime:0.000596s ]
INFO: [ app_begin ] --END-- [ RunTime:0.000676s ]
NOTIC: [2048] Non-static method Home\models\Muser::UpImg() should not be called statically, assuming $this from incompatible context D:\wamp1\www\tp\Application\Home\Controller\UinfoController.class.php 第 176 行.

[ 2015-08-09T10:50:10+08:00 ] 127.0.0.1 /index.php/uinfo/upuserinfo?uid=2
INFO: [ app_init ] --START--
INFO: Run Behavior\BuildLiteBehavior [ RunTime:0.000016s ]
INFO: [ app_init ] --END-- [ RunTime:0.000325s ]
INFO: [ app_begin ] --START--
INFO: Run Behavior\ReadHtmlCacheBehavior [ RunTime:0.000575s ]
INFO: [ app_begin ] --END-- [ RunTime:0.000644s ]
NOTIC: [2048] Non-static method Home\models\Muser::UpImg() should not be called statically, assuming $this from incompatible context D:\wamp1\www\tp\Application\Home\Controller\UinfoController.class.php 第 176 行.
NOTIC: [2] call_user_func() expects parameter 1 to be a valid callback, no array or string given D:\wamp1\www\tp\ThinkPHP\Library\Think\Upload.class.php 第 170 行.

[ 2015-08-09T10:56:27+08:00 ] 127.0.0.1 /index.php/uinfo/upuserinfo?uid=2
INFO: [ app_init ] --START--
INFO: Run Behavior\BuildLiteBehavior [ RunTime:0.000019s ]
INFO: [ app_init ] --END-- [ RunTime:0.000404s ]
INFO: [ app_begin ] --START--
INFO: Run Behavior\ReadHtmlCacheBehavior [ RunTime:0.000855s ]
INFO: [ app_begin ] --END-- [ RunTime:0.000952s ]
NOTIC: [2048] Non-static method Home\models\Muser::UpImg() should not be called statically, assuming $this from incompatible context D:\wamp1\www\tp\Application\Home\Controller\UinfoController.class.php 第 176 行.
NOTIC: [2] call_user_func() expects parameter 1 to be a valid callback, no array or string given D:\wamp1\www\tp\ThinkPHP\Library\Think\Upload.class.php 第 170 行.
NOTIC: [8] Undefined index: savepath D:\wamp1\www\tp\Application\Home\Controller\UinfoController.class.php 第 178 行.
NOTIC: [8] Undefined index: savepath D:\wamp1\www\tp\Application\Home\Controller\UinfoController.class.php 第 178 行.

[ 2015-08-09T10:57:59+08:00 ] 127.0.0.1 /index.php/uinfo/upuserinfo?uid=2
INFO: [ app_init ] --START--
INFO: Run Behavior\BuildLiteBehavior [ RunTime:0.000028s ]
INFO: [ app_init ] --END-- [ RunTime:0.000408s ]
INFO: [ app_begin ] --START--
INFO: Run Behavior\ReadHtmlCacheBehavior [ RunTime:0.000846s ]
INFO: [ app_begin ] --END-- [ RunTime:0.000941s ]
NOTIC: [2048] Non-static method Home\models\Muser::UpImg() should not be called statically, assuming $this from incompatible context D:\wamp1\www\tp\Application\Home\Controller\UinfoController.class.php 第 176 行.
NOTIC: [2] call_user_func() expects parameter 1 to be a valid callback, no array or string given D:\wamp1\www\tp\ThinkPHP\Library\Think\Upload.class.php 第 170 行.
NOTIC: [8] Undefined index: savepath D:\wamp1\www\tp\Application\Home\Controller\UinfoController.class.php 第 178 行.
NOTIC: [8] Undefined index: savepath D:\wamp1\www\tp\Application\Home\Controller\UinfoController.class.php 第 178 行.

[ 2015-08-09T10:58:31+08:00 ] 127.0.0.1 /index.php/uinfo/upuserinfo?uid=2
INFO: [ app_init ] --START--
INFO: Run Behavior\BuildLiteBehavior [ RunTime:0.000018s ]
INFO: [ app_init ] --END-- [ RunTime:0.000371s ]
INFO: [ app_begin ] --START--
INFO: Run Behavior\ReadHtmlCacheBehavior [ RunTime:0.000633s ]
INFO: [ app_begin ] --END-- [ RunTime:0.000712s ]
NOTIC: [2048] Non-static method Home\models\Muser::UpImg() should not be called statically, assuming $this from incompatible context D:\wamp1\www\tp\Application\Home\Controller\UinfoController.class.php 第 176 行.
NOTIC: [2] call_user_func() expects parameter 1 to be a valid callback, no array or string given D:\wamp1\www\tp\ThinkPHP\Library\Think\Upload.class.php 第 170 行.
NOTIC: [8] Undefined index: savepath D:\wamp1\www\tp\Application\Home\Controller\UinfoController.class.php 第 178 行.
NOTIC: [8] Undefined index: savepath D:\wamp1\www\tp\Application\Home\Controller\UinfoController.class.php 第 178 行.

[ 2015-08-09T10:59:03+08:00 ] 127.0.0.1 /index.php/uinfo/upuserinfo?uid=2
INFO: [ app_init ] --START--
INFO: Run Behavior\BuildLiteBehavior [ RunTime:0.000019s ]
INFO: [ app_init ] --END-- [ RunTime:0.000381s ]
INFO: [ app_begin ] --START--
INFO: Run Behavior\ReadHtmlCacheBehavior [ RunTime:0.000670s ]
INFO: [ app_begin ] --END-- [ RunTime:0.000757s ]
NOTIC: [2048] Non-static method Home\models\Muser::UpImg() should not be called statically, assuming $this from incompatible context D:\wamp1\www\tp\Application\Home\Controller\UinfoController.class.php 第 176 行.
NOTIC: [8] Undefined variable: r D:\wamp1\www\tp\Application\Home\Controller\UinfoController.class.php 第 215 行.

[ 2015-08-09T10:59:17+08:00 ] 127.0.0.1 /index.php/uinfo/upuserinfo?uid=2
INFO: [ app_init ] --START--
INFO: Run Behavior\BuildLiteBehavior [ RunTime:0.000018s ]
INFO: [ app_init ] --END-- [ RunTime:0.000336s ]
INFO: [ app_begin ] --START--
INFO: Run Behavior\ReadHtmlCacheBehavior [ RunTime:0.000748s ]
INFO: [ app_begin ] --END-- [ RunTime:0.000822s ]
NOTIC: [2048] Non-static method Home\models\Muser::UpImg() should not be called statically, assuming $this from incompatible context D:\wamp1\www\tp\Application\Home\Controller\UinfoController.class.php 第 176 行.
NOTIC: [2] call_user_func() expects parameter 1 to be a valid callback, no array or string given D:\wamp1\www\tp\ThinkPHP\Library\Think\Upload.class.php 第 170 行.
NOTIC: [8] Undefined index: savepath D:\wamp1\www\tp\Application\Home\Controller\UinfoController.class.php 第 178 行.
NOTIC: [8] Undefined index: savepath D:\wamp1\www\tp\Application\Home\Controller\UinfoController.class.php 第 178 行.

[ 2015-08-09T10:59:58+08:00 ] 127.0.0.1 /index.php/uinfo/upuserinfo?uid=2
INFO: [ app_init ] --START--
INFO: Run Behavior\BuildLiteBehavior [ RunTime:0.000018s ]
INFO: [ app_init ] --END-- [ RunTime:0.000458s ]
INFO: [ app_begin ] --START--
INFO: Run Behavior\ReadHtmlCacheBehavior [ RunTime:0.000556s ]
INFO: [ app_begin ] --END-- [ RunTime:0.000623s ]

[ 2015-08-09T11:00:07+08:00 ] 127.0.0.1 /index.php/uinfo/upuserinfo/uid=2
INFO: [ app_init ] --START--
INFO: Run Behavior\BuildLiteBehavior [ RunTime:0.000036s ]
INFO: [ app_init ] --END-- [ RunTime:0.000791s ]
INFO: [ app_begin ] --START--
INFO: Run Behavior\ReadHtmlCacheBehavior [ RunTime:0.001408s ]
INFO: [ app_begin ] --END-- [ RunTime:0.001582s ]

[ 2015-08-09T11:00:13+08:00 ] 127.0.0.1 /index.php/uinfo/upuserinfo/uid=2
INFO: [ app_init ] --START--
INFO: Run Behavior\BuildLiteBehavior [ RunTime:0.000065s ]
INFO: [ app_init ] --END-- [ RunTime:0.001339s ]
INFO: [ app_begin ] --START--
INFO: Run Behavior\ReadHtmlCacheBehavior [ RunTime:0.002574s ]
INFO: [ app_begin ] --END-- [ RunTime:0.002866s ]

[ 2015-08-09T11:00:15+08:00 ] 127.0.0.1 /index.php/uinfo/upuserinfo/uid/2
INFO: [ app_init ] --START--
INFO: Run Behavior\BuildLiteBehavior [ RunTime:0.000017s ]
INFO: [ app_init ] --END-- [ RunTime:0.000331s ]
INFO: [ app_begin ] --START--
INFO: Run Behavior\ReadHtmlCacheBehavior [ RunTime:0.000581s ]
INFO: [ app_begin ] --END-- [ RunTime:0.000653s ]
NOTIC: [2048] Non-static method Home\models\Muser::UpImg() should not be called statically, assuming $this from incompatible context D:\wamp1\www\tp\Application\Home\Controller\UinfoController.class.php 第 207 行.
NOTIC: [8] Undefined variable: r D:\wamp1\www\tp\Application\Home\Controller\UinfoController.class.php 第 216 行.

[ 2015-08-09T11:00:20+08:00 ] 127.0.0.1 /index.php/uinfo/upuserinfo/uid=2
INFO: [ app_init ] --START--
INFO: Run Behavior\BuildLiteBehavior [ RunTime:0.000017s ]
INFO: [ app_init ] --END-- [ RunTime:0.000334s ]
INFO: [ app_begin ] --START--
INFO: Run Behavior\ReadHtmlCacheBehavior [ RunTime:0.000642s ]
INFO: [ app_begin ] --END-- [ RunTime:0.000711s ]

[ 2015-08-09T11:00:21+08:00 ] 127.0.0.1 /index.php/uinfo/upuserinfo/uid/2
INFO: [ app_init ] --START--
INFO: Run Behavior\BuildLiteBehavior [ RunTime:0.000019s ]
INFO: [ app_init ] --END-- [ RunTime:0.000369s ]
INFO: [ app_begin ] --START--
INFO: Run Behavior\ReadHtmlCacheBehavior [ RunTime:0.000678s ]
INFO: [ app_begin ] --END-- [ RunTime:0.000759s ]
NOTIC: [2048] Non-static method Home\models\Muser::UpImg() should not be called statically, assuming $this from incompatible context D:\wamp1\www\tp\Application\Home\Controller\UinfoController.class.php 第 207 行.
NOTIC: [8] Undefined variable: r D:\wamp1\www\tp\Application\Home\Controller\UinfoController.class.php 第 216 行.

[ 2015-08-09T11:00:22+08:00 ] 127.0.0.1 /index.php/uinfo/upuserinfo/uid=2
INFO: [ app_init ] --START--
INFO: Run Behavior\BuildLiteBehavior [ RunTime:0.000019s ]
INFO: [ app_init ] --END-- [ RunTime:0.000377s ]
INFO: [ app_begin ] --START--
INFO: Run Behavior\ReadHtmlCacheBehavior [ RunTime:0.000575s ]
INFO: [ app_begin ] --END-- [ RunTime:0.000657s ]

[ 2015-08-09T11:00:24+08:00 ] 127.0.0.1 /index.php/uinfo/upuserinfo/uid=2
INFO: [ app_init ] --START--
INFO: Run Behavior\BuildLiteBehavior [ RunTime:0.000017s ]
INFO: [ app_init ] --END-- [ RunTime:0.000325s ]
INFO: [ app_begin ] --START--
INFO: Run Behavior\ReadHtmlCacheBehavior [ RunTime:0.000679s ]
INFO: [ app_begin ] --END-- [ RunTime:0.000768s ]

[ 2015-08-09T11:00:25+08:00 ] 127.0.0.1 /index.php/uinfo/upuserinfo/uid/2
INFO: [ app_init ] --START--
INFO: Run Behavior\BuildLiteBehavior [ RunTime:0.000017s ]
INFO: [ app_init ] --END-- [ RunTime:0.000351s ]
INFO: [ app_begin ] --START--
INFO: Run Behavior\ReadHtmlCacheBehavior [ RunTime:0.000586s ]
INFO: [ app_begin ] --END-- [ RunTime:0.000660s ]
NOTIC: [2048] Non-static method Home\models\Muser::UpImg() should not be called statically, assuming $this from incompatible context D:\wamp1\www\tp\Application\Home\Controller\UinfoController.class.php 第 207 行.
NOTIC: [8] Undefined variable: r D:\wamp1\www\tp\Application\Home\Controller\UinfoController.class.php 第 216 行.

[ 2015-08-09T11:00:26+08:00 ] 127.0.0.1 /index.php/uinfo/upuserinfo/uid=2
INFO: [ app_init ] --START--
INFO: Run Behavior\BuildLiteBehavior [ RunTime:0.000019s ]
INFO: [ app_init ] --END-- [ RunTime:0.000385s ]
INFO: [ app_begin ] --START--
INFO: Run Behavior\ReadHtmlCacheBehavior [ RunTime:0.000710s ]
INFO: [ app_begin ] --END-- [ RunTime:0.000794s ]

[ 2015-08-09T11:00:41+08:00 ] 127.0.0.1 /index.php/uinfo/upuserinfo?uid=2
INFO: [ app_init ] --START--
INFO: Run Behavior\BuildLiteBehavior [ RunTime:0.000025s ]
INFO: [ app_init ] --END-- [ RunTime:0.000412s ]
INFO: [ app_begin ] --START--
INFO: Run Behavior\ReadHtmlCacheBehavior [ RunTime:0.000765s ]
INFO: [ app_begin ] --END-- [ RunTime:0.000865s ]

[ 2015-08-09T11:02:01+08:00 ] 127.0.0.1 /index.php/uinfo/upuserinfo?uid=2
INFO: [ app_init ] --START--
INFO: Run Behavior\BuildLiteBehavior [ RunTime:0.000019s ]
INFO: [ app_init ] --END-- [ RunTime:0.000338s ]
INFO: [ app_begin ] --START--
INFO: Run Behavior\ReadHtmlCacheBehavior [ RunTime:0.000596s ]
INFO: [ app_begin ] --END-- [ RunTime:0.000664s ]
NOTIC: [2048] Non-static method Home\models\Muser::UpImg() should not be called statically, assuming $this from incompatible context D:\wamp1\www\tp\Application\Home\Controller\UinfoController.class.php 第 207 行.
NOTIC: [2] call_user_func() expects parameter 1 to be a valid callback, no array or string given D:\wamp1\www\tp\ThinkPHP\Library\Think\Upload.class.php 第 170 行.
NOTIC: [8] Undefined index: savepath D:\wamp1\www\tp\Application\Home\Controller\UinfoController.class.php 第 209 行.
NOTIC: [8] Undefined index: savepath D:\wamp1\www\tp\Application\Home\Controller\UinfoController.class.php 第 209 行.
SQL: SHOW COLUMNS FROM `userinfo` [ RunTime:0.0031s ]
SQL: UPDATE `userinfo` SET `headimg`='/Public/headimg/' WHERE `uid` = 2 [ RunTime:0.0566s ]
NOTIC: [8] Undefined variable: r1 D:\wamp1\www\tp\Application\Home\Controller\UinfoController.class.php 第 216 行.

[ 2015-08-09T11:02:46+08:00 ] 127.0.0.1 /index.php/uinfo/upuserinfo?uid=2
INFO: [ app_init ] --START--
INFO: Run Behavior\BuildLiteBehavior [ RunTime:0.000018s ]
INFO: [ app_init ] --END-- [ RunTime:0.000351s ]
INFO: [ app_begin ] --START--
INFO: Run Behavior\ReadHtmlCacheBehavior [ RunTime:0.000557s ]
INFO: [ app_begin ] --END-- [ RunTime:0.000625s ]
NOTIC: [2048] Non-static method Home\models\Muser::UpImg() should not be called statically, assuming $this from incompatible context D:\wamp1\www\tp\Application\Home\Controller\UinfoController.class.php 第 207 行.
NOTIC: [2] call_user_func() expects parameter 1 to be a valid callback, no array or string given D:\wamp1\www\tp\ThinkPHP\Library\Think\Upload.class.php 第 170 行.
NOTIC: [8] Undefined index: savepath D:\wamp1\www\tp\Application\Home\Controller\UinfoController.class.php 第 209 行.
NOTIC: [8] Undefined index: savepath D:\wamp1\www\tp\Application\Home\Controller\UinfoController.class.php 第 209 行.
SQL: SHOW COLUMNS FROM `userinfo` [ RunTime:0.0030s ]
SQL: UPDATE `userinfo` SET `headimg`='/Public/headimg/' WHERE `uid` = 2 [ RunTime:0.1574s ]

[ 2015-08-09T11:03:07+08:00 ] 127.0.0.1 /index.php/uinfo/upuserinfo?uid=2
INFO: [ app_init ] --START--
INFO: Run Behavior\BuildLiteBehavior [ RunTime:0.000019s ]
INFO: [ app_init ] --END-- [ RunTime:0.000375s ]
INFO: [ app_begin ] --START--
INFO: Run Behavior\ReadHtmlCacheBehavior [ RunTime:0.000610s ]
INFO: [ app_begin ] --END-- [ RunTime:0.000680s ]
NOTIC: [2048] Non-static method Home\models\Muser::UpImg() should not be called statically, assuming $this from incompatible context D:\wamp1\www\tp\Application\Home\Controller\UinfoController.class.php 第 207 行.
NOTIC: [2] call_user_func() expects parameter 1 to be a valid callback, no array or string given D:\wamp1\www\tp\ThinkPHP\Library\Think\Upload.class.php 第 170 行.

[ 2015-08-09T11:03:47+08:00 ] 127.0.0.1 /index.php/uinfo/upuserinfo?uid=2
INFO: [ app_init ] --START--
INFO: Run Behavior\BuildLiteBehavior [ RunTime:0.000020s ]
INFO: [ app_init ] --END-- [ RunTime:0.000439s ]
INFO: [ app_begin ] --START--
INFO: Run Behavior\ReadHtmlCacheBehavior [ RunTime:0.000662s ]
INFO: [ app_begin ] --END-- [ RunTime:0.000752s ]
NOTIC: [2048] Non-static method Home\models\Muser::UpImg() should not be called statically, assuming $this from incompatible context D:\wamp1\www\tp\Application\Home\Controller\UinfoController.class.php 第 207 行.
NOTIC: [2] call_user_func() expects parameter 1 to be a valid callback, no array or string given D:\wamp1\www\tp\ThinkPHP\Library\Think\Upload.class.php 第 170 行.
SQL: SHOW COLUMNS FROM `userinfo` [ RunTime:0.0027s ]
SQL: UPDATE `userinfo` SET `headimg`='/Public/headimg/2015-08-09/2015-08-09/' WHERE `uid` = 2 [ RunTime:0.0413s ]
NOTIC: [8] Undefined variable: r1 D:\wamp1\www\tp\Application\Home\Controller\UinfoController.class.php 第 217 行.

[ 2015-08-09T11:04:05+08:00 ] 127.0.0.1 /index.php/uinfo/upuserinfo?uid=2
INFO: [ app_init ] --START--
INFO: Run Behavior\BuildLiteBehavior [ RunTime:0.000019s ]
INFO: [ app_init ] --END-- [ RunTime:0.000413s ]
INFO: [ app_begin ] --START--
INFO: Run Behavior\ReadHtmlCacheBehavior [ RunTime:0.000593s ]
INFO: [ app_begin ] --END-- [ RunTime:0.000663s ]
NOTIC: [2048] Non-static method Home\models\Muser::UpImg() should not be called statically, assuming $this from incompatible context D:\wamp1\www\tp\Application\Home\Controller\UinfoController.class.php 第 207 行.
NOTIC: [2] call_user_func() expects parameter 1 to be a valid callback, no array or string given D:\wamp1\www\tp\ThinkPHP\Library\Think\Upload.class.php 第 170 行.

[ 2015-08-09T11:04:29+08:00 ] 127.0.0.1 /index.php/uinfo/upuserinfo?uid=2
INFO: [ app_init ] --START--
INFO: Run Behavior\BuildLiteBehavior [ RunTime:0.000018s ]
INFO: [ app_init ] --END-- [ RunTime:0.000333s ]
INFO: [ app_begin ] --START--
INFO: Run Behavior\ReadHtmlCacheBehavior [ RunTime:0.000583s ]
INFO: [ app_begin ] --END-- [ RunTime:0.000651s ]
NOTIC: [2048] Non-static method Home\models\Muser::UpImg() should not be called statically, assuming $this from incompatible context D:\wamp1\www\tp\Application\Home\Controller\UinfoController.class.php 第 207 行.
NOTIC: [2] call_user_func() expects parameter 1 to be a valid callback, no array or string given D:\wamp1\www\tp\ThinkPHP\Library\Think\Upload.class.php 第 170 行.
SQL: SHOW COLUMNS FROM `userinfo` [ RunTime:0.0027s ]
SQL: UPDATE `userinfo` SET `headimg`='/Public/headimg/2015-08-09/55c6c33d9f6db.jpg' WHERE `uid` = 2 [ RunTime:0.0337s ]

[ 2015-08-09T11:06:16+08:00 ] 127.0.0.1 /index.php/uinfo/upuserinfo?uid=2
INFO: [ app_init ] --START--
INFO: Run Behavior\BuildLiteBehavior [ RunTime:0.000019s ]
INFO: [ app_init ] --END-- [ RunTime:0.000344s ]
INFO: [ app_begin ] --START--
INFO: Run Behavior\ReadHtmlCacheBehavior [ RunTime:0.000590s ]
INFO: [ app_begin ] --END-- [ RunTime:0.000660s ]
NOTIC: [2048] Non-static method Home\models\Muser::UpImg() should not be called statically, assuming $this from incompatible context D:\wamp1\www\tp\Application\Home\Controller\UinfoController.class.php 第 207 行.
NOTIC: [2] call_user_func() expects parameter 1 to be a valid callback, no array or string given D:\wamp1\www\tp\ThinkPHP\Library\Think\Upload.class.php 第 170 行.
SQL: SHOW COLUMNS FROM `userinfo` [ RunTime:0.0027s ]
SQL: UPDATE `userinfo` SET `headimg`='/Public/headimg/2015-08-09/14390895762.jpg' WHERE `uid` = 2 [ RunTime:0.0343s ]

[ 2015-08-09T11:06:26+08:00 ] 127.0.0.1 /index.php/uinfo/upuserinfo?uid=2
INFO: [ app_init ] --START--
INFO: Run Behavior\BuildLiteBehavior [ RunTime:0.000019s ]
INFO: [ app_init ] --END-- [ RunTime:0.000341s ]
INFO: [ app_begin ] --START--
INFO: Run Behavior\ReadHtmlCacheBehavior [ RunTime:0.000577s ]
INFO: [ app_begin ] --END-- [ RunTime:0.000646s ]
NOTIC: [2048] Non-static method Home\models\Muser::UpImg() should not be called statically, assuming $this from incompatible context D:\wamp1\www\tp\Application\Home\Controller\UinfoController.class.php 第 207 行.
NOTIC: [2] call_user_func() expects parameter 1 to be a valid callback, no array or string given D:\wamp1\www\tp\ThinkPHP\Library\Think\Upload.class.php 第 170 行.
SQL: SHOW COLUMNS FROM `userinfo` [ RunTime:0.0029s ]
SQL: UPDATE `userinfo` SET `headimg`='/Public/headimg/2015-08-09/14390895862.jpg' WHERE `uid` = 2 [ RunTime:0.0586s ]

[ 2015-08-09T11:06:30+08:00 ] 127.0.0.1 /index.php/uinfo/upuserinfo?uid=2
INFO: [ app_init ] --START--
INFO: Run Behavior\BuildLiteBehavior [ RunTime:0.000020s ]
INFO: [ app_init ] --END-- [ RunTime:0.000431s ]
INFO: [ app_begin ] --START--
INFO: Run Behavior\ReadHtmlCacheBehavior [ RunTime:0.000666s ]
INFO: [ app_begin ] --END-- [ RunTime:0.000736s ]
NOTIC: [2048] Non-static method Home\models\Muser::UpImg() should not be called statically, assuming $this from incompatible context D:\wamp1\www\tp\Application\Home\Controller\UinfoController.class.php 第 207 行.
NOTIC: [2] call_user_func() expects parameter 1 to be a valid callback, no array or string given D:\wamp1\www\tp\ThinkPHP\Library\Think\Upload.class.php 第 170 行.
SQL: SHOW COLUMNS FROM `userinfo` [ RunTime:0.0032s ]
SQL: UPDATE `userinfo` SET `headimg`='/Public/headimg/2015-08-09/14390895902.jpg' WHERE `uid` = 2 [ RunTime:0.0499s ]

[ 2015-08-09T11:07:36+08:00 ] 127.0.0.1 /index.php/uinfo/upuserinfo?uid=2
INFO: [ app_init ] --START--
INFO: Run Behavior\BuildLiteBehavior [ RunTime:0.000043s ]
INFO: [ app_init ] --END-- [ RunTime:0.000516s ]
INFO: [ app_begin ] --START--
INFO: Run Behavior\ReadHtmlCacheBehavior [ RunTime:0.000657s ]
INFO: [ app_begin ] --END-- [ RunTime:0.000729s ]
NOTIC: [2048] Non-static method Home\models\Muser::UpImg() should not be called statically, assuming $this from incompatible context D:\wamp1\www\tp\Application\Home\Controller\UinfoController.class.php 第 207 行.
NOTIC: [2] call_user_func() expects parameter 1 to be a valid callback, no array or string given D:\wamp1\www\tp\ThinkPHP\Library\Think\Upload.class.php 第 170 行.
SQL: SHOW COLUMNS FROM `userinfo` [ RunTime:0.0029s ]
SQL: UPDATE `userinfo` SET `headimg`='/Public/headimg/2015-08-09/1439089656_2.jpg' WHERE `uid` = 2 [ RunTime:0.0307s ]

