[ 2015-08-06T11:15:21+08:00 ] 127.0.0.1 /index.php/uinfo/getpass
INFO: [ app_init ] --START--
INFO: Run Behavior\BuildLiteBehavior [ RunTime:0.000047s ]
INFO: [ app_init ] --END-- [ RunTime:0.014499s ]
INFO: [ app_begin ] --START--
INFO: Run Behavior\ReadHtmlCacheBehavior [ RunTime:0.001865s ]
INFO: [ app_begin ] --END-- [ RunTime:0.002046s ]

[ 2015-08-06T11:15:22+08:00 ] 127.0.0.1 /favicon.ico
INFO: [ app_init ] --START--
INFO: Run Behavior\BuildLiteBehavior [ RunTime:0.000028s ]
INFO: [ app_init ] --END-- [ RunTime:0.000520s ]

[ 2015-08-06T11:15:22+08:00 ] 127.0.0.1 /favicon.ico
INFO: [ app_init ] --START--
INFO: Run Behavior\BuildLiteBehavior [ RunTime:0.000018s ]
INFO: [ app_init ] --END-- [ RunTime:0.000348s ]

[ 2015-08-06T11:16:07+08:00 ] 127.0.0.1 /index.php/uinfo/getpass
INFO: [ app_init ] --START--
INFO: Run Behavior\BuildLiteBehavior [ RunTime:0.000041s ]
INFO: [ app_init ] --END-- [ RunTime:0.000854s ]
INFO: [ app_begin ] --START--
INFO: Run Behavior\ReadHtmlCacheBehavior [ RunTime:0.001336s ]
INFO: [ app_begin ] --END-- [ RunTime:0.001519s ]

[ 2015-08-06T11:16:21+08:00 ] 127.0.0.1 /index.php/uinfo/getpass
INFO: [ app_init ] --START--
INFO: Run Behavior\BuildLiteBehavior [ RunTime:0.000038s ]
INFO: [ app_init ] --END-- [ RunTime:0.001272s ]
INFO: [ app_begin ] --START--
INFO: Run Behavior\ReadHtmlCacheBehavior [ RunTime:0.001631s ]
INFO: [ app_begin ] --END-- [ RunTime:0.001797s ]

[ 2015-08-06T11:16:23+08:00 ] 127.0.0.1 /index.php/uinfo/getpass
INFO: [ app_init ] --START--
INFO: Run Behavior\BuildLiteBehavior [ RunTime:0.000036s ]
INFO: [ app_init ] --END-- [ RunTime:0.000788s ]
INFO: [ app_begin ] --START--
INFO: Run Behavior\ReadHtmlCacheBehavior [ RunTime:0.001091s ]
INFO: [ app_begin ] --END-- [ RunTime:0.001239s ]

[ 2015-08-06T11:16:29+08:00 ] 127.0.0.1 /index.php/uinfo/Getpass
INFO: [ app_init ] --START--
INFO: Run Behavior\BuildLiteBehavior [ RunTime:0.000020s ]
INFO: [ app_init ] --END-- [ RunTime:0.000371s ]
INFO: [ app_begin ] --START--
INFO: Run Behavior\ReadHtmlCacheBehavior [ RunTime:0.000607s ]
INFO: [ app_begin ] --END-- [ RunTime:0.000682s ]

[ 2015-08-06T11:16:48+08:00 ] 127.0.0.1 /index.php/uinfo/Getpass?uid=1
INFO: [ app_init ] --START--
INFO: Run Behavior\BuildLiteBehavior [ RunTime:0.000018s ]
INFO: [ app_init ] --END-- [ RunTime:0.000366s ]
INFO: [ app_begin ] --START--
INFO: Run Behavior\ReadHtmlCacheBehavior [ RunTime:0.000547s ]
INFO: [ app_begin ] --END-- [ RunTime:0.000646s ]
NOTIC: [2048] Non-static method Home\models\Muser::quchong() should not be called statically D:\wamp1\www\tp\Application\Home\models\Muser.class.php 第 89 行.
NOTIC: [8] Undefined index: id D:\wamp1\www\tp\Application\Home\models\Muser.class.php 第 108 行.
NOTIC: [8] Undefined index: id D:\wamp1\www\tp\Application\Home\models\Muser.class.php 第 108 行.
NOTIC: [8] Undefined index: id D:\wamp1\www\tp\Application\Home\models\Muser.class.php 第 108 行.

[ 2015-08-06T11:17:21+08:00 ] 127.0.0.1 /index.php/uinfo/Getpass?uid=1
INFO: [ app_init ] --START--
INFO: Run Behavior\BuildLiteBehavior [ RunTime:0.000068s ]
INFO: [ app_init ] --END-- [ RunTime:0.000828s ]
INFO: [ app_begin ] --START--
INFO: Run Behavior\ReadHtmlCacheBehavior [ RunTime:0.000991s ]
INFO: [ app_begin ] --END-- [ RunTime:0.001135s ]
NOTIC: [2048] Non-static method Home\models\Muser::quchong() should not be called statically D:\wamp1\www\tp\Application\Home\models\Muser.class.php 第 88 行.
NOTIC: [8] Undefined index: id D:\wamp1\www\tp\Application\Home\models\Muser.class.php 第 108 行.
NOTIC: [8] Undefined index: id D:\wamp1\www\tp\Application\Home\models\Muser.class.php 第 108 行.
NOTIC: [8] Undefined index: id D:\wamp1\www\tp\Application\Home\models\Muser.class.php 第 108 行.

[ 2015-08-06T11:17:21+08:00 ] 127.0.0.1 /index.php/uinfo/Getpass?uid=1
INFO: [ app_init ] --START--
INFO: Run Behavior\BuildLiteBehavior [ RunTime:0.000057s ]
INFO: [ app_init ] --END-- [ RunTime:0.000687s ]
INFO: [ app_begin ] --START--
INFO: Run Behavior\ReadHtmlCacheBehavior [ RunTime:0.001155s ]
INFO: [ app_begin ] --END-- [ RunTime:0.001291s ]
NOTIC: [2048] Non-static method Home\models\Muser::quchong() should not be called statically D:\wamp1\www\tp\Application\Home\models\Muser.class.php 第 88 行.
NOTIC: [8] Undefined index: id D:\wamp1\www\tp\Application\Home\models\Muser.class.php 第 108 行.
NOTIC: [8] Undefined index: id D:\wamp1\www\tp\Application\Home\models\Muser.class.php 第 108 行.
NOTIC: [8] Undefined index: id D:\wamp1\www\tp\Application\Home\models\Muser.class.php 第 108 行.

[ 2015-08-06T11:17:21+08:00 ] 127.0.0.1 /index.php/uinfo/Getpass?uid=1
INFO: [ app_init ] --START--
INFO: Run Behavior\BuildLiteBehavior [ RunTime:0.000037s ]
INFO: [ app_init ] --END-- [ RunTime:0.000764s ]
INFO: [ app_begin ] --START--
INFO: Run Behavior\ReadHtmlCacheBehavior [ RunTime:0.001069s ]
INFO: [ app_begin ] --END-- [ RunTime:0.001215s ]
NOTIC: [2048] Non-static method Home\models\Muser::quchong() should not be called statically D:\wamp1\www\tp\Application\Home\models\Muser.class.php 第 88 行.
NOTIC: [8] Undefined index: id D:\wamp1\www\tp\Application\Home\models\Muser.class.php 第 108 行.
NOTIC: [8] Undefined index: id D:\wamp1\www\tp\Application\Home\models\Muser.class.php 第 108 行.
NOTIC: [8] Undefined index: id D:\wamp1\www\tp\Application\Home\models\Muser.class.php 第 108 行.

[ 2015-08-06T11:17:22+08:00 ] 127.0.0.1 /index.php/uinfo/Getpass?uid=1
INFO: [ app_init ] --START--
INFO: Run Behavior\BuildLiteBehavior [ RunTime:0.000036s ]
INFO: [ app_init ] --END-- [ RunTime:0.000956s ]
INFO: [ app_begin ] --START--
INFO: Run Behavior\ReadHtmlCacheBehavior [ RunTime:0.001232s ]
INFO: [ app_begin ] --END-- [ RunTime:0.001383s ]
NOTIC: [2048] Non-static method Home\models\Muser::quchong() should not be called statically D:\wamp1\www\tp\Application\Home\models\Muser.class.php 第 88 行.
NOTIC: [8] Undefined index: id D:\wamp1\www\tp\Application\Home\models\Muser.class.php 第 108 行.
NOTIC: [8] Undefined index: id D:\wamp1\www\tp\Application\Home\models\Muser.class.php 第 108 行.
NOTIC: [8] Undefined index: id D:\wamp1\www\tp\Application\Home\models\Muser.class.php 第 108 行.

[ 2015-08-06T11:17:22+08:00 ] 127.0.0.1 /index.php/uinfo/Getpass?uid=1
INFO: [ app_init ] --START--
INFO: Run Behavior\BuildLiteBehavior [ RunTime:0.000032s ]
INFO: [ app_init ] --END-- [ RunTime:0.000870s ]
INFO: [ app_begin ] --START--
INFO: Run Behavior\ReadHtmlCacheBehavior [ RunTime:0.001073s ]
INFO: [ app_begin ] --END-- [ RunTime:0.001238s ]
NOTIC: [2048] Non-static method Home\models\Muser::quchong() should not be called statically D:\wamp1\www\tp\Application\Home\models\Muser.class.php 第 88 行.
NOTIC: [8] Undefined index: id D:\wamp1\www\tp\Application\Home\models\Muser.class.php 第 108 行.
NOTIC: [8] Undefined index: id D:\wamp1\www\tp\Application\Home\models\Muser.class.php 第 108 行.
NOTIC: [8] Undefined index: id D:\wamp1\www\tp\Application\Home\models\Muser.class.php 第 108 行.

[ 2015-08-06T11:17:42+08:00 ] 127.0.0.1 /index.php/uinfo/Getpass?uid=1
INFO: [ app_init ] --START--
INFO: Run Behavior\BuildLiteBehavior [ RunTime:0.000035s ]
INFO: [ app_init ] --END-- [ RunTime:0.000758s ]
INFO: [ app_begin ] --START--
INFO: Run Behavior\ReadHtmlCacheBehavior [ RunTime:0.001058s ]
INFO: [ app_begin ] --END-- [ RunTime:0.001255s ]
NOTIC: [2048] Non-static method Home\models\Muser::quchong() should not be called statically D:\wamp1\www\tp\Application\Home\models\Muser.class.php 第 88 行.
NOTIC: [8] Undefined index: id D:\wamp1\www\tp\Application\Home\models\Muser.class.php 第 108 行.
NOTIC: [8] Undefined index: id D:\wamp1\www\tp\Application\Home\models\Muser.class.php 第 108 行.
NOTIC: [8] Undefined index: id D:\wamp1\www\tp\Application\Home\models\Muser.class.php 第 108 行.

[ 2015-08-06T11:18:01+08:00 ] 127.0.0.1 /index.php/uinfo/Getpass?uid=1
INFO: [ app_init ] --START--
INFO: Run Behavior\BuildLiteBehavior [ RunTime:0.000032s ]
INFO: [ app_init ] --END-- [ RunTime:0.000683s ]
INFO: [ app_begin ] --START--
INFO: Run Behavior\ReadHtmlCacheBehavior [ RunTime:0.000954s ]
INFO: [ app_begin ] --END-- [ RunTime:0.001084s ]
NOTIC: [2048] Non-static method Home\models\Muser::quchong() should not be called statically D:\wamp1\www\tp\Application\Home\models\Muser.class.php 第 88 行.
NOTIC: [8] Undefined index: id D:\wamp1\www\tp\Application\Home\models\Muser.class.php 第 108 行.
NOTIC: [8] Undefined index: id D:\wamp1\www\tp\Application\Home\models\Muser.class.php 第 108 行.
NOTIC: [8] Undefined index: id D:\wamp1\www\tp\Application\Home\models\Muser.class.php 第 108 行.

[ 2015-08-06T11:18:25+08:00 ] 127.0.0.1 /index.php/uinfo/Getpass?uid=1
INFO: [ app_init ] --START--
INFO: Run Behavior\BuildLiteBehavior [ RunTime:0.000061s ]
INFO: [ app_init ] --END-- [ RunTime:0.000844s ]
INFO: [ app_begin ] --START--
INFO: Run Behavior\ReadHtmlCacheBehavior [ RunTime:0.001096s ]
INFO: [ app_begin ] --END-- [ RunTime:0.001251s ]
NOTIC: [2048] Non-static method Home\models\Muser::quchong() should not be called statically D:\wamp1\www\tp\Application\Home\models\Muser.class.php 第 88 行.

[ 2015-08-06T11:18:26+08:00 ] 127.0.0.1 /index.php/uinfo/Getpass?uid=1
INFO: [ app_init ] --START--
INFO: Run Behavior\BuildLiteBehavior [ RunTime:0.000036s ]
INFO: [ app_init ] --END-- [ RunTime:0.000894s ]
INFO: [ app_begin ] --START--
INFO: Run Behavior\ReadHtmlCacheBehavior [ RunTime:0.001095s ]
INFO: [ app_begin ] --END-- [ RunTime:0.001247s ]
NOTIC: [2048] Non-static method Home\models\Muser::quchong() should not be called statically D:\wamp1\www\tp\Application\Home\models\Muser.class.php 第 88 行.

[ 2015-08-06T11:18:32+08:00 ] 127.0.0.1 /index.php/uinfo/Getpass?uid=1
INFO: [ app_init ] --START--
INFO: Run Behavior\BuildLiteBehavior [ RunTime:0.000025s ]
INFO: [ app_init ] --END-- [ RunTime:0.000613s ]
INFO: [ app_begin ] --START--
INFO: Run Behavior\ReadHtmlCacheBehavior [ RunTime:0.000830s ]
INFO: [ app_begin ] --END-- [ RunTime:0.000933s ]
NOTIC: [2048] Non-static method Home\models\Muser::quchong() should not be called statically D:\wamp1\www\tp\Application\Home\models\Muser.class.php 第 88 行.

[ 2015-08-06T11:19:07+08:00 ] 127.0.0.1 /index.php/uinfo/Getpass?uid=1
INFO: [ app_init ] --START--
INFO: Run Behavior\BuildLiteBehavior [ RunTime:0.000048s ]
INFO: [ app_init ] --END-- [ RunTime:0.001024s ]
INFO: [ app_begin ] --START--
INFO: Run Behavior\ReadHtmlCacheBehavior [ RunTime:0.001423s ]
INFO: [ app_begin ] --END-- [ RunTime:0.001579s ]
NOTIC: [2048] Non-static method Home\models\Muser::quchong() should not be called statically D:\wamp1\www\tp\Application\Home\models\Muser.class.php 第 88 行.
NOTIC: [8] Undefined offset: 1 D:\wamp1\www\tp\Application\Home\models\Muser.class.php 第 108 行.

[ 2015-08-06T11:19:16+08:00 ] 127.0.0.1 /index.php/uinfo/Getpass?uid=1
INFO: [ app_init ] --START--
INFO: Run Behavior\BuildLiteBehavior [ RunTime:0.000025s ]
INFO: [ app_init ] --END-- [ RunTime:0.000522s ]
INFO: [ app_begin ] --START--
INFO: Run Behavior\ReadHtmlCacheBehavior [ RunTime:0.000835s ]
INFO: [ app_begin ] --END-- [ RunTime:0.000950s ]
NOTIC: [2048] Non-static method Home\models\Muser::quchong() should not be called statically D:\wamp1\www\tp\Application\Home\models\Muser.class.php 第 88 行.

[ 2015-08-06T11:19:29+08:00 ] 127.0.0.1 /index.php/uinfo/Getpass?uid=1
INFO: [ app_init ] --START--
INFO: Run Behavior\BuildLiteBehavior [ RunTime:0.000032s ]
INFO: [ app_init ] --END-- [ RunTime:0.000706s ]
INFO: [ app_begin ] --START--
INFO: Run Behavior\ReadHtmlCacheBehavior [ RunTime:0.001238s ]
INFO: [ app_begin ] --END-- [ RunTime:0.001380s ]
NOTIC: [2048] Non-static method Home\models\Muser::quchong() should not be called statically D:\wamp1\www\tp\Application\Home\models\Muser.class.php 第 88 行.

[ 2015-08-06T11:20:10+08:00 ] 127.0.0.1 /index.php/uinfo/Getpass?uid=1
INFO: [ app_init ] --START--
INFO: Run Behavior\BuildLiteBehavior [ RunTime:0.000018s ]
INFO: [ app_init ] --END-- [ RunTime:0.000368s ]
INFO: [ app_begin ] --START--
INFO: Run Behavior\ReadHtmlCacheBehavior [ RunTime:0.000606s ]
INFO: [ app_begin ] --END-- [ RunTime:0.000677s ]
NOTIC: [2048] Non-static method Home\models\Muser::quchong() should not be called statically D:\wamp1\www\tp\Application\Home\models\Muser.class.php 第 88 行.

[ 2015-08-06T11:20:22+08:00 ] 127.0.0.1 /index.php/uinfo/Getpass?uid=1
INFO: [ app_init ] --START--
INFO: Run Behavior\BuildLiteBehavior [ RunTime:0.000028s ]
INFO: [ app_init ] --END-- [ RunTime:0.000651s ]
INFO: [ app_begin ] --START--
INFO: Run Behavior\ReadHtmlCacheBehavior [ RunTime:0.000572s ]
INFO: [ app_begin ] --END-- [ RunTime:0.000717s ]
NOTIC: [2048] Non-static method Home\models\Muser::quchong() should not be called statically D:\wamp1\www\tp\Application\Home\models\Muser.class.php 第 88 行.

[ 2015-08-06T11:20:34+08:00 ] 127.0.0.1 /index.php/uinfo/Getpass?uid=1
INFO: [ app_init ] --START--
INFO: Run Behavior\BuildLiteBehavior [ RunTime:0.000035s ]
INFO: [ app_init ] --END-- [ RunTime:0.000836s ]
INFO: [ app_begin ] --START--
INFO: Run Behavior\ReadHtmlCacheBehavior [ RunTime:0.001173s ]
INFO: [ app_begin ] --END-- [ RunTime:0.001330s ]
NOTIC: [2048] Non-static method Home\models\Muser::quchong() should not be called statically D:\wamp1\www\tp\Application\Home\models\Muser.class.php 第 88 行.

