[ 2015-08-07T15:54:32+08:00 ] 127.0.0.1 /index.php?s=/uinfo/AgreeFriend&uid=8&aid=7
INFO: [ app_init ] --START--
INFO: Run Behavior\BuildLiteBehavior [ RunTime:0.000027s ]
INFO: [ app_init ] --END-- [ RunTime:0.000566s ]
INFO: [ app_begin ] --START--
INFO: Run Behavior\ReadHtmlCacheBehavior [ RunTime:0.000890s ]
INFO: [ app_begin ] --END-- [ RunTime:0.001002s ]
SQL: SHOW COLUMNS FROM `sendfriend` [ RunTime:0.0035s ]
SQL: SELECT `touid` FROM `sendfriend` WHERE `id` = 7 LIMIT 1   [ RunTime:0.0003s ]
ERR: Think\Model:sava方法不存在！

[ 2015-08-07T15:54:32+08:00 ] 127.0.0.1 /favicon.ico
INFO: [ app_init ] --START--
INFO: Run Behavior\BuildLiteBehavior [ RunTime:0.000035s ]
INFO: [ app_init ] --END-- [ RunTime:0.000513s ]

[ 2015-08-07T15:54:32+08:00 ] 127.0.0.1 /favicon.ico
INFO: [ app_init ] --START--
INFO: Run Behavior\BuildLiteBehavior [ RunTime:0.000018s ]
INFO: [ app_init ] --END-- [ RunTime:0.000344s ]

[ 2015-08-07T15:54:53+08:00 ] 127.0.0.1 /
INFO: [ app_init ] --START--
INFO: Run Behavior\BuildLiteBehavior [ RunTime:0.000019s ]
INFO: [ app_init ] --END-- [ RunTime:0.000339s ]
INFO: [ app_begin ] --START--
INFO: Run Behavior\ReadHtmlCacheBehavior [ RunTime:0.000653s ]
INFO: [ app_begin ] --END-- [ RunTime:0.000732s ]
INFO: [ view_parse ] --START--
INFO: Run Behavior\ParseTemplateBehavior [ RunTime:0.000811s ]
INFO: [ view_parse ] --END-- [ RunTime:0.000888s ]
INFO: [ view_filter ] --START--
INFO: Run Behavior\WriteHtmlCacheBehavior [ RunTime:0.004091s ]
INFO: [ view_filter ] --END-- [ RunTime:0.004152s ]

[ 2015-08-07T15:56:34+08:00 ] 127.0.0.1 /index.php?s=/uinfo/AgreeFriend&uid=8&aid=7
INFO: [ app_init ] --START--
INFO: Run Behavior\BuildLiteBehavior [ RunTime:0.000031s ]
INFO: [ app_init ] --END-- [ RunTime:0.000576s ]
INFO: [ app_begin ] --START--
INFO: Run Behavior\ReadHtmlCacheBehavior [ RunTime:0.001072s ]
INFO: [ app_begin ] --END-- [ RunTime:0.001193s ]
SQL: SHOW COLUMNS FROM `sendfriend` [ RunTime:0.0029s ]
SQL: SELECT `touid` FROM `sendfriend` WHERE `id` = 7 LIMIT 1   [ RunTime:0.0002s ]
SQL: UPDATE `sendfriend` SET `status`='1' WHERE `id` = 7 [ RunTime:0.0114s ]

[ 2015-08-07T16:33:54+08:00 ] 127.0.0.1 /index.php/uinfo/AddPass?uid=2&pid=3
INFO: [ app_init ] --START--
INFO: Run Behavior\BuildLiteBehavior [ RunTime:0.000019s ]
INFO: [ app_init ] --END-- [ RunTime:0.000524s ]
INFO: [ app_begin ] --START--
INFO: Run Behavior\ReadHtmlCacheBehavior [ RunTime:0.000551s ]
INFO: [ app_begin ] --END-- [ RunTime:0.000657s ]
SQL: SHOW COLUMNS FROM `pass_relation` [ RunTime:0.0028s ]
SQL: SELECT * FROM `pass_relation` WHERE `uid` = 2 LIMIT 1   [ RunTime:0.0002s ]
SQL: UPDATE `pass_relation` SET `num`='4',`uptime`='1438936434' WHERE `uid` = 2 [ RunTime:0.0448s ]

[ 2015-08-07T16:34:16+08:00 ] 127.0.0.1 /index.php/uinfo/AddPass?uid=2&pid=3
INFO: [ app_init ] --START--
INFO: Run Behavior\BuildLiteBehavior [ RunTime:0.000031s ]
INFO: [ app_init ] --END-- [ RunTime:0.000607s ]
INFO: [ app_begin ] --START--
INFO: Run Behavior\ReadHtmlCacheBehavior [ RunTime:0.000964s ]
INFO: [ app_begin ] --END-- [ RunTime:0.001094s ]
SQL: SHOW COLUMNS FROM `pass_relation` [ RunTime:0.0027s ]
SQL: SELECT * FROM `pass_relation` WHERE `uid` = 2 LIMIT 1   [ RunTime:0.0002s ]
SQL: UPDATE `pass_relation` SET `num`='5',`uptime`='1438936456' WHERE `uid` = 2 [ RunTime:0.0487s ]

[ 2015-08-07T16:34:16+08:00 ] 127.0.0.1 /index.php/uinfo/AddPass?uid=2&pid=3
INFO: [ app_init ] --START--
INFO: Run Behavior\BuildLiteBehavior [ RunTime:0.000025s ]
INFO: [ app_init ] --END-- [ RunTime:0.000481s ]
INFO: [ app_begin ] --START--
INFO: Run Behavior\ReadHtmlCacheBehavior [ RunTime:0.000763s ]
INFO: [ app_begin ] --END-- [ RunTime:0.000879s ]
SQL: SHOW COLUMNS FROM `pass_relation` [ RunTime:0.0035s ]
SQL: SELECT * FROM `pass_relation` WHERE `uid` = 2 LIMIT 1   [ RunTime:0.0003s ]
SQL: UPDATE `pass_relation` SET `num`='6',`uptime`='1438936456' WHERE `uid` = 2 [ RunTime:0.0375s ]

[ 2015-08-07T16:34:17+08:00 ] 127.0.0.1 /index.php/uinfo/AddPass?uid=2&pid=3
INFO: [ app_init ] --START--
INFO: Run Behavior\BuildLiteBehavior [ RunTime:0.000017s ]
INFO: [ app_init ] --END-- [ RunTime:0.000372s ]
INFO: [ app_begin ] --START--
INFO: Run Behavior\ReadHtmlCacheBehavior [ RunTime:0.000447s ]
INFO: [ app_begin ] --END-- [ RunTime:0.000510s ]
SQL: SHOW COLUMNS FROM `pass_relation` [ RunTime:0.0026s ]
SQL: SELECT * FROM `pass_relation` WHERE `uid` = 2 LIMIT 1   [ RunTime:0.0002s ]
SQL: UPDATE `pass_relation` SET `num`='7',`uptime`='1438936457' WHERE `uid` = 2 [ RunTime:0.0348s ]

[ 2015-08-07T16:34:17+08:00 ] 127.0.0.1 /index.php/uinfo/AddPass?uid=2&pid=3
INFO: [ app_init ] --START--
INFO: Run Behavior\BuildLiteBehavior [ RunTime:0.000016s ]
INFO: [ app_init ] --END-- [ RunTime:0.000305s ]
INFO: [ app_begin ] --START--
INFO: Run Behavior\ReadHtmlCacheBehavior [ RunTime:0.000512s ]
INFO: [ app_begin ] --END-- [ RunTime:0.000596s ]
SQL: SHOW COLUMNS FROM `pass_relation` [ RunTime:0.0028s ]
SQL: SELECT * FROM `pass_relation` WHERE `uid` = 2 LIMIT 1   [ RunTime:0.0003s ]
SQL: UPDATE `pass_relation` SET `num`='8',`uptime`='1438936457' WHERE `uid` = 2 [ RunTime:0.0268s ]

[ 2015-08-07T16:34:17+08:00 ] 127.0.0.1 /index.php/uinfo/AddPass?uid=2&pid=3
INFO: [ app_init ] --START--
INFO: Run Behavior\BuildLiteBehavior [ RunTime:0.000018s ]
INFO: [ app_init ] --END-- [ RunTime:0.000320s ]
INFO: [ app_begin ] --START--
INFO: Run Behavior\ReadHtmlCacheBehavior [ RunTime:0.000537s ]
INFO: [ app_begin ] --END-- [ RunTime:0.000605s ]
SQL: SHOW COLUMNS FROM `pass_relation` [ RunTime:0.0030s ]
SQL: SELECT * FROM `pass_relation` WHERE `uid` = 2 LIMIT 1   [ RunTime:0.0003s ]
SQL: UPDATE `pass_relation` SET `num`='9',`uptime`='1438936457' WHERE `uid` = 2 [ RunTime:0.0356s ]

[ 2015-08-07T16:34:17+08:00 ] 127.0.0.1 /index.php/uinfo/AddPass?uid=2&pid=3
INFO: [ app_init ] --START--
INFO: Run Behavior\BuildLiteBehavior [ RunTime:0.000018s ]
INFO: [ app_init ] --END-- [ RunTime:0.000327s ]
INFO: [ app_begin ] --START--
INFO: Run Behavior\ReadHtmlCacheBehavior [ RunTime:0.000496s ]
INFO: [ app_begin ] --END-- [ RunTime:0.000565s ]
SQL: SHOW COLUMNS FROM `pass_relation` [ RunTime:0.0025s ]
SQL: SELECT * FROM `pass_relation` WHERE `uid` = 2 LIMIT 1   [ RunTime:0.0002s ]
SQL: UPDATE `pass_relation` SET `num`='10',`uptime`='1438936457' WHERE `uid` = 2 [ RunTime:0.0290s ]

[ 2015-08-07T16:34:18+08:00 ] 127.0.0.1 /index.php/uinfo/AddPass?uid=2&pid=3
INFO: [ app_init ] --START--
INFO: Run Behavior\BuildLiteBehavior [ RunTime:0.000019s ]
INFO: [ app_init ] --END-- [ RunTime:0.000449s ]
INFO: [ app_begin ] --START--
INFO: Run Behavior\ReadHtmlCacheBehavior [ RunTime:0.000502s ]
INFO: [ app_begin ] --END-- [ RunTime:0.000584s ]
SQL: SHOW COLUMNS FROM `pass_relation` [ RunTime:0.0030s ]
SQL: SELECT * FROM `pass_relation` WHERE `uid` = 2 LIMIT 1   [ RunTime:0.0003s ]
SQL: UPDATE `pass_relation` SET `num`='11',`uptime`='1438936457' WHERE `uid` = 2 [ RunTime:0.0596s ]

[ 2015-08-07T16:34:18+08:00 ] 127.0.0.1 /index.php/uinfo/AddPass?uid=2&pid=3
INFO: [ app_init ] --START--
INFO: Run Behavior\BuildLiteBehavior [ RunTime:0.000019s ]
INFO: [ app_init ] --END-- [ RunTime:0.000328s ]
INFO: [ app_begin ] --START--
INFO: Run Behavior\ReadHtmlCacheBehavior [ RunTime:0.000550s ]
INFO: [ app_begin ] --END-- [ RunTime:0.000636s ]
SQL: SHOW COLUMNS FROM `pass_relation` [ RunTime:0.0027s ]
SQL: SELECT * FROM `pass_relation` WHERE `uid` = 2 LIMIT 1   [ RunTime:0.0002s ]
SQL: UPDATE `pass_relation` SET `num`='12',`uptime`='1438936458' WHERE `uid` = 2 [ RunTime:0.0342s ]

[ 2015-08-07T16:34:18+08:00 ] 127.0.0.1 /index.php/uinfo/AddPass?uid=2&pid=3
INFO: [ app_init ] --START--
INFO: Run Behavior\BuildLiteBehavior [ RunTime:0.000019s ]
INFO: [ app_init ] --END-- [ RunTime:0.000375s ]
INFO: [ app_begin ] --START--
INFO: Run Behavior\ReadHtmlCacheBehavior [ RunTime:0.000456s ]
INFO: [ app_begin ] --END-- [ RunTime:0.000520s ]
SQL: SHOW COLUMNS FROM `pass_relation` [ RunTime:0.0029s ]
SQL: SELECT * FROM `pass_relation` WHERE `uid` = 2 LIMIT 1   [ RunTime:0.0002s ]
SQL: UPDATE `pass_relation` SET `num`='13',`uptime`='1438936458' WHERE `uid` = 2 [ RunTime:0.0580s ]

[ 2015-08-07T16:34:18+08:00 ] 127.0.0.1 /index.php/uinfo/AddPass?uid=2&pid=3
INFO: [ app_init ] --START--
INFO: Run Behavior\BuildLiteBehavior [ RunTime:0.000018s ]
INFO: [ app_init ] --END-- [ RunTime:0.000325s ]
INFO: [ app_begin ] --START--
INFO: Run Behavior\ReadHtmlCacheBehavior [ RunTime:0.000485s ]
INFO: [ app_begin ] --END-- [ RunTime:0.000606s ]
SQL: SHOW COLUMNS FROM `pass_relation` [ RunTime:0.0028s ]
SQL: SELECT * FROM `pass_relation` WHERE `uid` = 2 LIMIT 1   [ RunTime:0.0002s ]
SQL: UPDATE `pass_relation` SET `num`='14',`uptime`='1438936458' WHERE `uid` = 2 [ RunTime:0.0272s ]

[ 2015-08-07T16:34:19+08:00 ] 127.0.0.1 /index.php/uinfo/AddPass?uid=2&pid=3
INFO: [ app_init ] --START--
INFO: Run Behavior\BuildLiteBehavior [ RunTime:0.000018s ]
INFO: [ app_init ] --END-- [ RunTime:0.000404s ]
INFO: [ app_begin ] --START--
INFO: Run Behavior\ReadHtmlCacheBehavior [ RunTime:0.000549s ]
INFO: [ app_begin ] --END-- [ RunTime:0.000616s ]
SQL: SHOW COLUMNS FROM `pass_relation` [ RunTime:0.0029s ]
SQL: SELECT * FROM `pass_relation` WHERE `uid` = 2 LIMIT 1   [ RunTime:0.0002s ]
SQL: UPDATE `pass_relation` SET `num`='15',`uptime`='1438936458' WHERE `uid` = 2 [ RunTime:0.0523s ]

[ 2015-08-07T16:34:31+08:00 ] 127.0.0.1 /index.php/uinfo/AddPass?uid=2&pid=3
INFO: [ app_init ] --START--
INFO: Run Behavior\BuildLiteBehavior [ RunTime:0.000018s ]
INFO: [ app_init ] --END-- [ RunTime:0.000325s ]
INFO: [ app_begin ] --START--
INFO: Run Behavior\ReadHtmlCacheBehavior [ RunTime:0.000558s ]
INFO: [ app_begin ] --END-- [ RunTime:0.000623s ]
SQL: SHOW COLUMNS FROM `pass_relation` [ RunTime:0.0026s ]
SQL: SELECT * FROM `pass_relation` WHERE `uid` = 2 LIMIT 1   [ RunTime:0.0002s ]
SQL: UPDATE `pass_relation` SET `num`='16',`uptime`='1438936471' WHERE `uid` = 2 [ RunTime:0.0501s ]

[ 2015-08-07T16:34:36+08:00 ] 127.0.0.1 /index.php/uinfo/a?uid=2&pid=3
INFO: [ app_init ] --START--
INFO: Run Behavior\BuildLiteBehavior [ RunTime:0.000017s ]
INFO: [ app_init ] --END-- [ RunTime:0.000318s ]
INFO: [ app_begin ] --START--
INFO: Run Behavior\ReadHtmlCacheBehavior [ RunTime:0.000707s ]
INFO: [ app_begin ] --END-- [ RunTime:0.000783s ]
ERR: 非法操作:a

[ 2015-08-07T16:35:13+08:00 ] 127.0.0.1 /index.php/uinfo/AgreeFriend/uid/2/aid/2
INFO: [ app_init ] --START--
INFO: Run Behavior\BuildLiteBehavior [ RunTime:0.000044s ]
INFO: [ app_init ] --END-- [ RunTime:0.000901s ]
INFO: [ app_begin ] --START--
INFO: Run Behavior\ReadHtmlCacheBehavior [ RunTime:0.001399s ]
INFO: [ app_begin ] --END-- [ RunTime:0.001568s ]
SQL: SHOW COLUMNS FROM `sendfriend` [ RunTime:0.0034s ]
SQL: SELECT `touid` FROM `sendfriend` WHERE `id` = 2 LIMIT 1   [ RunTime:0.0003s ]
SQL: UPDATE `sendfriend` SET `status`='1' WHERE `id` = 2 [ RunTime:0.0465s ]
SQL: SHOW COLUMNS FROM `friend` [ RunTime:0.0033s ]
SQL: INSERT INTO `friend` (`fuid`,`timeline`) VALUES ('3','1438936513') [ RunTime:0.0273s ]

[ 2015-08-07T17:54:46+08:00 ] 127.0.0.1 /index.php?s=/article/SendArt&uid=1&title=mmmmmm
INFO: [ app_init ] --START--
INFO: Run Behavior\BuildLiteBehavior [ RunTime:0.000018s ]
INFO: [ app_init ] --END-- [ RunTime:0.000353s ]
INFO: [ app_begin ] --START--
INFO: Run Behavior\ReadHtmlCacheBehavior [ RunTime:0.000592s ]
INFO: [ app_begin ] --END-- [ RunTime:0.000664s ]
SQL: SHOW COLUMNS FROM `send_article` [ RunTime:0.0029s ]
SQL: INSERT INTO `send_article` (`title`,`desc`,`timeline`,`uid`) VALUES ('mmmmmm','0','1438941285','1') [ RunTime:0.0413s ]

[ 2015-08-07T18:15:51+08:00 ] 127.0.0.1 /index.php?s=/article/getAllart&uid=1&title=mmmmmm
INFO: [ app_init ] --START--
INFO: Run Behavior\BuildLiteBehavior [ RunTime:0.000050s ]
INFO: [ app_init ] --END-- [ RunTime:0.000532s ]
INFO: [ app_begin ] --START--
INFO: Run Behavior\ReadHtmlCacheBehavior [ RunTime:0.000666s ]
INFO: [ app_begin ] --END-- [ RunTime:0.000737s ]
ERR: 非法操作:getAllart

[ 2015-08-07T18:16:45+08:00 ] 127.0.0.1 /index.php?s=/article/getAllart&uid=1&title=mmmmmm
INFO: [ app_init ] --START--
INFO: Run Behavior\BuildLiteBehavior [ RunTime:0.000041s ]
INFO: [ app_init ] --END-- [ RunTime:0.000816s ]
INFO: [ app_begin ] --START--
INFO: Run Behavior\ReadHtmlCacheBehavior [ RunTime:0.001488s ]
INFO: [ app_begin ] --END-- [ RunTime:0.001671s ]
ERR: 非法操作:getAllart

[ 2015-08-07T18:18:08+08:00 ] 127.0.0.1 /index.php?s=/article/getAllart&uid=1&title=mmmmmm
INFO: [ app_init ] --START--
INFO: Run Behavior\BuildLiteBehavior [ RunTime:0.000019s ]
INFO: [ app_init ] --END-- [ RunTime:0.000397s ]
INFO: [ app_begin ] --START--
INFO: Run Behavior\ReadHtmlCacheBehavior [ RunTime:0.000613s ]
INFO: [ app_begin ] --END-- [ RunTime:0.000698s ]
ERR: 非法操作:getAllart

[ 2015-08-07T18:18:09+08:00 ] 127.0.0.1 /index.php?s=/article/getAllart&uid=1&title=mmmmmm
INFO: [ app_init ] --START--
INFO: Run Behavior\BuildLiteBehavior [ RunTime:0.000032s ]
INFO: [ app_init ] --END-- [ RunTime:0.000633s ]
INFO: [ app_begin ] --START--
INFO: Run Behavior\ReadHtmlCacheBehavior [ RunTime:0.001215s ]
INFO: [ app_begin ] --END-- [ RunTime:0.001384s ]
ERR: 非法操作:getAllart

[ 2015-08-07T18:18:09+08:00 ] 127.0.0.1 /index.php?s=/article/getAllart&uid=1&title=mmmmmm
INFO: [ app_init ] --START--
INFO: Run Behavior\BuildLiteBehavior [ RunTime:0.000040s ]
INFO: [ app_init ] --END-- [ RunTime:0.000852s ]
INFO: [ app_begin ] --START--
INFO: Run Behavior\ReadHtmlCacheBehavior [ RunTime:0.001593s ]
INFO: [ app_begin ] --END-- [ RunTime:0.001802s ]
ERR: 非法操作:getAllart

[ 2015-08-07T18:18:09+08:00 ] 127.0.0.1 /index.php?s=/article/getAllart&uid=1&title=mmmmmm
INFO: [ app_init ] --START--
INFO: Run Behavior\BuildLiteBehavior [ RunTime:0.000017s ]
INFO: [ app_init ] --END-- [ RunTime:0.000334s ]
INFO: [ app_begin ] --START--
INFO: Run Behavior\ReadHtmlCacheBehavior [ RunTime:0.000588s ]
INFO: [ app_begin ] --END-- [ RunTime:0.000659s ]
ERR: 非法操作:getAllart

[ 2015-08-07T18:18:10+08:00 ] 127.0.0.1 /index.php?s=/article/getAllart&uid=1&title=mmmmmm
INFO: [ app_init ] --START--
INFO: Run Behavior\BuildLiteBehavior [ RunTime:0.000016s ]
INFO: [ app_init ] --END-- [ RunTime:0.000334s ]
INFO: [ app_begin ] --START--
INFO: Run Behavior\ReadHtmlCacheBehavior [ RunTime:0.000582s ]
INFO: [ app_begin ] --END-- [ RunTime:0.000651s ]
ERR: 非法操作:getAllart

[ 2015-08-07T18:18:10+08:00 ] 127.0.0.1 /index.php?s=/article/getAllart&uid=1&title=mmmmmm
INFO: [ app_init ] --START--
INFO: Run Behavior\BuildLiteBehavior [ RunTime:0.000018s ]
INFO: [ app_init ] --END-- [ RunTime:0.000334s ]
INFO: [ app_begin ] --START--
INFO: Run Behavior\ReadHtmlCacheBehavior [ RunTime:0.000629s ]
INFO: [ app_begin ] --END-- [ RunTime:0.000699s ]
ERR: 非法操作:getAllart

[ 2015-08-07T18:18:10+08:00 ] 127.0.0.1 /index.php?s=/article/getAllart&uid=1&title=mmmmmm
INFO: [ app_init ] --START--
INFO: Run Behavior\BuildLiteBehavior [ RunTime:0.000018s ]
INFO: [ app_init ] --END-- [ RunTime:0.000353s ]
INFO: [ app_begin ] --START--
INFO: Run Behavior\ReadHtmlCacheBehavior [ RunTime:0.000608s ]
INFO: [ app_begin ] --END-- [ RunTime:0.000690s ]
ERR: 非法操作:getAllart

[ 2015-08-07T18:18:10+08:00 ] 127.0.0.1 /index.php?s=/article/getAllart&uid=1&title=mmmmmm
INFO: [ app_init ] --START--
INFO: Run Behavior\BuildLiteBehavior [ RunTime:0.000016s ]
INFO: [ app_init ] --END-- [ RunTime:0.000330s ]
INFO: [ app_begin ] --START--
INFO: Run Behavior\ReadHtmlCacheBehavior [ RunTime:0.000629s ]
INFO: [ app_begin ] --END-- [ RunTime:0.000702s ]
ERR: 非法操作:getAllart

[ 2015-08-07T18:18:10+08:00 ] 127.0.0.1 /index.php?s=/article/getAllart&uid=1&title=mmmmmm
INFO: [ app_init ] --START--
INFO: Run Behavior\BuildLiteBehavior [ RunTime:0.000017s ]
INFO: [ app_init ] --END-- [ RunTime:0.000323s ]
INFO: [ app_begin ] --START--
INFO: Run Behavior\ReadHtmlCacheBehavior [ RunTime:0.000613s ]
INFO: [ app_begin ] --END-- [ RunTime:0.000683s ]
ERR: 非法操作:getAllart

[ 2015-08-07T18:18:10+08:00 ] 127.0.0.1 /index.php?s=/article/getAllart&uid=1&title=mmmmmm
INFO: [ app_init ] --START--
INFO: Run Behavior\BuildLiteBehavior [ RunTime:0.000018s ]
INFO: [ app_init ] --END-- [ RunTime:0.000348s ]
INFO: [ app_begin ] --START--
INFO: Run Behavior\ReadHtmlCacheBehavior [ RunTime:0.000613s ]
INFO: [ app_begin ] --END-- [ RunTime:0.000690s ]
ERR: 非法操作:getAllart

[ 2015-08-07T18:18:11+08:00 ] 127.0.0.1 /index.php?s=/article/getAllart&uid=1&title=mmmmmm
INFO: [ app_init ] --START--
INFO: Run Behavior\BuildLiteBehavior [ RunTime:0.000018s ]
INFO: [ app_init ] --END-- [ RunTime:0.000336s ]
INFO: [ app_begin ] --START--
INFO: Run Behavior\ReadHtmlCacheBehavior [ RunTime:0.000617s ]
INFO: [ app_begin ] --END-- [ RunTime:0.000691s ]
ERR: 非法操作:getAllart

[ 2015-08-07T18:18:55+08:00 ] 127.0.0.1 /index.php?s=/article/getAllart&uid=1&title=mmmmmm
INFO: [ app_init ] --START--
INFO: Run Behavior\BuildLiteBehavior [ RunTime:0.000019s ]
INFO: [ app_init ] --END-- [ RunTime:0.000387s ]
INFO: [ app_begin ] --START--
INFO: Run Behavior\ReadHtmlCacheBehavior [ RunTime:0.000628s ]
INFO: [ app_begin ] --END-- [ RunTime:0.000748s ]

[ 2015-08-07T18:19:07+08:00 ] 127.0.0.1 /index.php?s=/article/getAllart&uid=1&title=mmmmmm
INFO: [ app_init ] --START--
INFO: Run Behavior\BuildLiteBehavior [ RunTime:0.000041s ]
INFO: [ app_init ] --END-- [ RunTime:0.000820s ]
INFO: [ app_begin ] --START--
INFO: Run Behavior\ReadHtmlCacheBehavior [ RunTime:0.000799s ]
INFO: [ app_begin ] --END-- [ RunTime:0.000900s ]
SQL: SHOW COLUMNS FROM `send_article` [ RunTime:0.0036s ]
SQL: SELECT * FROM `send_article` WHERE `uid` = 1 ORDER BY timeline desc  [ RunTime:0.0003s ]

