[ 2015-08-25T10:25:33+08:00 ] 127.0.0.1 /index.php/uinfo/SendFriend?tuid=2&message=hello
INFO: [ app_init ] --START--
INFO: Run Behavior\BuildLiteBehavior [ RunTime:0.000018s ]
INFO: [ app_init ] --END-- [ RunTime:0.000343s ]
INFO: [ app_begin ] --START--
INFO: Run Behavior\ReadHtmlCacheBehavior [ RunTime:0.000523s ]
INFO: [ app_begin ] --END-- [ RunTime:0.000593s ]

[ 2015-08-25T10:25:33+08:00 ] 127.0.0.1 /favicon.ico
INFO: [ app_init ] --START--
INFO: Run Behavior\BuildLiteBehavior [ RunTime:0.000018s ]
INFO: [ app_init ] --END-- [ RunTime:0.000333s ]

[ 2015-08-25T10:25:33+08:00 ] 127.0.0.1 /favicon.ico
INFO: [ app_init ] --START--
INFO: Run Behavior\BuildLiteBehavior [ RunTime:0.000016s ]
INFO: [ app_init ] --END-- [ RunTime:0.000423s ]

[ 2015-08-25T10:25:46+08:00 ] 127.0.0.1 /index.php/uinfo/SendFriend?uid=3&tuid=2&message=hello
INFO: [ app_init ] --START--
INFO: Run Behavior\BuildLiteBehavior [ RunTime:0.000018s ]
INFO: [ app_init ] --END-- [ RunTime:0.000326s ]
INFO: [ app_begin ] --START--
INFO: Run Behavior\ReadHtmlCacheBehavior [ RunTime:0.000578s ]
INFO: [ app_begin ] --END-- [ RunTime:0.000650s ]
SQL: SHOW COLUMNS FROM `sendfriend` [ RunTime:0.0028s ]
SQL: INSERT INTO `sendfriend` (`fromuid`,`touid`,`status`,`timeline`) VALUES ('3','2','0','1440469546') [ RunTime:0.0503s ]

[ 2015-08-25T10:26:24+08:00 ] 127.0.0.1 /index.php/uinfo/GetSfriend?uid=2
INFO: [ app_init ] --START--
INFO: Run Behavior\BuildLiteBehavior [ RunTime:0.000018s ]
INFO: [ app_init ] --END-- [ RunTime:0.000329s ]
INFO: [ app_begin ] --START--
INFO: Run Behavior\ReadHtmlCacheBehavior [ RunTime:0.000467s ]
INFO: [ app_begin ] --END-- [ RunTime:0.000533s ]
SQL: SHOW COLUMNS FROM `sendfriend` [ RunTime:0.0027s ]
SQL: SELECT sendfriend.*,userinfo.headimg,user.name FROM `sendfriend` left JOIN  userinfo on sendfriend.touid=userinfo.uid  left JOIN  user on sendfriend.touid=user.id  WHERE `touid` = '2'  [ RunTime:0.0089s ]

[ 2015-08-25T10:27:34+08:00 ] 127.0.0.1 /index.php/uinfo/GetSfriend?uid=2
INFO: [ app_init ] --START--
INFO: Run Behavior\BuildLiteBehavior [ RunTime:0.000026s ]
INFO: [ app_init ] --END-- [ RunTime:0.000514s ]
INFO: [ app_begin ] --START--
INFO: Run Behavior\ReadHtmlCacheBehavior [ RunTime:0.000793s ]
INFO: [ app_begin ] --END-- [ RunTime:0.000894s ]
SQL: SHOW COLUMNS FROM `sendfriend` [ RunTime:0.0031s ]
SQL: SELECT sendfriend.*,userinfo.headimg,user.name FROM `sendfriend` left JOIN  userinfo on sendfriend.touid=userinfo.uid  left JOIN  user on sendfriend.touid=user.id  WHERE `touid` = '2'  [ RunTime:0.0003s ]

[ 2015-08-25T12:58:02+08:00 ] 127.0.0.1 /images/houtai_bj.jpg
INFO: [ app_init ] --START--
INFO: Run Behavior\BuildLiteBehavior [ RunTime:0.000018s ]
INFO: [ app_init ] --END-- [ RunTime:0.000353s ]

[ 2015-08-25T14:45:37+08:00 ] 127.0.0.1 /favicon.ico
INFO: [ app_init ] --START--
INFO: Run Behavior\BuildLiteBehavior [ RunTime:0.000035s ]
INFO: [ app_init ] --END-- [ RunTime:0.000775s ]

[ 2015-08-25T14:45:37+08:00 ] 127.0.0.1 /favicon.ico
INFO: [ app_init ] --START--
INFO: Run Behavior\BuildLiteBehavior [ RunTime:0.000034s ]
INFO: [ app_init ] --END-- [ RunTime:0.000643s ]

[ 2015-08-25T15:43:41+08:00 ] 127.0.0.1 /index.php/uinfo/upuserinfo?uid=2
INFO: [ app_init ] --START--
INFO: Run Behavior\BuildLiteBehavior [ RunTime:0.000018s ]
INFO: [ app_init ] --END-- [ RunTime:0.000348s ]
INFO: [ app_begin ] --START--
INFO: Run Behavior\ReadHtmlCacheBehavior [ RunTime:0.000486s ]
INFO: [ app_begin ] --END-- [ RunTime:0.000554s ]
NOTIC: [2048] Non-static method Home\models\Muser::UpImg() should not be called statically, assuming $this from incompatible context D:\wamp1\www\tp\Application\Home\Controller\UinfoController.class.php 第 222 行.
NOTIC: [8] Undefined variable: r D:\wamp1\www\tp\Application\Home\Controller\UinfoController.class.php 第 237 行.
NOTIC: [8] Undefined variable: r1 D:\wamp1\www\tp\Application\Home\Controller\UinfoController.class.php 第 237 行.

[ 2015-08-25T15:43:46+08:00 ] 127.0.0.1 /index.php/uinfo/upuserinfo?uid=2
INFO: [ app_init ] --START--
INFO: Run Behavior\BuildLiteBehavior [ RunTime:0.000039s ]
INFO: [ app_init ] --END-- [ RunTime:0.000817s ]
INFO: [ app_begin ] --START--
INFO: Run Behavior\ReadHtmlCacheBehavior [ RunTime:0.001525s ]
INFO: [ app_begin ] --END-- [ RunTime:0.001967s ]
NOTIC: [2048] Non-static method Home\models\Muser::UpImg() should not be called statically, assuming $this from incompatible context D:\wamp1\www\tp\Application\Home\Controller\UinfoController.class.php 第 222 行.
NOTIC: [8] Undefined variable: r D:\wamp1\www\tp\Application\Home\Controller\UinfoController.class.php 第 237 行.
NOTIC: [8] Undefined variable: r1 D:\wamp1\www\tp\Application\Home\Controller\UinfoController.class.php 第 237 行.

[ 2015-08-25T15:44:29+08:00 ] 127.0.0.1 /index.php/uinfo/upuserinfo?uid=2&sign=1111
INFO: [ app_init ] --START--
INFO: Run Behavior\BuildLiteBehavior [ RunTime:0.000018s ]
INFO: [ app_init ] --END-- [ RunTime:0.000350s ]
INFO: [ app_begin ] --START--
INFO: Run Behavior\ReadHtmlCacheBehavior [ RunTime:0.000573s ]
INFO: [ app_begin ] --END-- [ RunTime:0.000644s ]
NOTIC: [2048] Non-static method Home\models\Muser::UpImg() should not be called statically, assuming $this from incompatible context D:\wamp1\www\tp\Application\Home\Controller\UinfoController.class.php 第 222 行.
SQL: SHOW COLUMNS FROM `userinfo` [ RunTime:0.0024s ]
NOTIC: [8] Undefined variable: da D:\wamp1\www\tp\Application\Home\Controller\UinfoController.class.php 第 235 行.
NOTIC: [8] Undefined variable: r1 D:\wamp1\www\tp\Application\Home\Controller\UinfoController.class.php 第 237 行.

[ 2015-08-25T15:45:10+08:00 ] 127.0.0.1 /index.php/uinfo/upuserinfo?uid=2&sign=1111
INFO: [ app_init ] --START--
INFO: Run Behavior\BuildLiteBehavior [ RunTime:0.000025s ]
INFO: [ app_init ] --END-- [ RunTime:0.000487s ]
INFO: [ app_begin ] --START--
INFO: Run Behavior\ReadHtmlCacheBehavior [ RunTime:0.000729s ]
INFO: [ app_begin ] --END-- [ RunTime:0.000826s ]
NOTIC: [2048] Non-static method Home\models\Muser::UpImg() should not be called statically, assuming $this from incompatible context D:\wamp1\www\tp\Application\Home\Controller\UinfoController.class.php 第 222 行.
SQL: SHOW COLUMNS FROM `userinfo` [ RunTime:0.0025s ]
NOTIC: [8] Undefined variable: da D:\wamp1\www\tp\Application\Home\Controller\UinfoController.class.php 第 235 行.
NOTIC: [8] Undefined variable: r1 D:\wamp1\www\tp\Application\Home\Controller\UinfoController.class.php 第 237 行.

[ 2015-08-25T15:46:17+08:00 ] 127.0.0.1 /index.php/uinfo/upuserinfo?uid=2&sign=1111
INFO: [ app_init ] --START--
INFO: Run Behavior\BuildLiteBehavior [ RunTime:0.000033s ]
INFO: [ app_init ] --END-- [ RunTime:0.000669s ]
INFO: [ app_begin ] --START--
INFO: Run Behavior\ReadHtmlCacheBehavior [ RunTime:0.001019s ]
INFO: [ app_begin ] --END-- [ RunTime:0.001146s ]
NOTIC: [2048] Non-static method Home\models\Muser::UpImg() should not be called statically, assuming $this from incompatible context D:\wamp1\www\tp\Application\Home\Controller\UinfoController.class.php 第 222 行.

[ 2015-08-25T15:46:25+08:00 ] 127.0.0.1 /index.php/uinfo/upuserinfo?uid=2&sign=1111
INFO: [ app_init ] --START--
INFO: Run Behavior\BuildLiteBehavior [ RunTime:0.000021s ]
INFO: [ app_init ] --END-- [ RunTime:0.000422s ]
INFO: [ app_begin ] --START--
INFO: Run Behavior\ReadHtmlCacheBehavior [ RunTime:0.000651s ]
INFO: [ app_begin ] --END-- [ RunTime:0.000741s ]
NOTIC: [2048] Non-static method Home\models\Muser::UpImg() should not be called statically, assuming $this from incompatible context D:\wamp1\www\tp\Application\Home\Controller\UinfoController.class.php 第 222 行.

[ 2015-08-25T15:46:44+08:00 ] 127.0.0.1 /index.php/uinfo/upuserinfo?uid=2&sign=1111
INFO: [ app_init ] --START--
INFO: Run Behavior\BuildLiteBehavior [ RunTime:0.000068s ]
INFO: [ app_init ] --END-- [ RunTime:0.000738s ]
INFO: [ app_begin ] --START--
INFO: Run Behavior\ReadHtmlCacheBehavior [ RunTime:0.001137s ]
INFO: [ app_begin ] --END-- [ RunTime:0.001386s ]
NOTIC: [2048] Non-static method Home\models\Muser::UpImg() should not be called statically, assuming $this from incompatible context D:\wamp1\www\tp\Application\Home\Controller\UinfoController.class.php 第 222 行.
SQL: SHOW COLUMNS FROM `userinfo` [ RunTime:0.0026s ]
NOTIC: [8] Undefined variable: da D:\wamp1\www\tp\Application\Home\Controller\UinfoController.class.php 第 236 行.

[ 2015-08-25T15:46:56+08:00 ] 127.0.0.1 /index.php/uinfo/upuserinfo?uid=2&sign=1111
INFO: [ app_init ] --START--
INFO: Run Behavior\BuildLiteBehavior [ RunTime:0.000018s ]
INFO: [ app_init ] --END-- [ RunTime:0.000366s ]
INFO: [ app_begin ] --START--
INFO: Run Behavior\ReadHtmlCacheBehavior [ RunTime:0.000645s ]
INFO: [ app_begin ] --END-- [ RunTime:0.000727s ]
NOTIC: [2048] Non-static method Home\models\Muser::UpImg() should not be called statically, assuming $this from incompatible context D:\wamp1\www\tp\Application\Home\Controller\UinfoController.class.php 第 222 行.
SQL: SHOW COLUMNS FROM `userinfo` [ RunTime:0.0023s ]
NOTIC: [8] Undefined variable: da D:\wamp1\www\tp\Application\Home\Controller\UinfoController.class.php 第 236 行.

[ 2015-08-25T15:47:07+08:00 ] 127.0.0.1 /index.php/uinfo/upuserinfo?uid=2&sign=1111
INFO: [ app_init ] --START--
INFO: Run Behavior\BuildLiteBehavior [ RunTime:0.000048s ]
INFO: [ app_init ] --END-- [ RunTime:0.001105s ]
INFO: [ app_begin ] --START--
INFO: Run Behavior\ReadHtmlCacheBehavior [ RunTime:0.001498s ]
INFO: [ app_begin ] --END-- [ RunTime:0.001688s ]
NOTIC: [2048] Non-static method Home\models\Muser::UpImg() should not be called statically, assuming $this from incompatible context D:\wamp1\www\tp\Application\Home\Controller\UinfoController.class.php 第 222 行.
SQL: SHOW COLUMNS FROM `userinfo` [ RunTime:0.0028s ]
NOTIC: [8] Undefined variable: da D:\wamp1\www\tp\Application\Home\Controller\UinfoController.class.php 第 236 行.
NOTIC: [8] Undefined variable: da D:\wamp1\www\tp\Application\Home\Controller\UinfoController.class.php 第 237 行.

[ 2015-08-25T15:47:17+08:00 ] 127.0.0.1 /index.php/uinfo/upuserinfo?uid=2&sign=1111
INFO: [ app_init ] --START--
INFO: Run Behavior\BuildLiteBehavior [ RunTime:0.000042s ]
INFO: [ app_init ] --END-- [ RunTime:0.000994s ]
INFO: [ app_begin ] --START--
INFO: Run Behavior\ReadHtmlCacheBehavior [ RunTime:0.001201s ]
INFO: [ app_begin ] --END-- [ RunTime:0.001363s ]
NOTIC: [2048] Non-static method Home\models\Muser::UpImg() should not be called statically, assuming $this from incompatible context D:\wamp1\www\tp\Application\Home\Controller\UinfoController.class.php 第 222 行.
NOTIC: [8] Undefined variable: da D:\wamp1\www\tp\Application\Home\Controller\UinfoController.class.php 第 232 行.

[ 2015-08-25T15:47:23+08:00 ] 127.0.0.1 /index.php/uinfo/upuserinfo?uid=2&sign=1111
INFO: [ app_init ] --START--
INFO: Run Behavior\BuildLiteBehavior [ RunTime:0.000025s ]
INFO: [ app_init ] --END-- [ RunTime:0.000474s ]
INFO: [ app_begin ] --START--
INFO: Run Behavior\ReadHtmlCacheBehavior [ RunTime:0.000709s ]
INFO: [ app_begin ] --END-- [ RunTime:0.000805s ]
NOTIC: [2048] Non-static method Home\models\Muser::UpImg() should not be called statically, assuming $this from incompatible context D:\wamp1\www\tp\Application\Home\Controller\UinfoController.class.php 第 222 行.
SQL: SHOW COLUMNS FROM `userinfo` [ RunTime:0.0025s ]
SQL: UPDATE `userinfo` SET `sign`='1111' WHERE `uid` = 2 [ RunTime:0.0503s ]

[ 2015-08-25T15:47:58+08:00 ] 127.0.0.1 /index.php/uinfo/upuserinfo?uid=2&sign=1111
INFO: [ app_init ] --START--
INFO: Run Behavior\BuildLiteBehavior [ RunTime:0.000022s ]
INFO: [ app_init ] --END-- [ RunTime:0.000421s ]
INFO: [ app_begin ] --START--
INFO: Run Behavior\ReadHtmlCacheBehavior [ RunTime:0.000685s ]
INFO: [ app_begin ] --END-- [ RunTime:0.000772s ]
NOTIC: [2048] Non-static method Home\models\Muser::UpImg() should not be called statically, assuming $this from incompatible context D:\wamp1\www\tp\Application\Home\Controller\UinfoController.class.php 第 222 行.

[ 2015-08-25T15:51:52+08:00 ] 127.0.0.1 /index.php/uinfo/upuserinfo?uid=2
INFO: [ app_init ] --START--
INFO: Run Behavior\BuildLiteBehavior [ RunTime:0.000019s ]
INFO: [ app_init ] --END-- [ RunTime:0.000343s ]
INFO: [ app_begin ] --START--
INFO: Run Behavior\ReadHtmlCacheBehavior [ RunTime:0.000486s ]
INFO: [ app_begin ] --END-- [ RunTime:0.000556s ]
NOTIC: [2048] Non-static method Home\models\Muser::UpImg() should not be called statically, assuming $this from incompatible context D:\wamp1\www\tp\Application\Home\Controller\UinfoController.class.php 第 222 行.
NOTIC: [2] call_user_func() expects parameter 1 to be a valid callback, no array or string given D:\wamp1\www\tp\ThinkPHP\Library\Think\Upload.class.php 第 170 行.
SQL: SHOW COLUMNS FROM `userinfo` [ RunTime:0.0025s ]
SQL: UPDATE `userinfo` SET `headimg`='/Public/headimg/2015-08-25/1440489112_1.jpg' WHERE `uid` = 1 [ RunTime:0.0411s ]

[ 2015-08-25T15:54:22+08:00 ] 127.0.0.1 /index.php/uinfo/upuserinfo?uid=2
INFO: [ app_init ] --START--
INFO: Run Behavior\BuildLiteBehavior [ RunTime:0.000019s ]
INFO: [ app_init ] --END-- [ RunTime:0.000397s ]
INFO: [ app_begin ] --START--
INFO: Run Behavior\ReadHtmlCacheBehavior [ RunTime:0.000588s ]
INFO: [ app_begin ] --END-- [ RunTime:0.000662s ]
NOTIC: [2048] Non-static method Home\models\Muser::UpImg() should not be called statically, assuming $this from incompatible context D:\wamp1\www\tp\Application\Home\Controller\UinfoController.class.php 第 222 行.
NOTIC: [8] Undefined variable: r D:\wamp1\www\tp\Application\Home\Controller\UinfoController.class.php 第 240 行.
NOTIC: [8] Undefined variable: r1 D:\wamp1\www\tp\Application\Home\Controller\UinfoController.class.php 第 240 行.

[ 2015-08-25T16:49:16+08:00 ] 127.0.0.1 /index.php?s=/uinfo/UpUserinfo
INFO: [ app_init ] --START--
INFO: Run Behavior\BuildLiteBehavior [ RunTime:0.000018s ]
INFO: [ app_init ] --END-- [ RunTime:0.000365s ]
INFO: [ app_begin ] --START--
INFO: Run Behavior\ReadHtmlCacheBehavior [ RunTime:0.000553s ]
INFO: [ app_begin ] --END-- [ RunTime:0.000621s ]
NOTIC: [2048] Non-static method Home\models\Muser::UpImg() should not be called statically, assuming $this from incompatible context D:\wamp1\www\tp\Application\Home\Controller\UinfoController.class.php 第 222 行.
NOTIC: [8] Undefined variable: r D:\wamp1\www\tp\Application\Home\Controller\UinfoController.class.php 第 240 行.
NOTIC: [8] Undefined variable: r1 D:\wamp1\www\tp\Application\Home\Controller\UinfoController.class.php 第 240 行.

[ 2015-08-25T16:51:25+08:00 ] 127.0.0.1 /index.php?s=/uinfo/UpUserinfo
INFO: [ app_init ] --START--
INFO: Run Behavior\BuildLiteBehavior [ RunTime:0.000018s ]
INFO: [ app_init ] --END-- [ RunTime:0.000371s ]
INFO: [ app_begin ] --START--
INFO: Run Behavior\ReadHtmlCacheBehavior [ RunTime:0.000817s ]
INFO: [ app_begin ] --END-- [ RunTime:0.000910s ]

[ 2015-08-25T16:51:38+08:00 ] 127.0.0.1 /index.php?s=/uinfo/UpUserinfo
INFO: [ app_init ] --START--
INFO: Run Behavior\BuildLiteBehavior [ RunTime:0.000020s ]
INFO: [ app_init ] --END-- [ RunTime:0.000444s ]
INFO: [ app_begin ] --START--
INFO: Run Behavior\ReadHtmlCacheBehavior [ RunTime:0.000729s ]
INFO: [ app_begin ] --END-- [ RunTime:0.000803s ]

[ 2015-08-25T16:52:11+08:00 ] 127.0.0.1 /index.php?s=/uinfo/UpUserinfo
INFO: [ app_init ] --START--
INFO: Run Behavior\BuildLiteBehavior [ RunTime:0.000016s ]
INFO: [ app_init ] --END-- [ RunTime:0.000358s ]
INFO: [ app_begin ] --START--
INFO: Run Behavior\ReadHtmlCacheBehavior [ RunTime:0.000562s ]
INFO: [ app_begin ] --END-- [ RunTime:0.000631s ]

[ 2015-08-25T16:52:46+08:00 ] 127.0.0.1 /index.php?s=/uinfo/UpUserinfo
INFO: [ app_init ] --START--
INFO: Run Behavior\BuildLiteBehavior [ RunTime:0.000027s ]
INFO: [ app_init ] --END-- [ RunTime:0.000410s ]
INFO: [ app_begin ] --START--
INFO: Run Behavior\ReadHtmlCacheBehavior [ RunTime:0.000578s ]
INFO: [ app_begin ] --END-- [ RunTime:0.000647s ]

[ 2015-08-25T16:53:33+08:00 ] 127.0.0.1 /index.php?s=uinfo/upuserinfo
INFO: [ app_init ] --START--
INFO: Run Behavior\BuildLiteBehavior [ RunTime:0.000018s ]
INFO: [ app_init ] --END-- [ RunTime:0.000398s ]
INFO: [ app_begin ] --START--
INFO: Run Behavior\ReadHtmlCacheBehavior [ RunTime:0.000557s ]
INFO: [ app_begin ] --END-- [ RunTime:0.000626s ]

[ 2015-08-25T16:53:52+08:00 ] 127.0.0.1 /index.php?s=uinfo/upuserinfo
INFO: [ app_init ] --START--
INFO: Run Behavior\BuildLiteBehavior [ RunTime:0.000017s ]
INFO: [ app_init ] --END-- [ RunTime:0.000346s ]
INFO: [ app_begin ] --START--
INFO: Run Behavior\ReadHtmlCacheBehavior [ RunTime:0.000694s ]
INFO: [ app_begin ] --END-- [ RunTime:0.000769s ]

[ 2015-08-25T16:55:21+08:00 ] 127.0.0.1 /index.php?s=/uinfo/UpUserinfo
INFO: [ app_init ] --START--
INFO: Run Behavior\BuildLiteBehavior [ RunTime:0.000018s ]
INFO: [ app_init ] --END-- [ RunTime:0.000364s ]
INFO: [ app_begin ] --START--
INFO: Run Behavior\ReadHtmlCacheBehavior [ RunTime:0.000557s ]
INFO: [ app_begin ] --END-- [ RunTime:0.000625s ]

[ 2015-08-25T16:55:46+08:00 ] 127.0.0.1 /index.php?s=/uinfo/upuserinfo
INFO: [ app_init ] --START--
INFO: Run Behavior\BuildLiteBehavior [ RunTime:0.000017s ]
INFO: [ app_init ] --END-- [ RunTime:0.000353s ]
INFO: [ app_begin ] --START--
INFO: Run Behavior\ReadHtmlCacheBehavior [ RunTime:0.000555s ]
INFO: [ app_begin ] --END-- [ RunTime:0.000624s ]

[ 2015-08-25T16:56:10+08:00 ] 127.0.0.1 /index.php?s=/uinfo/upuserinfo
INFO: [ app_init ] --START--
INFO: Run Behavior\BuildLiteBehavior [ RunTime:0.000018s ]
INFO: [ app_init ] --END-- [ RunTime:0.000379s ]
INFO: [ app_begin ] --START--
INFO: Run Behavior\ReadHtmlCacheBehavior [ RunTime:0.000562s ]
INFO: [ app_begin ] --END-- [ RunTime:0.000632s ]

[ 2015-08-25T16:56:36+08:00 ] 127.0.0.1 /index.php?s=/uinfo/upuserinfo
INFO: [ app_init ] --START--
INFO: Run Behavior\BuildLiteBehavior [ RunTime:0.000016s ]
INFO: [ app_init ] --END-- [ RunTime:0.000343s ]
INFO: [ app_begin ] --START--
INFO: Run Behavior\ReadHtmlCacheBehavior [ RunTime:0.000593s ]
INFO: [ app_begin ] --END-- [ RunTime:0.000660s ]

[ 2015-08-25T16:56:38+08:00 ] 127.0.0.1 /index.php?s=/uinfo/upuserinfo
INFO: [ app_init ] --START--
INFO: Run Behavior\BuildLiteBehavior [ RunTime:0.000021s ]
INFO: [ app_init ] --END-- [ RunTime:0.000643s ]
INFO: [ app_begin ] --START--
INFO: Run Behavior\ReadHtmlCacheBehavior [ RunTime:0.000554s ]
INFO: [ app_begin ] --END-- [ RunTime:0.000628s ]

[ 2015-08-25T16:56:42+08:00 ] 127.0.0.1 /index.php?s=/uinfo/upuserinfo
INFO: [ app_init ] --START--
INFO: Run Behavior\BuildLiteBehavior [ RunTime:0.000062s ]
INFO: [ app_init ] --END-- [ RunTime:0.000474s ]
INFO: [ app_begin ] --START--
INFO: Run Behavior\ReadHtmlCacheBehavior [ RunTime:0.000542s ]
INFO: [ app_begin ] --END-- [ RunTime:0.000610s ]

[ 2015-08-25T16:57:47+08:00 ] 127.0.0.1 /index.php?s=/uinfo/upuserinfo
INFO: [ app_init ] --START--
INFO: Run Behavior\BuildLiteBehavior [ RunTime:0.000017s ]
INFO: [ app_init ] --END-- [ RunTime:0.000358s ]
INFO: [ app_begin ] --START--
INFO: Run Behavior\ReadHtmlCacheBehavior [ RunTime:0.000561s ]
INFO: [ app_begin ] --END-- [ RunTime:0.000629s ]

[ 2015-08-25T16:57:50+08:00 ] 127.0.0.1 /index.php?s=/uinfo/upuserinfo
INFO: [ app_init ] --START--
INFO: Run Behavior\BuildLiteBehavior [ RunTime:0.000018s ]
INFO: [ app_init ] --END-- [ RunTime:0.000360s ]
INFO: [ app_begin ] --START--
INFO: Run Behavior\ReadHtmlCacheBehavior [ RunTime:0.000558s ]
INFO: [ app_begin ] --END-- [ RunTime:0.000627s ]

[ 2015-08-25T16:58:21+08:00 ] 127.0.0.1 /index.php?s=/uinfo/upuserinfo
INFO: [ app_init ] --START--
INFO: Run Behavior\BuildLiteBehavior [ RunTime:0.000018s ]
INFO: [ app_init ] --END-- [ RunTime:0.000353s ]
INFO: [ app_begin ] --START--
INFO: Run Behavior\ReadHtmlCacheBehavior [ RunTime:0.000558s ]
INFO: [ app_begin ] --END-- [ RunTime:0.000627s ]

[ 2015-08-25T16:58:27+08:00 ] 127.0.0.1 /index.php?s=/uinfo/upuserinfo
INFO: [ app_init ] --START--
INFO: Run Behavior\BuildLiteBehavior [ RunTime:0.000018s ]
INFO: [ app_init ] --END-- [ RunTime:0.000352s ]
INFO: [ app_begin ] --START--
INFO: Run Behavior\ReadHtmlCacheBehavior [ RunTime:0.000621s ]
INFO: [ app_begin ] --END-- [ RunTime:0.000763s ]

[ 2015-08-25T16:58:46+08:00 ] 127.0.0.1 /index.php?s=/uinfo/upuserinfo
INFO: [ app_init ] --START--
INFO: Run Behavior\BuildLiteBehavior [ RunTime:0.000017s ]
INFO: [ app_init ] --END-- [ RunTime:0.000344s ]
INFO: [ app_begin ] --START--
INFO: Run Behavior\ReadHtmlCacheBehavior [ RunTime:0.000567s ]
INFO: [ app_begin ] --END-- [ RunTime:0.000636s ]

[ 2015-08-25T16:59:21+08:00 ] 127.0.0.1 /index.php?s=uinfo/upuserinfo
INFO: [ app_init ] --START--
INFO: Run Behavior\BuildLiteBehavior [ RunTime:0.000017s ]
INFO: [ app_init ] --END-- [ RunTime:0.000396s ]
INFO: [ app_begin ] --START--
INFO: Run Behavior\ReadHtmlCacheBehavior [ RunTime:0.000613s ]
INFO: [ app_begin ] --END-- [ RunTime:0.000682s ]

[ 2015-08-25T17:00:13+08:00 ] 127.0.0.1 /index.php?s=uinfo/upuserinfo
INFO: [ app_init ] --START--
INFO: Run Behavior\BuildLiteBehavior [ RunTime:0.000018s ]
INFO: [ app_init ] --END-- [ RunTime:0.000365s ]
INFO: [ app_begin ] --START--
INFO: Run Behavior\ReadHtmlCacheBehavior [ RunTime:0.001321s ]
INFO: [ app_begin ] --END-- [ RunTime:0.001426s ]

[ 2015-08-25T17:00:16+08:00 ] 127.0.0.1 /index.php?s=uinfo/upuserinfo
INFO: [ app_init ] --START--
INFO: Run Behavior\BuildLiteBehavior [ RunTime:0.000018s ]
INFO: [ app_init ] --END-- [ RunTime:0.000415s ]
INFO: [ app_begin ] --START--
INFO: Run Behavior\ReadHtmlCacheBehavior [ RunTime:0.000559s ]
INFO: [ app_begin ] --END-- [ RunTime:0.000631s ]

[ 2015-08-25T17:01:17+08:00 ] 127.0.0.1 /index.php?s=uinfo/upuserinfo
INFO: [ app_init ] --START--
INFO: Run Behavior\BuildLiteBehavior [ RunTime:0.000019s ]
INFO: [ app_init ] --END-- [ RunTime:0.000355s ]
INFO: [ app_begin ] --START--
INFO: Run Behavior\ReadHtmlCacheBehavior [ RunTime:0.000635s ]
INFO: [ app_begin ] --END-- [ RunTime:0.000714s ]

[ 2015-08-25T17:01:19+08:00 ] 127.0.0.1 /index.php?s=uinfo/upuserinfo
INFO: [ app_init ] --START--
INFO: Run Behavior\BuildLiteBehavior [ RunTime:0.000017s ]
INFO: [ app_init ] --END-- [ RunTime:0.000353s ]
INFO: [ app_begin ] --START--
INFO: Run Behavior\ReadHtmlCacheBehavior [ RunTime:0.000583s ]
INFO: [ app_begin ] --END-- [ RunTime:0.000659s ]

[ 2015-08-25T17:01:49+08:00 ] 127.0.0.1 /index.php?s=uinfo/upuserinfo
INFO: [ app_init ] --START--
INFO: Run Behavior\BuildLiteBehavior [ RunTime:0.000017s ]
INFO: [ app_init ] --END-- [ RunTime:0.000432s ]
INFO: [ app_begin ] --START--
INFO: Run Behavior\ReadHtmlCacheBehavior [ RunTime:0.000602s ]
INFO: [ app_begin ] --END-- [ RunTime:0.000674s ]

[ 2015-08-25T17:01:59+08:00 ] 127.0.0.1 /index.php?s=/uinfo/upuserinfo
INFO: [ app_init ] --START--
INFO: Run Behavior\BuildLiteBehavior [ RunTime:0.000019s ]
INFO: [ app_init ] --END-- [ RunTime:0.000392s ]
INFO: [ app_begin ] --START--
INFO: Run Behavior\ReadHtmlCacheBehavior [ RunTime:0.000584s ]
INFO: [ app_begin ] --END-- [ RunTime:0.000656s ]

[ 2015-08-25T17:02:14+08:00 ] 127.0.0.1 /index.php?s=/uinfo/upuserinfo
INFO: [ app_init ] --START--
INFO: Run Behavior\BuildLiteBehavior [ RunTime:0.000018s ]
INFO: [ app_init ] --END-- [ RunTime:0.000374s ]
INFO: [ app_begin ] --START--
INFO: Run Behavior\ReadHtmlCacheBehavior [ RunTime:0.000670s ]
INFO: [ app_begin ] --END-- [ RunTime:0.000753s ]

[ 2015-08-25T18:06:56+08:00 ] 127.0.0.1 /images/houtai_bj.jpg
INFO: [ app_init ] --START--
INFO: Run Behavior\BuildLiteBehavior [ RunTime:0.000017s ]
INFO: [ app_init ] --END-- [ RunTime:0.000439s ]

