[ 2015-12-15T15:21:59+08:00 ] 127.0.0.1 /index.php/uinfo/GetPass?mac=[%22111111111111222222222222%22,%22dasdasdsa%22]
INFO: [ app_init ] --START--
INFO: Run Behavior\BuildLiteBehavior [ RunTime:0.000106s ]
INFO: [ app_init ] --END-- [ RunTime:0.001274s ]
INFO: [ app_begin ] --START--
INFO: Run Behavior\ReadHtmlCacheBehavior [ RunTime:0.001067s ]
INFO: [ app_begin ] --END-- [ RunTime:0.001594s ]

[ 2015-12-15T15:21:59+08:00 ] 127.0.0.1 /favicon.ico
INFO: [ app_init ] --START--
INFO: Run Behavior\BuildLiteBehavior [ RunTime:0.000104s ]
INFO: [ app_init ] --END-- [ RunTime:0.000982s ]

[ 2015-12-15T15:21:59+08:00 ] 127.0.0.1 /favicon.ico
INFO: [ app_init ] --START--
INFO: Run Behavior\BuildLiteBehavior [ RunTime:0.000102s ]
INFO: [ app_init ] --END-- [ RunTime:0.000961s ]

[ 2015-12-15T15:22:16+08:00 ] 127.0.0.1 /index.php/uinfo/GetPass?mac=[%22111111111111222222222222%22,%22dasdasdsa%22]
INFO: [ app_init ] --START--
INFO: Run Behavior\BuildLiteBehavior [ RunTime:0.000227s ]
INFO: [ app_init ] --END-- [ RunTime:0.002299s ]
INFO: [ app_begin ] --START--
INFO: Run Behavior\ReadHtmlCacheBehavior [ RunTime:0.000867s ]
INFO: [ app_begin ] --END-- [ RunTime:0.001416s ]

[ 2015-12-15T15:22:18+08:00 ] 127.0.0.1 /index.php/uinfo/GetPass?mac=[%22111111111111222222222222%22,%22dasdasdsa%22]
INFO: [ app_init ] --START--
INFO: Run Behavior\BuildLiteBehavior [ RunTime:0.000168s ]
INFO: [ app_init ] --END-- [ RunTime:0.001537s ]
INFO: [ app_begin ] --START--
INFO: Run Behavior\ReadHtmlCacheBehavior [ RunTime:0.001344s ]
INFO: [ app_begin ] --END-- [ RunTime:0.002219s ]

[ 2015-12-15T15:22:18+08:00 ] 127.0.0.1 /index.php/uinfo/GetPass?mac=[%22111111111111222222222222%22,%22dasdasdsa%22]
INFO: [ app_init ] --START--
INFO: Run Behavior\BuildLiteBehavior [ RunTime:0.000171s ]
INFO: [ app_init ] --END-- [ RunTime:0.001533s ]
INFO: [ app_begin ] --START--
INFO: Run Behavior\ReadHtmlCacheBehavior [ RunTime:0.001371s ]
INFO: [ app_begin ] --END-- [ RunTime:0.002231s ]

[ 2015-12-15T15:22:34+08:00 ] 127.0.0.1 /index.php/uinfo/GetPass?mac=[%22111111111111222222222222%22,%22dasdasdsa%22]
INFO: [ app_init ] --START--
INFO: Run Behavior\BuildLiteBehavior [ RunTime:0.000109s ]
INFO: [ app_init ] --END-- [ RunTime:0.001110s ]
INFO: [ app_begin ] --START--
INFO: Run Behavior\ReadHtmlCacheBehavior [ RunTime:0.000948s ]
INFO: [ app_begin ] --END-- [ RunTime:0.001530s ]

[ 2015-12-15T15:23:28+08:00 ] 127.0.0.1 /index.php/uinfo/GetPass?mac=[%22111111111111222222222222%22,%22dasdasdsa%22]
INFO: [ app_init ] --START--
INFO: Run Behavior\BuildLiteBehavior [ RunTime:0.000228s ]
INFO: [ app_init ] --END-- [ RunTime:0.002092s ]
INFO: [ app_begin ] --START--
INFO: Run Behavior\ReadHtmlCacheBehavior [ RunTime:0.001095s ]
INFO: [ app_begin ] --END-- [ RunTime:0.001847s ]

[ 2015-12-15T15:23:29+08:00 ] 127.0.0.1 /index.php/uinfo/GetPass?mac=[%22111111111111222222222222%22,%22dasdasdsa%22]
INFO: [ app_init ] --START--
INFO: Run Behavior\BuildLiteBehavior [ RunTime:0.000200s ]
INFO: [ app_init ] --END-- [ RunTime:0.001897s ]
INFO: [ app_begin ] --START--
INFO: Run Behavior\ReadHtmlCacheBehavior [ RunTime:0.001512s ]
INFO: [ app_begin ] --END-- [ RunTime:0.002447s ]

[ 2015-12-15T15:23:29+08:00 ] 127.0.0.1 /index.php/uinfo/GetPass?mac=[%22111111111111222222222222%22,%22dasdasdsa%22]
INFO: [ app_init ] --START--
INFO: Run Behavior\BuildLiteBehavior [ RunTime:0.000156s ]
INFO: [ app_init ] --END-- [ RunTime:0.001424s ]
INFO: [ app_begin ] --START--
INFO: Run Behavior\ReadHtmlCacheBehavior [ RunTime:0.001270s ]
INFO: [ app_begin ] --END-- [ RunTime:0.002064s ]

[ 2015-12-15T15:23:29+08:00 ] 127.0.0.1 /index.php/uinfo/GetPass?mac=[%22111111111111222222222222%22,%22dasdasdsa%22]
INFO: [ app_init ] --START--
INFO: Run Behavior\BuildLiteBehavior [ RunTime:0.000105s ]
INFO: [ app_init ] --END-- [ RunTime:0.001067s ]
INFO: [ app_begin ] --START--
INFO: Run Behavior\ReadHtmlCacheBehavior [ RunTime:0.000804s ]
INFO: [ app_begin ] --END-- [ RunTime:0.001355s ]

[ 2015-12-15T15:23:29+08:00 ] 127.0.0.1 /index.php/uinfo/GetPass?mac=[%22111111111111222222222222%22,%22dasdasdsa%22]
INFO: [ app_init ] --START--
INFO: Run Behavior\BuildLiteBehavior [ RunTime:0.000106s ]
INFO: [ app_init ] --END-- [ RunTime:0.001022s ]
INFO: [ app_begin ] --START--
INFO: Run Behavior\ReadHtmlCacheBehavior [ RunTime:0.000918s ]
INFO: [ app_begin ] --END-- [ RunTime:0.001523s ]

[ 2015-12-15T15:23:29+08:00 ] 127.0.0.1 /index.php/uinfo/GetPass?mac=[%22111111111111222222222222%22,%22dasdasdsa%22]
INFO: [ app_init ] --START--
INFO: Run Behavior\BuildLiteBehavior [ RunTime:0.000127s ]
INFO: [ app_init ] --END-- [ RunTime:0.001206s ]
INFO: [ app_begin ] --START--
INFO: Run Behavior\ReadHtmlCacheBehavior [ RunTime:0.000852s ]
INFO: [ app_begin ] --END-- [ RunTime:0.001389s ]

[ 2015-12-15T15:23:29+08:00 ] 127.0.0.1 /index.php/uinfo/GetPass?mac=[%22111111111111222222222222%22,%22dasdasdsa%22]
INFO: [ app_init ] --START--
INFO: Run Behavior\BuildLiteBehavior [ RunTime:0.000119s ]
INFO: [ app_init ] --END-- [ RunTime:0.001170s ]
INFO: [ app_begin ] --START--
INFO: Run Behavior\ReadHtmlCacheBehavior [ RunTime:0.000975s ]
INFO: [ app_begin ] --END-- [ RunTime:0.001708s ]

[ 2015-12-15T15:23:30+08:00 ] 127.0.0.1 /index.php/uinfo/GetPass?mac=[%22111111111111222222222222%22,%22dasdasdsa%22]
INFO: [ app_init ] --START--
INFO: Run Behavior\BuildLiteBehavior [ RunTime:0.000100s ]
INFO: [ app_init ] --END-- [ RunTime:0.000949s ]
INFO: [ app_begin ] --START--
INFO: Run Behavior\ReadHtmlCacheBehavior [ RunTime:0.001114s ]
INFO: [ app_begin ] --END-- [ RunTime:0.001678s ]

[ 2015-12-15T15:23:30+08:00 ] 127.0.0.1 /index.php/uinfo/GetPass?mac=[%22111111111111222222222222%22,%22dasdasdsa%22]
INFO: [ app_init ] --START--
INFO: Run Behavior\BuildLiteBehavior [ RunTime:0.000110s ]
INFO: [ app_init ] --END-- [ RunTime:0.001021s ]
INFO: [ app_begin ] --START--
INFO: Run Behavior\ReadHtmlCacheBehavior [ RunTime:0.000829s ]
INFO: [ app_begin ] --END-- [ RunTime:0.001404s ]

[ 2015-12-15T15:23:31+08:00 ] 127.0.0.1 /index.php/uinfo/GetPass?mac=[%22111111111111222222222222%22,%22dasdasdsa%22]
INFO: [ app_init ] --START--
INFO: Run Behavior\BuildLiteBehavior [ RunTime:0.000119s ]
INFO: [ app_init ] --END-- [ RunTime:0.001094s ]
INFO: [ app_begin ] --START--
INFO: Run Behavior\ReadHtmlCacheBehavior [ RunTime:0.000895s ]
INFO: [ app_begin ] --END-- [ RunTime:0.001490s ]

[ 2015-12-15T15:23:55+08:00 ] 127.0.0.1 /index.php/uinfo/GetPass?mac=[%22111111111111222222222222%22,%22dasdasdsa%22]&uid=7
INFO: [ app_init ] --START--
INFO: Run Behavior\BuildLiteBehavior [ RunTime:0.000110s ]
INFO: [ app_init ] --END-- [ RunTime:0.001001s ]
INFO: [ app_begin ] --START--
INFO: Run Behavior\ReadHtmlCacheBehavior [ RunTime:0.000880s ]
INFO: [ app_begin ] --END-- [ RunTime:0.001490s ]

[ 2015-12-15T15:24:24+08:00 ] 127.0.0.1 /index.php/uinfo/GetPass?mac=[%2225220850A0BB%22,%2217220850A0BB%22,%27271B1950A0BB%27]&uid=7
INFO: [ app_init ] --START--
INFO: Run Behavior\BuildLiteBehavior [ RunTime:0.000113s ]
INFO: [ app_init ] --END-- [ RunTime:0.001293s ]
INFO: [ app_begin ] --START--
INFO: Run Behavior\ReadHtmlCacheBehavior [ RunTime:0.000884s ]
INFO: [ app_begin ] --END-- [ RunTime:0.001491s ]

[ 2015-12-15T15:24:39+08:00 ] 127.0.0.1 /index.php/uinfo/GetPass?mac=[%2225220850A0BB%22,%2217220850A0BB%22,%22271B1950A0BB%22]&uid=7
INFO: [ app_init ] --START--
INFO: Run Behavior\BuildLiteBehavior [ RunTime:0.000109s ]
INFO: [ app_init ] --END-- [ RunTime:0.000971s ]
INFO: [ app_begin ] --START--
INFO: Run Behavior\ReadHtmlCacheBehavior [ RunTime:0.000841s ]
INFO: [ app_begin ] --END-- [ RunTime:0.001394s ]

[ 2015-12-15T15:25:08+08:00 ] 127.0.0.1 /index.php/uinfo/GetPass?mac=[%2225220850A0BB%22,%2217220850A0BB%22,%22271B1950A0BB%22]&uid=7
INFO: [ app_init ] --START--
INFO: Run Behavior\BuildLiteBehavior [ RunTime:0.000137s ]
INFO: [ app_init ] --END-- [ RunTime:0.001279s ]
INFO: [ app_begin ] --START--
INFO: Run Behavior\ReadHtmlCacheBehavior [ RunTime:0.001167s ]
INFO: [ app_begin ] --END-- [ RunTime:0.001872s ]
SQL: SHOW COLUMNS FROM `hard_relation` [ RunTime:0.0294s ]
SQL: SHOW COLUMNS FROM `pass_relation` [ RunTime:0.0287s ]
SQL: INSERT INTO `pass_relation` (`uid`,`hid`,`timeline`,`uptime`,`num`) VALUES ('7','25220850A0BB','1450164308','1450164308','1') [ RunTime:0.0285s ]
SQL: SELECT user.name,user.id,userinfo.headimg,userinfo.sex FROM `hard_relation` left JOIN user on hard_relation.uid=user.id  left JOIN userinfo on hard_relation.uid=userinfo.uid  WHERE ( hard_relation.hid='25220850A0BB' ) LIMIT 1   [ RunTime:0.0289s ]
SQL: SELECT COUNT(*) AS tp_count FROM `pass_relation` WHERE `uid` = 7 AND `hid` = '25220850A0BB' LIMIT 1   [ RunTime:0.0318s ]
SQL: INSERT INTO `pass_relation` (`uid`,`hid`,`timeline`,`uptime`,`num`) VALUES ('7','17220850A0BB','1450164308','1450164308','1') [ RunTime:0.0281s ]
SQL: SELECT user.name,user.id,userinfo.headimg,userinfo.sex FROM `hard_relation` left JOIN user on hard_relation.uid=user.id  left JOIN userinfo on hard_relation.uid=userinfo.uid  WHERE ( hard_relation.hid='17220850A0BB' ) LIMIT 1   [ RunTime:0.0281s ]
SQL: SELECT COUNT(*) AS tp_count FROM `pass_relation` WHERE `uid` = 7 AND `hid` = '17220850A0BB' LIMIT 1   [ RunTime:0.0305s ]
SQL: INSERT INTO `pass_relation` (`uid`,`hid`,`timeline`,`uptime`,`num`) VALUES ('7','271B1950A0BB','1450164308','1450164308','1') [ RunTime:0.0279s ]
SQL: SELECT user.name,user.id,userinfo.headimg,userinfo.sex FROM `hard_relation` left JOIN user on hard_relation.uid=user.id  left JOIN userinfo on hard_relation.uid=userinfo.uid  WHERE ( hard_relation.hid='271B1950A0BB' ) LIMIT 1   [ RunTime:0.0281s ]
SQL: SELECT COUNT(*) AS tp_count FROM `pass_relation` WHERE `uid` = 7 AND `hid` = '271B1950A0BB' LIMIT 1   [ RunTime:0.0313s ]
NOTIC: [2048] Non-static method Home\models\Muser::quchong() should not be called statically D:\wamp1\www\tp\Application\Home\models\Muser.class.php 第 109 行.

[ 2015-12-15T15:25:09+08:00 ] 127.0.0.1 /index.php/uinfo/GetPass?mac=[%2225220850A0BB%22,%2217220850A0BB%22,%22271B1950A0BB%22]&uid=7
INFO: [ app_init ] --START--
INFO: Run Behavior\BuildLiteBehavior [ RunTime:0.000140s ]
INFO: [ app_init ] --END-- [ RunTime:0.001252s ]
INFO: [ app_begin ] --START--
INFO: Run Behavior\ReadHtmlCacheBehavior [ RunTime:0.001057s ]
INFO: [ app_begin ] --END-- [ RunTime:0.001788s ]
SQL: SHOW COLUMNS FROM `hard_relation` [ RunTime:0.0289s ]
SQL: SHOW COLUMNS FROM `pass_relation` [ RunTime:0.0280s ]
SQL: INSERT INTO `pass_relation` (`uid`,`hid`,`timeline`,`uptime`,`num`) VALUES ('7','25220850A0BB','1450164309','1450164309','1') [ RunTime:0.0284s ]
SQL: SELECT user.name,user.id,userinfo.headimg,userinfo.sex FROM `hard_relation` left JOIN user on hard_relation.uid=user.id  left JOIN userinfo on hard_relation.uid=userinfo.uid  WHERE ( hard_relation.hid='25220850A0BB' ) LIMIT 1   [ RunTime:0.0285s ]
SQL: SELECT COUNT(*) AS tp_count FROM `pass_relation` WHERE `uid` = 7 AND `hid` = '25220850A0BB' LIMIT 1   [ RunTime:0.0299s ]
SQL: INSERT INTO `pass_relation` (`uid`,`hid`,`timeline`,`uptime`,`num`) VALUES ('7','17220850A0BB','1450164309','1450164309','1') [ RunTime:0.0292s ]
SQL: SELECT user.name,user.id,userinfo.headimg,userinfo.sex FROM `hard_relation` left JOIN user on hard_relation.uid=user.id  left JOIN userinfo on hard_relation.uid=userinfo.uid  WHERE ( hard_relation.hid='17220850A0BB' ) LIMIT 1   [ RunTime:0.0274s ]
SQL: SELECT COUNT(*) AS tp_count FROM `pass_relation` WHERE `uid` = 7 AND `hid` = '17220850A0BB' LIMIT 1   [ RunTime:0.0299s ]
SQL: INSERT INTO `pass_relation` (`uid`,`hid`,`timeline`,`uptime`,`num`) VALUES ('7','271B1950A0BB','1450164309','1450164309','1') [ RunTime:0.0281s ]
SQL: SELECT user.name,user.id,userinfo.headimg,userinfo.sex FROM `hard_relation` left JOIN user on hard_relation.uid=user.id  left JOIN userinfo on hard_relation.uid=userinfo.uid  WHERE ( hard_relation.hid='271B1950A0BB' ) LIMIT 1   [ RunTime:0.0277s ]
SQL: SELECT COUNT(*) AS tp_count FROM `pass_relation` WHERE `uid` = 7 AND `hid` = '271B1950A0BB' LIMIT 1   [ RunTime:0.0299s ]
NOTIC: [2048] Non-static method Home\models\Muser::quchong() should not be called statically D:\wamp1\www\tp\Application\Home\models\Muser.class.php 第 109 行.

[ 2015-12-15T15:25:44+08:00 ] 127.0.0.1 /index.php/uinfo/GetPass?mac=[%2225220850A0BB%22,%2217220850A0BB%22,%22271B1950A0BB%22]&uid=7
INFO: [ app_init ] --START--
INFO: Run Behavior\BuildLiteBehavior [ RunTime:0.000207s ]
INFO: [ app_init ] --END-- [ RunTime:0.001864s ]
INFO: [ app_begin ] --START--
INFO: Run Behavior\ReadHtmlCacheBehavior [ RunTime:0.001654s ]
INFO: [ app_begin ] --END-- [ RunTime:0.002735s ]
SQL: SHOW COLUMNS FROM `hard_relation` [ RunTime:0.0279s ]
SQL: SHOW COLUMNS FROM `pass_relation` [ RunTime:0.0307s ]
SQL: INSERT INTO `pass_relation` (`uid`,`hid`,`timeline`,`uptime`,`num`) VALUES ('7','25220850A0BB','1450164344','1450164344','1') [ RunTime:0.0277s ]
SQL: SELECT user.name,user.id,userinfo.headimg,userinfo.sex FROM `hard_relation` left JOIN user on hard_relation.uid=user.id  left JOIN userinfo on hard_relation.uid=userinfo.uid  WHERE ( hard_relation.hid='25220850A0BB' ) LIMIT 1   [ RunTime:0.0271s ]
SQL: SELECT COUNT(*) AS tp_count FROM `pass_relation` WHERE `uid` = 7 AND `hid` = '25220850A0BB' LIMIT 1   [ RunTime:0.0322s ]
SQL: INSERT INTO `pass_relation` (`uid`,`hid`,`timeline`,`uptime`,`num`) VALUES ('7','17220850A0BB','1450164344','1450164344','1') [ RunTime:0.0279s ]
SQL: SELECT user.name,user.id,userinfo.headimg,userinfo.sex FROM `hard_relation` left JOIN user on hard_relation.uid=user.id  left JOIN userinfo on hard_relation.uid=userinfo.uid  WHERE ( hard_relation.hid='17220850A0BB' ) LIMIT 1   [ RunTime:0.0281s ]
SQL: SELECT COUNT(*) AS tp_count FROM `pass_relation` WHERE `uid` = 7 AND `hid` = '17220850A0BB' LIMIT 1   [ RunTime:0.0298s ]
SQL: INSERT INTO `pass_relation` (`uid`,`hid`,`timeline`,`uptime`,`num`) VALUES ('7','271B1950A0BB','1450164344','1450164344','1') [ RunTime:0.0274s ]
SQL: SELECT user.name,user.id,userinfo.headimg,userinfo.sex FROM `hard_relation` left JOIN user on hard_relation.uid=user.id  left JOIN userinfo on hard_relation.uid=userinfo.uid  WHERE ( hard_relation.hid='271B1950A0BB' ) LIMIT 1   [ RunTime:0.0279s ]
SQL: SELECT COUNT(*) AS tp_count FROM `pass_relation` WHERE `uid` = 7 AND `hid` = '271B1950A0BB' LIMIT 1   [ RunTime:0.0297s ]
NOTIC: [2048] Non-static method Home\models\Muser::quchong() should not be called statically D:\wamp1\www\tp\Application\Home\models\Muser.class.php 第 109 行.
SQL: SHOW COLUMNS FROM `friend` [ RunTime:0.0296s ]
SQL: SELECT * FROM `friend` WHERE `uid` = 7 AND `fuid` = 26 LIMIT 1   [ RunTime:0.0282s ]
SQL: SELECT * FROM `friend` WHERE `uid` = 7 AND `fuid` = 25 LIMIT 1   [ RunTime:0.0269s ]
SQL: SELECT * FROM `friend` WHERE `uid` = 7 AND `fuid` = 20 LIMIT 1   [ RunTime:0.0279s ]

