[ 2015-11-19T16:48:54+08:00 ] 127.0.0.1 /index.php/uinfo/GetPass/mac/%7B%5B'1111111','222222222',''dasdasdas11111%5D%7D
INFO: [ app_init ] --START--
INFO: Run Behavior\BuildLiteBehavior [ RunTime:0.000178s ]
INFO: [ app_init ] --END-- [ RunTime:0.016151s ]
INFO: [ app_begin ] --START--
INFO: Run Behavior\ReadHtmlCacheBehavior [ RunTime:0.001036s ]
INFO: [ app_begin ] --END-- [ RunTime:0.001647s ]

[ 2015-11-19T16:48:55+08:00 ] 127.0.0.1 /favicon.ico
INFO: [ app_init ] --START--
INFO: Run Behavior\BuildLiteBehavior [ RunTime:0.000108s ]
INFO: [ app_init ] --END-- [ RunTime:0.001019s ]

[ 2015-11-19T16:48:55+08:00 ] 127.0.0.1 /favicon.ico
INFO: [ app_init ] --START--
INFO: Run Behavior\BuildLiteBehavior [ RunTime:0.000111s ]
INFO: [ app_init ] --END-- [ RunTime:0.001015s ]

[ 2015-11-19T16:51:46+08:00 ] 127.0.0.1 /index.php/user/login?username=an&password=%27123456%27
INFO: [ app_init ] --START--
INFO: Run Behavior\BuildLiteBehavior [ RunTime:0.000113s ]
INFO: [ app_init ] --END-- [ RunTime:0.001094s ]
INFO: [ app_begin ] --START--
INFO: Run Behavior\ReadHtmlCacheBehavior [ RunTime:0.000926s ]
INFO: [ app_begin ] --END-- [ RunTime:0.001495s ]
SQL: SHOW COLUMNS FROM `user` [ RunTime:0.0285s ]
SQL: SELECT * FROM `user` WHERE `username` = 'an' LIMIT 1   [ RunTime:0.0287s ]
SQL: SELECT * FROM `user` WHERE `username` = 'an' AND `password` = '61fbb4b6428900d483f910e9d00c15e4' LIMIT 1   [ RunTime:0.0287s ]

[ 2015-11-19T16:51:55+08:00 ] 127.0.0.1 /index.php/user/login?username=an&password=123456
INFO: [ app_init ] --START--
INFO: Run Behavior\BuildLiteBehavior [ RunTime:0.000119s ]
INFO: [ app_init ] --END-- [ RunTime:0.001029s ]
INFO: [ app_begin ] --START--
INFO: Run Behavior\ReadHtmlCacheBehavior [ RunTime:0.000753s ]
INFO: [ app_begin ] --END-- [ RunTime:0.001326s ]
SQL: SHOW COLUMNS FROM `user` [ RunTime:0.0290s ]
SQL: SELECT * FROM `user` WHERE `username` = 'an' LIMIT 1   [ RunTime:0.0284s ]
SQL: SELECT * FROM `user` WHERE `username` = 'an' AND `password` = 'd72b7b5531b6f3c147a07352645799fa' LIMIT 1   [ RunTime:0.0278s ]

[ 2015-11-19T16:52:06+08:00 ] 127.0.0.1 /index.php/uinfo/GetPass/mac/%7B%5B'1111111','222222222',''dasdasdas11111%5D%7D
INFO: [ app_init ] --START--
INFO: Run Behavior\BuildLiteBehavior [ RunTime:0.000117s ]
INFO: [ app_init ] --END-- [ RunTime:0.001056s ]
INFO: [ app_begin ] --START--
INFO: Run Behavior\ReadHtmlCacheBehavior [ RunTime:0.000826s ]
INFO: [ app_begin ] --END-- [ RunTime:0.001388s ]
SQL: SHOW COLUMNS FROM `hard_relation` [ RunTime:0.0290s ]
NOTIC: [2] Invalid argument supplied for foreach() D:\wamp1\www\tp\Application\Home\models\Muser.class.php 第 99 行.
NOTIC: [2048] Non-static method Home\models\Muser::quchong() should not be called statically D:\wamp1\www\tp\Application\Home\models\Muser.class.php 第 108 行.
NOTIC: [8] Undefined variable: d D:\wamp1\www\tp\Application\Home\models\Muser.class.php 第 136 行.
NOTIC: [2] array_unique() expects parameter 1 to be array, null given D:\wamp1\www\tp\Application\Home\models\Muser.class.php 第 136 行.
NOTIC: [2] Invalid argument supplied for foreach() D:\wamp1\www\tp\Application\Home\models\Muser.class.php 第 138 行.

[ 2015-11-19T16:52:21+08:00 ] 127.0.0.1 /index.php/uinfo/GetPass/mac/%7B%5B11111,2222,aasdda12121%5D%7D
INFO: [ app_init ] --START--
INFO: Run Behavior\BuildLiteBehavior [ RunTime:0.000147s ]
INFO: [ app_init ] --END-- [ RunTime:0.001379s ]
INFO: [ app_begin ] --START--
INFO: Run Behavior\ReadHtmlCacheBehavior [ RunTime:0.000781s ]
INFO: [ app_begin ] --END-- [ RunTime:0.001342s ]
SQL: SHOW COLUMNS FROM `hard_relation` [ RunTime:0.0277s ]
NOTIC: [2] Invalid argument supplied for foreach() D:\wamp1\www\tp\Application\Home\models\Muser.class.php 第 99 行.
NOTIC: [2048] Non-static method Home\models\Muser::quchong() should not be called statically D:\wamp1\www\tp\Application\Home\models\Muser.class.php 第 108 行.
NOTIC: [8] Undefined variable: d D:\wamp1\www\tp\Application\Home\models\Muser.class.php 第 136 行.
NOTIC: [2] array_unique() expects parameter 1 to be array, null given D:\wamp1\www\tp\Application\Home\models\Muser.class.php 第 136 行.
NOTIC: [2] Invalid argument supplied for foreach() D:\wamp1\www\tp\Application\Home\models\Muser.class.php 第 138 行.

[ 2015-11-19T16:52:42+08:00 ] 127.0.0.1 /index.php/uinfo/GetPass/mac/%7B%5B11111,222222222222,aasdda12121%5D%7D
INFO: [ app_init ] --START--
INFO: Run Behavior\BuildLiteBehavior [ RunTime:0.000110s ]
INFO: [ app_init ] --END-- [ RunTime:0.001027s ]
INFO: [ app_begin ] --START--
INFO: Run Behavior\ReadHtmlCacheBehavior [ RunTime:0.001017s ]
INFO: [ app_begin ] --END-- [ RunTime:0.001593s ]
SQL: SHOW COLUMNS FROM `hard_relation` [ RunTime:0.0282s ]
NOTIC: [2] Invalid argument supplied for foreach() D:\wamp1\www\tp\Application\Home\models\Muser.class.php 第 99 行.
NOTIC: [2048] Non-static method Home\models\Muser::quchong() should not be called statically D:\wamp1\www\tp\Application\Home\models\Muser.class.php 第 108 行.
NOTIC: [8] Undefined variable: d D:\wamp1\www\tp\Application\Home\models\Muser.class.php 第 136 行.
NOTIC: [2] array_unique() expects parameter 1 to be array, null given D:\wamp1\www\tp\Application\Home\models\Muser.class.php 第 136 行.
NOTIC: [2] Invalid argument supplied for foreach() D:\wamp1\www\tp\Application\Home\models\Muser.class.php 第 138 行.

[ 2015-11-19T16:52:57+08:00 ] 127.0.0.1 /index.php/uinfo/GetPass/mac/%7B%5B11111,222222222222%5D%7D
INFO: [ app_init ] --START--
INFO: Run Behavior\BuildLiteBehavior [ RunTime:0.000150s ]
INFO: [ app_init ] --END-- [ RunTime:0.001152s ]
INFO: [ app_begin ] --START--
INFO: Run Behavior\ReadHtmlCacheBehavior [ RunTime:0.000804s ]
INFO: [ app_begin ] --END-- [ RunTime:0.001360s ]
SQL: SHOW COLUMNS FROM `hard_relation` [ RunTime:0.0277s ]
NOTIC: [2] Invalid argument supplied for foreach() D:\wamp1\www\tp\Application\Home\models\Muser.class.php 第 99 行.
NOTIC: [2048] Non-static method Home\models\Muser::quchong() should not be called statically D:\wamp1\www\tp\Application\Home\models\Muser.class.php 第 108 行.
NOTIC: [8] Undefined variable: d D:\wamp1\www\tp\Application\Home\models\Muser.class.php 第 136 行.
NOTIC: [2] array_unique() expects parameter 1 to be array, null given D:\wamp1\www\tp\Application\Home\models\Muser.class.php 第 136 行.
NOTIC: [2] Invalid argument supplied for foreach() D:\wamp1\www\tp\Application\Home\models\Muser.class.php 第 138 行.

[ 2015-11-19T16:53:02+08:00 ] 127.0.0.1 /index.php/uinfo/GetPass/mac/%7B%5B111111111111,222222222222%5D%7D
INFO: [ app_init ] --START--
INFO: Run Behavior\BuildLiteBehavior [ RunTime:0.000120s ]
INFO: [ app_init ] --END-- [ RunTime:0.001016s ]
INFO: [ app_begin ] --START--
INFO: Run Behavior\ReadHtmlCacheBehavior [ RunTime:0.000844s ]
INFO: [ app_begin ] --END-- [ RunTime:0.001435s ]
SQL: SHOW COLUMNS FROM `hard_relation` [ RunTime:0.0293s ]
NOTIC: [2] Invalid argument supplied for foreach() D:\wamp1\www\tp\Application\Home\models\Muser.class.php 第 99 行.
NOTIC: [2048] Non-static method Home\models\Muser::quchong() should not be called statically D:\wamp1\www\tp\Application\Home\models\Muser.class.php 第 108 行.
NOTIC: [8] Undefined variable: d D:\wamp1\www\tp\Application\Home\models\Muser.class.php 第 136 行.
NOTIC: [2] array_unique() expects parameter 1 to be array, null given D:\wamp1\www\tp\Application\Home\models\Muser.class.php 第 136 行.
NOTIC: [2] Invalid argument supplied for foreach() D:\wamp1\www\tp\Application\Home\models\Muser.class.php 第 138 行.

[ 2015-11-19T16:53:37+08:00 ] 127.0.0.1 /index.php/uinfo/GetPass/mac/%7B%5B111111111111,222222222222%5D%7D
INFO: [ app_init ] --START--
INFO: Run Behavior\BuildLiteBehavior [ RunTime:0.000165s ]
INFO: [ app_init ] --END-- [ RunTime:0.001603s ]
INFO: [ app_begin ] --START--
INFO: Run Behavior\ReadHtmlCacheBehavior [ RunTime:0.001199s ]
INFO: [ app_begin ] --END-- [ RunTime:0.002041s ]

[ 2015-11-19T16:55:29+08:00 ] 127.0.0.1 /index.php/uinfo/GetPass/mac/%7B%5B111111111111,222222222222%5D%7D
INFO: [ app_init ] --START--
INFO: Run Behavior\BuildLiteBehavior [ RunTime:0.000278s ]
INFO: [ app_init ] --END-- [ RunTime:0.002836s ]
INFO: [ app_begin ] --START--
INFO: Run Behavior\ReadHtmlCacheBehavior [ RunTime:0.001121s ]
INFO: [ app_begin ] --END-- [ RunTime:0.001980s ]

[ 2015-11-19T16:55:34+08:00 ] 127.0.0.1 /index.php/uinfo/GetPass/mac/%5B%22111111111111222222222222%22,%22dasdasdsa%22%5D
INFO: [ app_init ] --START--
INFO: Run Behavior\BuildLiteBehavior [ RunTime:0.000114s ]
INFO: [ app_init ] --END-- [ RunTime:0.001138s ]
INFO: [ app_begin ] --START--
INFO: Run Behavior\ReadHtmlCacheBehavior [ RunTime:0.000818s ]
INFO: [ app_begin ] --END-- [ RunTime:0.001385s ]

[ 2015-11-19T16:55:45+08:00 ] 127.0.0.1 /index.php/uinfo/GetPass/mac/%5B%22111111111111222222222222%22,%22dasdasdsa%22%5D
INFO: [ app_init ] --START--
INFO: Run Behavior\BuildLiteBehavior [ RunTime:0.000226s ]
INFO: [ app_init ] --END-- [ RunTime:0.001701s ]
INFO: [ app_begin ] --START--
INFO: Run Behavior\ReadHtmlCacheBehavior [ RunTime:0.001510s ]
INFO: [ app_begin ] --END-- [ RunTime:0.002488s ]

[ 2015-11-19T16:55:50+08:00 ] 127.0.0.1 /index.php/uinfo/GetPass/mac/%5B%22111111111111222222222222%22,%22dasdasdsa%22%5D
INFO: [ app_init ] --START--
INFO: Run Behavior\BuildLiteBehavior [ RunTime:0.000249s ]
INFO: [ app_init ] --END-- [ RunTime:0.002553s ]
INFO: [ app_begin ] --START--
INFO: Run Behavior\ReadHtmlCacheBehavior [ RunTime:0.001644s ]
INFO: [ app_begin ] --END-- [ RunTime:0.002754s ]

[ 2015-11-19T16:56:06+08:00 ] 127.0.0.1 /index.php/uinfo/GetPass?mac=[%22111111111111222222222222%22,%22dasdasdsa%22]
INFO: [ app_init ] --START--
INFO: Run Behavior\BuildLiteBehavior [ RunTime:0.000115s ]
INFO: [ app_init ] --END-- [ RunTime:0.001089s ]
INFO: [ app_begin ] --START--
INFO: Run Behavior\ReadHtmlCacheBehavior [ RunTime:0.000847s ]
INFO: [ app_begin ] --END-- [ RunTime:0.001418s ]

[ 2015-11-19T16:56:31+08:00 ] 127.0.0.1 /index.php?uinfo/GetPass?mac=[%22111111111111222222222222%22,%22dasdasdsa%22]
INFO: [ app_init ] --START--
INFO: Run Behavior\BuildLiteBehavior [ RunTime:0.000116s ]
INFO: [ app_init ] --END-- [ RunTime:0.001165s ]
INFO: [ app_begin ] --START--
INFO: Run Behavior\ReadHtmlCacheBehavior [ RunTime:0.000812s ]
INFO: [ app_begin ] --END-- [ RunTime:0.001380s ]
INFO: [ view_parse ] --START--
INFO: Run Behavior\ParseTemplateBehavior [ RunTime:0.010566s ]
INFO: [ view_parse ] --END-- [ RunTime:0.011151s ]
INFO: [ view_filter ] --START--
INFO: Run Behavior\WriteHtmlCacheBehavior [ RunTime:0.002697s ]
INFO: [ view_filter ] --END-- [ RunTime:0.003244s ]

[ 2015-11-19T16:56:34+08:00 ] 127.0.0.1 /index.php?uinfo/GetPass?mac=[%22111111111111222222222222%22,%22dasdasdsa%22]
INFO: [ app_init ] --START--
INFO: Run Behavior\BuildLiteBehavior [ RunTime:0.000114s ]
INFO: [ app_init ] --END-- [ RunTime:0.001098s ]
INFO: [ app_begin ] --START--
INFO: Run Behavior\ReadHtmlCacheBehavior [ RunTime:0.000801s ]
INFO: [ app_begin ] --END-- [ RunTime:0.001388s ]
INFO: [ view_parse ] --START--
INFO: Run Behavior\ParseTemplateBehavior [ RunTime:0.001022s ]
INFO: [ view_parse ] --END-- [ RunTime:0.001602s ]
INFO: [ view_filter ] --START--
INFO: Run Behavior\WriteHtmlCacheBehavior [ RunTime:0.000557s ]
INFO: [ view_filter ] --END-- [ RunTime:0.001106s ]

[ 2015-11-19T16:56:40+08:00 ] 127.0.0.1 /index.php/uinfo/GetPass?mac=[%22111111111111222222222222%22,%22dasdasdsa%22]
INFO: [ app_init ] --START--
INFO: Run Behavior\BuildLiteBehavior [ RunTime:0.000111s ]
INFO: [ app_init ] --END-- [ RunTime:0.001077s ]
INFO: [ app_begin ] --START--
INFO: Run Behavior\ReadHtmlCacheBehavior [ RunTime:0.000745s ]
INFO: [ app_begin ] --END-- [ RunTime:0.001331s ]

[ 2015-11-19T16:57:05+08:00 ] 127.0.0.1 /index.php/uinfo/GetPass?mac=%27[%22111111111111222222222222%22,%22dasdasdsa%22]%27
INFO: [ app_init ] --START--
INFO: Run Behavior\BuildLiteBehavior [ RunTime:0.000114s ]
INFO: [ app_init ] --END-- [ RunTime:0.001030s ]
INFO: [ app_begin ] --START--
INFO: Run Behavior\ReadHtmlCacheBehavior [ RunTime:0.000822s ]
INFO: [ app_begin ] --END-- [ RunTime:0.001506s ]

[ 2015-11-19T16:57:10+08:00 ] 127.0.0.1 /index.php/uinfo/GetPass?mac=[%22111111111111222222222222%22,%22dasdasdsa%22]
INFO: [ app_init ] --START--
INFO: Run Behavior\BuildLiteBehavior [ RunTime:0.000113s ]
INFO: [ app_init ] --END-- [ RunTime:0.001024s ]
INFO: [ app_begin ] --START--
INFO: Run Behavior\ReadHtmlCacheBehavior [ RunTime:0.000880s ]
INFO: [ app_begin ] --END-- [ RunTime:0.001456s ]

[ 2015-11-19T16:57:26+08:00 ] 127.0.0.1 /index.php/uinfo/GetPass?mac=[%22111111111111%22,%22222222222222%22,%22dasdasdsa%22]
INFO: [ app_init ] --START--
INFO: Run Behavior\BuildLiteBehavior [ RunTime:0.000130s ]
INFO: [ app_init ] --END-- [ RunTime:0.001208s ]
INFO: [ app_begin ] --START--
INFO: Run Behavior\ReadHtmlCacheBehavior [ RunTime:0.000799s ]
INFO: [ app_begin ] --END-- [ RunTime:0.001366s ]

[ 2015-11-19T16:57:36+08:00 ] 127.0.0.1 /index.php/uinfo/GetPass?mac=[%22111111111111%22,%22222222222222%22,%22dasdasdsa%22]
INFO: [ app_init ] --START--
INFO: Run Behavior\BuildLiteBehavior [ RunTime:0.000248s ]
INFO: [ app_init ] --END-- [ RunTime:0.003036s ]
INFO: [ app_begin ] --START--
INFO: Run Behavior\ReadHtmlCacheBehavior [ RunTime:0.001089s ]
INFO: [ app_begin ] --END-- [ RunTime:0.001836s ]

[ 2015-11-19T16:57:55+08:00 ] 127.0.0.1 /index.php/uinfo/GetPass?mac=[%22111111111111%22,%22222222222222%22,%22dasdasdsa%22]
INFO: [ app_init ] --START--
INFO: Run Behavior\BuildLiteBehavior [ RunTime:0.000113s ]
INFO: [ app_init ] --END-- [ RunTime:0.001041s ]
INFO: [ app_begin ] --START--
INFO: Run Behavior\ReadHtmlCacheBehavior [ RunTime:0.000794s ]
INFO: [ app_begin ] --END-- [ RunTime:0.001369s ]

[ 2015-11-19T16:58:06+08:00 ] 127.0.0.1 /index.php/uinfo/GetPass?mac=[%22111111111111%22,%22222222222222%22,%22dasdasdsa%22]
INFO: [ app_init ] --START--
INFO: Run Behavior\BuildLiteBehavior [ RunTime:0.000217s ]
INFO: [ app_init ] --END-- [ RunTime:0.002229s ]
INFO: [ app_begin ] --START--
INFO: Run Behavior\ReadHtmlCacheBehavior [ RunTime:0.001602s ]
INFO: [ app_begin ] --END-- [ RunTime:0.002785s ]

[ 2015-11-19T16:58:47+08:00 ] 127.0.0.1 /index.php/uinfo/GetPass?mac=[%22111111111111%22,%22222222222222%22,%22dasdasdsa%22]
INFO: [ app_init ] --START--
INFO: Run Behavior\BuildLiteBehavior [ RunTime:0.000112s ]
INFO: [ app_init ] --END-- [ RunTime:0.001033s ]
INFO: [ app_begin ] --START--
INFO: Run Behavior\ReadHtmlCacheBehavior [ RunTime:0.000881s ]
INFO: [ app_begin ] --END-- [ RunTime:0.001460s ]

[ 2015-11-19T16:58:53+08:00 ] 127.0.0.1 /index.php/uinfo/GetPass?mac=[111111111,22222222222,3333333333333,%22dasdasdas%22]
INFO: [ app_init ] --START--
INFO: Run Behavior\BuildLiteBehavior [ RunTime:0.000178s ]
INFO: [ app_init ] --END-- [ RunTime:0.001398s ]
INFO: [ app_begin ] --START--
INFO: Run Behavior\ReadHtmlCacheBehavior [ RunTime:0.000806s ]
INFO: [ app_begin ] --END-- [ RunTime:0.001374s ]

[ 2015-11-19T16:58:55+08:00 ] 127.0.0.1 /index.php/uinfo/GetPass?mac=[111111111,22222222222,3333333333333,%22dasdasdas%22]
INFO: [ app_init ] --START--
INFO: Run Behavior\BuildLiteBehavior [ RunTime:0.000114s ]
INFO: [ app_init ] --END-- [ RunTime:0.001045s ]
INFO: [ app_begin ] --START--
INFO: Run Behavior\ReadHtmlCacheBehavior [ RunTime:0.000807s ]
INFO: [ app_begin ] --END-- [ RunTime:0.001415s ]

[ 2015-11-19T17:00:52+08:00 ] 127.0.0.1 /index.php/uinfo/GetPass?mac=[111111111,22222222222,3333333333333,%22dasdasdas%22]&uid=19
INFO: [ app_init ] --START--
INFO: Run Behavior\BuildLiteBehavior [ RunTime:0.000117s ]
INFO: [ app_init ] --END-- [ RunTime:0.001166s ]
INFO: [ app_begin ] --START--
INFO: Run Behavior\ReadHtmlCacheBehavior [ RunTime:0.000781s ]
INFO: [ app_begin ] --END-- [ RunTime:0.001340s ]

[ 2015-11-19T17:01:05+08:00 ] 127.0.0.1 /index.php/uinfo/GetPass?mac=[111111111,22222222222,3333333333333,%22dasdasdas%22]&uid=19
INFO: [ app_init ] --START--
INFO: Run Behavior\BuildLiteBehavior [ RunTime:0.000241s ]
INFO: [ app_init ] --END-- [ RunTime:0.002189s ]
INFO: [ app_begin ] --START--
INFO: Run Behavior\ReadHtmlCacheBehavior [ RunTime:0.001196s ]
INFO: [ app_begin ] --END-- [ RunTime:0.001992s ]
SQL: SHOW COLUMNS FROM `hard_relation` [ RunTime:0.0293s ]
NOTIC: [2] Invalid argument supplied for foreach() D:\wamp1\www\tp\Application\Home\models\Muser.class.php 第 99 行.
NOTIC: [2048] Non-static method Home\models\Muser::quchong() should not be called statically D:\wamp1\www\tp\Application\Home\models\Muser.class.php 第 108 行.
NOTIC: [8] Undefined variable: d D:\wamp1\www\tp\Application\Home\models\Muser.class.php 第 136 行.
NOTIC: [2] array_unique() expects parameter 1 to be array, null given D:\wamp1\www\tp\Application\Home\models\Muser.class.php 第 136 行.
NOTIC: [2] Invalid argument supplied for foreach() D:\wamp1\www\tp\Application\Home\models\Muser.class.php 第 138 行.

[ 2015-11-19T17:01:14+08:00 ] 127.0.0.1 /index.php/uinfo/GetPass?mac=[111111111,22222222222,3333333333333,%222B1A1150A0BB%22]&uid=19
INFO: [ app_init ] --START--
INFO: Run Behavior\BuildLiteBehavior [ RunTime:0.000149s ]
INFO: [ app_init ] --END-- [ RunTime:0.001227s ]
INFO: [ app_begin ] --START--
INFO: Run Behavior\ReadHtmlCacheBehavior [ RunTime:0.000789s ]
INFO: [ app_begin ] --END-- [ RunTime:0.001370s ]
SQL: SHOW COLUMNS FROM `hard_relation` [ RunTime:0.0284s ]
NOTIC: [2] Invalid argument supplied for foreach() D:\wamp1\www\tp\Application\Home\models\Muser.class.php 第 99 行.
NOTIC: [2048] Non-static method Home\models\Muser::quchong() should not be called statically D:\wamp1\www\tp\Application\Home\models\Muser.class.php 第 108 行.
NOTIC: [8] Undefined variable: d D:\wamp1\www\tp\Application\Home\models\Muser.class.php 第 136 行.
NOTIC: [2] array_unique() expects parameter 1 to be array, null given D:\wamp1\www\tp\Application\Home\models\Muser.class.php 第 136 行.
NOTIC: [2] Invalid argument supplied for foreach() D:\wamp1\www\tp\Application\Home\models\Muser.class.php 第 138 行.

[ 2015-11-19T17:01:19+08:00 ] 127.0.0.1 /index.php/uinfo/GetPass?mac=[111111111,22222222222,3333333333333,%222B1A1150A0BB%22]&uid=19
INFO: [ app_init ] --START--
INFO: Run Behavior\BuildLiteBehavior [ RunTime:0.000114s ]
INFO: [ app_init ] --END-- [ RunTime:0.001113s ]
INFO: [ app_begin ] --START--
INFO: Run Behavior\ReadHtmlCacheBehavior [ RunTime:0.000790s ]
INFO: [ app_begin ] --END-- [ RunTime:0.001350s ]
SQL: SHOW COLUMNS FROM `hard_relation` [ RunTime:0.0283s ]
NOTIC: [2] Invalid argument supplied for foreach() D:\wamp1\www\tp\Application\Home\models\Muser.class.php 第 99 行.
NOTIC: [2048] Non-static method Home\models\Muser::quchong() should not be called statically D:\wamp1\www\tp\Application\Home\models\Muser.class.php 第 108 行.
NOTIC: [8] Undefined variable: d D:\wamp1\www\tp\Application\Home\models\Muser.class.php 第 136 行.
NOTIC: [2] array_unique() expects parameter 1 to be array, null given D:\wamp1\www\tp\Application\Home\models\Muser.class.php 第 136 行.
NOTIC: [2] Invalid argument supplied for foreach() D:\wamp1\www\tp\Application\Home\models\Muser.class.php 第 138 行.

[ 2015-11-19T17:17:20+08:00 ] 127.0.0.1 /index.php/uinfo/GetFriend/uid/3
INFO: [ app_init ] --START--
INFO: Run Behavior\BuildLiteBehavior [ RunTime:0.000115s ]
INFO: [ app_init ] --END-- [ RunTime:0.001097s ]
INFO: [ app_begin ] --START--
INFO: Run Behavior\ReadHtmlCacheBehavior [ RunTime:0.000769s ]
INFO: [ app_begin ] --END-- [ RunTime:0.001327s ]
SQL: SHOW COLUMNS FROM `friend` [ RunTime:0.0282s ]
SQL: SELECT * FROM `friend` WHERE `uid` = 3 LIMIT 0,10   [ RunTime:0.0274s ]
SQL: SHOW COLUMNS FROM `user` [ RunTime:0.0323s ]
SQL: SELECT user.name,userinfo.* FROM `user` left JOIN userinfo on user.id=userinfo.uid  WHERE user.id = '7' LIMIT 1   [ RunTime:0.0277s ]

