[ 2016-02-29T13:04:50+08:00 ] 127.0.0.1 /
INFO: [ app_init ] --START--
INFO: Run Behavior\BuildLiteBehavior [ RunTime:0.000139s ]
INFO: [ app_init ] --END-- [ RunTime:0.001626s ]
INFO: [ app_begin ] --START--
INFO: Run Behavior\ReadHtmlCacheBehavior [ RunTime:0.001151s ]
INFO: [ app_begin ] --END-- [ RunTime:0.001768s ]
INFO: [ view_parse ] --START--
INFO: Run Behavior\ParseTemplateBehavior [ RunTime:0.011098s ]
INFO: [ view_parse ] --END-- [ RunTime:0.011759s ]
INFO: [ view_filter ] --START--
INFO: Run Behavior\WriteHtmlCacheBehavior [ RunTime:0.002579s ]
INFO: [ view_filter ] --END-- [ RunTime:0.003200s ]

[ 2016-02-29T13:04:50+08:00 ] 127.0.0.1 /favicon.ico
INFO: [ app_init ] --START--
INFO: Run Behavior\BuildLiteBehavior [ RunTime:0.000113s ]
INFO: [ app_init ] --END-- [ RunTime:0.001041s ]

[ 2016-02-29T13:04:50+08:00 ] 127.0.0.1 /favicon.ico
INFO: [ app_init ] --START--
INFO: Run Behavior\BuildLiteBehavior [ RunTime:0.000121s ]
INFO: [ app_init ] --END-- [ RunTime:0.001110s ]

